----Run 1 for K=36, memory=1024 MB----
Linux 6.1.43-rockchip-rk3588 (orangepi5plus) 	07/07/2025 	_aarch64_	(8 CPU)

# Time        UID       PID    %usr %system  %guest   %wait    %CPU   CPU  minflt/s  majflt/s     VSZ     RSS   %MEM   kB_rd/s   kB_wr/s kB_ccwr/s iodelay  Command
05:39:01 PM  1001     53199   31.00   67.00    0.00    0.00   98.00     4 288558.00      7.00 2147088 1155880   3.55     -1.00     -1.00     -1.00       0  vaultx

# Time        UID       PID    %usr %system  %guest   %wait    %CPU   CPU  minflt/s  majflt/s     VSZ     RSS   %MEM   kB_rd/s   kB_wr/s kB_ccwr/s iodelay  Command
05:39:02 PM  1001     53199   29.00   71.00    0.00    0.00  100.00     4 336891.00      0.00 3120324 2503600   7.69     -1.00     -1.00     -1.00       0  vaultx

# Time        UID       PID    %usr %system  %guest   %wait    %CPU   CPU  minflt/s  majflt/s     VSZ     RSS   %MEM   kB_rd/s   kB_wr/s kB_ccwr/s iodelay  Command
05:39:03 PM  1001     53199   29.00   71.00    0.00    0.00  100.00     4 340527.00      0.00 4103988 3865576  11.88     -1.00     -1.00     -1.00       0  vaultx

# Time        UID       PID    %usr %system  %guest   %wait    %CPU   CPU  minflt/s  majflt/s     VSZ     RSS   %MEM   kB_rd/s   kB_wr/s kB_ccwr/s iodelay  Command
05:39:04 PM  1001     53199   57.00   43.00    0.00    0.00  100.00     4 213716.00      0.00 4721484 4720408  14.50     -1.00     -1.00     -1.00       0  vaultx

# Time        UID       PID    %usr %system  %guest   %wait    %CPU   CPU  minflt/s  majflt/s     VSZ     RSS   %MEM   kB_rd/s   kB_wr/s kB_ccwr/s iodelay  Command
05:39:05 PM  1001     53199  791.00    0.00    0.00    0.00  791.00     4     24.00      0.00 4779276 4720672  14.50     -1.00     -1.00     -1.00       0  vaultx

# Time        UID       PID    %usr %system  %guest   %wait    %CPU   CPU  minflt/s  majflt/s     VSZ     RSS   %MEM   kB_rd/s   kB_wr/s kB_ccwr/s iodelay  Command
05:39:06 PM  1001     53199  799.00    0.00    0.00    0.00  799.00     4      0.00      0.00 4779276 4720672  14.50     -1.00     -1.00     -1.00       0  vaultx

# Time        UID       PID    %usr %system  %guest   %wait    %CPU   CPU  minflt/s  majflt/s     VSZ     RSS   %MEM   kB_rd/s   kB_wr/s kB_ccwr/s iodelay  Command
05:39:07 PM  1001     53199  800.00    1.00    0.00    0.00  801.00     4      0.00      0.00 4779276 4720672  14.50     -1.00     -1.00     -1.00       0  vaultx

# Time        UID       PID    %usr %system  %guest   %wait    %CPU   CPU  minflt/s  majflt/s     VSZ     RSS   %MEM   kB_rd/s   kB_wr/s kB_ccwr/s iodelay  Command
05:39:08 PM  1001     53199  800.00    0.00    0.00    0.00  800.00     4      0.00      0.00 4779276 4720672  14.50     -1.00     -1.00     -1.00       0  vaultx

# Time        UID       PID    %usr %system  %guest   %wait    %CPU   CPU  minflt/s  majflt/s     VSZ     RSS   %MEM   kB_rd/s   kB_wr/s kB_ccwr/s iodelay  Command
05:39:09 PM  1001     53199  798.00    0.00    0.00    0.00  798.00     4      0.00      0.00 4779276 4720672  14.50     -1.00     -1.00     -1.00       0  vaultx

# Time        UID       PID    %usr %system  %guest   %wait    %CPU   CPU  minflt/s  majflt/s     VSZ     RSS   %MEM   kB_rd/s   kB_wr/s kB_ccwr/s iodelay  Command
05:39:10 PM  1001     53199  799.00    0.00    0.00    0.00  799.00     4      0.00      0.00 4779276 4720672  14.50     -1.00     -1.00     -1.00       0  vaultx

# Time        UID       PID    %usr %system  %guest   %wait    %CPU   CPU  minflt/s  majflt/s     VSZ     RSS   %MEM   kB_rd/s   kB_wr/s kB_ccwr/s iodelay  Command
05:39:11 PM  1001     53199  800.00    0.00    0.00    0.00  800.00     4      0.00      0.00 4779276 4720672  14.50     -1.00     -1.00     -1.00       0  vaultx

# Time        UID       PID    %usr %system  %guest   %wait    %CPU   CPU  minflt/s  majflt/s     VSZ     RSS   %MEM   kB_rd/s   kB_wr/s kB_ccwr/s iodelay  Command
05:39:12 PM  1001     53199  800.00    0.00    0.00    0.00  800.00     4      0.00      0.00 4779276 4720672  14.50     -1.00     -1.00     -1.00       0  vaultx

# Time        UID       PID    %usr %system  %guest   %wait    %CPU   CPU  minflt/s  majflt/s     VSZ     RSS   %MEM   kB_rd/s   kB_wr/s kB_ccwr/s iodelay  Command
05:39:13 PM  1001     53199  799.00    0.00    0.00    0.00  799.00     4      0.00      0.00 4779276 4720672  14.50     -1.00     -1.00     -1.00       0  vaultx

# Time        UID       PID    %usr %system  %guest   %wait    %CPU   CPU  minflt/s  majflt/s     VSZ     RSS   %MEM   kB_rd/s   kB_wr/s kB_ccwr/s iodelay  Command
05:39:14 PM  1001     53199  800.00    0.00    0.00    0.00  800.00     4      0.00      0.00 4779276 4720672  14.50     -1.00     -1.00     -1.00       0  vaultx

# Time        UID       PID    %usr %system  %guest   %wait    %CPU   CPU  minflt/s  majflt/s     VSZ     RSS   %MEM   kB_rd/s   kB_wr/s kB_ccwr/s iodelay  Command
05:39:15 PM  1001     53199  800.00    0.00    0.00    0.00  800.00     4      0.00      0.00 4779276 4720672  14.50     -1.00     -1.00     -1.00       0  vaultx

# Time        UID       PID    %usr %system  %guest   %wait    %CPU   CPU  minflt/s  majflt/s     VSZ     RSS   %MEM   kB_rd/s   kB_wr/s kB_ccwr/s iodelay  Command
05:39:16 PM  1001     53199  799.00    0.00    0.00    0.00  799.00     4      0.00      0.00 4779276 4720672  14.50     -1.00     -1.00     -1.00       0  vaultx

# Time        UID       PID    %usr %system  %guest   %wait    %CPU   CPU  minflt/s  majflt/s     VSZ     RSS   %MEM   kB_rd/s   kB_wr/s kB_ccwr/s iodelay  Command
05:39:17 PM  1001     53199  800.00    0.00    0.00    1.00  800.00     4      0.00      0.00 4779276 4720672  14.50     -1.00     -1.00     -1.00       0  vaultx

# Time        UID       PID    %usr %system  %guest   %wait    %CPU   CPU  minflt/s  majflt/s     VSZ     RSS   %MEM   kB_rd/s   kB_wr/s kB_ccwr/s iodelay  Command
05:39:18 PM  1001     53199  800.00    0.00    0.00    0.00  800.00     4      0.00      0.00 4779276 4720672  14.50     -1.00     -1.00     -1.00       0  vaultx

# Time        UID       PID    %usr %system  %guest   %wait    %CPU   CPU  minflt/s  majflt/s     VSZ     RSS   %MEM   kB_rd/s   kB_wr/s kB_ccwr/s iodelay  Command
05:39:19 PM  1001     53199  747.00    0.00    0.00    0.00  747.00     4      0.00      0.00 4779276 4720672  14.50     -1.00     -1.00     -1.00       0  vaultx

# Time        UID       PID    %usr %system  %guest   %wait    %CPU   CPU  minflt/s  majflt/s     VSZ     RSS   %MEM   kB_rd/s   kB_wr/s kB_ccwr/s iodelay  Command
05:39:20 PM  1001     53199  400.00    0.00    0.00    0.00  400.00     4      0.00      0.00 4779276 4720672  14.50     -1.00     -1.00     -1.00       0  vaultx

# Time        UID       PID    %usr %system  %guest   %wait    %CPU   CPU  minflt/s  majflt/s     VSZ     RSS   %MEM   kB_rd/s   kB_wr/s kB_ccwr/s iodelay  Command
05:39:21 PM  1001     53199  400.00    0.00    0.00    0.00  400.00     4      0.00      0.00 4779276 4720672  14.50     -1.00     -1.00     -1.00       0  vaultx

# Time        UID       PID    %usr %system  %guest   %wait    %CPU   CPU  minflt/s  majflt/s     VSZ     RSS   %MEM   kB_rd/s   kB_wr/s kB_ccwr/s iodelay  Command
05:39:22 PM  1001     53199  400.00    0.00    0.00    0.00  400.00     4      0.00      0.00 4779276 4720672  14.50     -1.00     -1.00     -1.00       0  vaultx

# Time        UID       PID    %usr %system  %guest   %wait    %CPU   CPU  minflt/s  majflt/s     VSZ     RSS   %MEM   kB_rd/s   kB_wr/s kB_ccwr/s iodelay  Command
05:39:23 PM  1001     53199  400.00    0.00    0.00    0.00  400.00     4      0.00      0.00 4779276 4720672  14.50     -1.00     -1.00     -1.00       0  vaultx

# Time        UID       PID    %usr %system  %guest   %wait    %CPU   CPU  minflt/s  majflt/s     VSZ     RSS   %MEM   kB_rd/s   kB_wr/s kB_ccwr/s iodelay  Command
----Run 2 for K=36, memory=1024 MB----
Linux 6.1.43-rockchip-rk3588 (orangepi5plus) 	07/07/2025 	_aarch64_	(8 CPU)

# Time        UID       PID    %usr %system  %guest   %wait    %CPU   CPU  minflt/s  majflt/s     VSZ     RSS   %MEM   kB_rd/s   kB_wr/s kB_ccwr/s iodelay  Command
05:39:25 PM  1001     53215   34.00   65.00    0.00    0.00   99.00     4 295422.00      7.00 2166888 1183324   3.64     -1.00     -1.00     -1.00       0  vaultx

# Time        UID       PID    %usr %system  %guest   %wait    %CPU   CPU  minflt/s  majflt/s     VSZ     RSS   %MEM   kB_rd/s   kB_wr/s kB_ccwr/s iodelay  Command
05:39:26 PM  1001     53215   28.00   72.00    0.00    0.00  100.00     4 335966.00      0.00 3137484 2527348   7.76     -1.00     -1.00     -1.00       0  vaultx

# Time        UID       PID    %usr %system  %guest   %wait    %CPU   CPU  minflt/s  majflt/s     VSZ     RSS   %MEM   kB_rd/s   kB_wr/s kB_ccwr/s iodelay  Command
05:39:27 PM  1001     53215   31.00   69.00    0.00    0.00  100.00     4 339626.00      0.00 4118640 3885892  11.94     -1.00     -1.00     -1.00       0  vaultx

# Time        UID       PID    %usr %system  %guest   %wait    %CPU   CPU  minflt/s  majflt/s     VSZ     RSS   %MEM   kB_rd/s   kB_wr/s kB_ccwr/s iodelay  Command
05:39:28 PM  1001     53215  130.00   42.00    0.00    0.00  172.00     4 208702.00      0.00 4779276 4720660  14.50     -1.00     -1.00     -1.00       0  vaultx

# Time        UID       PID    %usr %system  %guest   %wait    %CPU   CPU  minflt/s  majflt/s     VSZ     RSS   %MEM   kB_rd/s   kB_wr/s kB_ccwr/s iodelay  Command
05:39:29 PM  1001     53215  799.00    0.00    0.00    0.00  799.00     4      0.00      0.00 4779276 4720660  14.50     -1.00     -1.00     -1.00       0  vaultx

# Time        UID       PID    %usr %system  %guest   %wait    %CPU   CPU  minflt/s  majflt/s     VSZ     RSS   %MEM   kB_rd/s   kB_wr/s kB_ccwr/s iodelay  Command
05:39:30 PM  1001     53215  799.00    0.00    0.00    0.00  799.00     4      0.00      0.00 4779276 4720660  14.50     -1.00     -1.00     -1.00       0  vaultx

# Time        UID       PID    %usr %system  %guest   %wait    %CPU   CPU  minflt/s  majflt/s     VSZ     RSS   %MEM   kB_rd/s   kB_wr/s kB_ccwr/s iodelay  Command
05:39:31 PM  1001     53215  800.00    0.00    0.00    0.00  800.00     4      0.00      0.00 4779276 4720660  14.50     -1.00     -1.00     -1.00       0  vaultx

# Time        UID       PID    %usr %system  %guest   %wait    %CPU   CPU  minflt/s  majflt/s     VSZ     RSS   %MEM   kB_rd/s   kB_wr/s kB_ccwr/s iodelay  Command
05:39:32 PM  1001     53215  800.00    0.00    0.00    0.00  800.00     4      0.00      0.00 4779276 4720660  14.50     -1.00     -1.00     -1.00       0  vaultx

# Time        UID       PID    %usr %system  %guest   %wait    %CPU   CPU  minflt/s  majflt/s     VSZ     RSS   %MEM   kB_rd/s   kB_wr/s kB_ccwr/s iodelay  Command
05:39:33 PM  1001     53215  799.00    0.00    0.00    0.00  799.00     4      0.00      0.00 4779276 4720660  14.50     -1.00     -1.00     -1.00       0  vaultx

# Time        UID       PID    %usr %system  %guest   %wait    %CPU   CPU  minflt/s  majflt/s     VSZ     RSS   %MEM   kB_rd/s   kB_wr/s kB_ccwr/s iodelay  Command
05:39:34 PM  1001     53215  800.00    0.00    0.00    0.00  800.00     4      0.00      0.00 4779276 4720660  14.50     -1.00     -1.00     -1.00       0  vaultx

# Time        UID       PID    %usr %system  %guest   %wait    %CPU   CPU  minflt/s  majflt/s     VSZ     RSS   %MEM   kB_rd/s   kB_wr/s kB_ccwr/s iodelay  Command
05:39:35 PM  1001     53215  800.00    0.00    0.00    0.00  800.00     4      0.00      0.00 4779276 4720660  14.50     -1.00     -1.00     -1.00       0  vaultx

# Time        UID       PID    %usr %system  %guest   %wait    %CPU   CPU  minflt/s  majflt/s     VSZ     RSS   %MEM   kB_rd/s   kB_wr/s kB_ccwr/s iodelay  Command
05:39:36 PM  1001     53215  799.00    0.00    0.00    0.00  799.00     4      0.00      0.00 4779276 4720660  14.50     -1.00     -1.00     -1.00       0  vaultx

# Time        UID       PID    %usr %system  %guest   %wait    %CPU   CPU  minflt/s  majflt/s     VSZ     RSS   %MEM   kB_rd/s   kB_wr/s kB_ccwr/s iodelay  Command
05:39:37 PM  1001     53215  800.00    0.00    0.00    0.00  800.00     4      0.00      0.00 4779276 4720660  14.50     -1.00     -1.00     -1.00       0  vaultx

# Time        UID       PID    %usr %system  %guest   %wait    %CPU   CPU  minflt/s  majflt/s     VSZ     RSS   %MEM   kB_rd/s   kB_wr/s kB_ccwr/s iodelay  Command
05:39:38 PM  1001     53215  800.00    0.00    0.00    0.00  800.00     4      0.00      0.00 4779276 4720660  14.50     -1.00     -1.00     -1.00       0  vaultx

# Time        UID       PID    %usr %system  %guest   %wait    %CPU   CPU  minflt/s  majflt/s     VSZ     RSS   %MEM   kB_rd/s   kB_wr/s kB_ccwr/s iodelay  Command
05:39:39 PM  1001     53215  799.00    0.00    0.00    0.00  799.00     4      0.00      0.00 4779276 4720660  14.50     -1.00     -1.00     -1.00       0  vaultx

# Time        UID       PID    %usr %system  %guest   %wait    %CPU   CPU  minflt/s  majflt/s     VSZ     RSS   %MEM   kB_rd/s   kB_wr/s kB_ccwr/s iodelay  Command
05:39:40 PM  1001     53215  800.00    0.00    0.00    0.00  800.00     4      0.00      0.00 4779276 4720660  14.50     -1.00     -1.00     -1.00       0  vaultx

# Time        UID       PID    %usr %system  %guest   %wait    %CPU   CPU  minflt/s  majflt/s     VSZ     RSS   %MEM   kB_rd/s   kB_wr/s kB_ccwr/s iodelay  Command
05:39:41 PM  1001     53215  799.00    0.00    0.00    0.00  799.00     4      0.00      0.00 4779276 4720660  14.50     -1.00     -1.00     -1.00       0  vaultx

# Time        UID       PID    %usr %system  %guest   %wait    %CPU   CPU  minflt/s  majflt/s     VSZ     RSS   %MEM   kB_rd/s   kB_wr/s kB_ccwr/s iodelay  Command
05:39:42 PM  1001     53215  800.00    0.00    0.00    1.00  800.00     4      0.00      0.00 4779276 4720660  14.50     -1.00     -1.00     -1.00       0  vaultx

# Time        UID       PID    %usr %system  %guest   %wait    %CPU   CPU  minflt/s  majflt/s     VSZ     RSS   %MEM   kB_rd/s   kB_wr/s kB_ccwr/s iodelay  Command
05:39:43 PM  1001     53215  800.00    0.00    0.00    0.00  800.00     4      0.00      0.00 4779276 4720660  14.50     -1.00     -1.00     -1.00       0  vaultx

# Time        UID       PID    %usr %system  %guest   %wait    %CPU   CPU  minflt/s  majflt/s     VSZ     RSS   %MEM   kB_rd/s   kB_wr/s kB_ccwr/s iodelay  Command
05:39:44 PM  1001     53215  424.00    0.00    0.00    0.00  424.00     4      0.00      0.00 4779276 4720660  14.50     -1.00     -1.00     -1.00       0  vaultx

# Time        UID       PID    %usr %system  %guest   %wait    %CPU   CPU  minflt/s  majflt/s     VSZ     RSS   %MEM   kB_rd/s   kB_wr/s kB_ccwr/s iodelay  Command
05:39:45 PM  1001     53215  396.04    0.00    0.00    0.00  396.04     4      0.00      0.00 4779276 4720660  14.50     -1.00     -1.00     -1.00       0  vaultx

# Time        UID       PID    %usr %system  %guest   %wait    %CPU   CPU  minflt/s  majflt/s     VSZ     RSS   %MEM   kB_rd/s   kB_wr/s kB_ccwr/s iodelay  Command
05:39:46 PM  1001     53215  400.00    0.00    0.00    0.00  400.00     4      0.00      0.00 4779276 4720660  14.50     -1.00     -1.00     -1.00       0  vaultx

# Time        UID       PID    %usr %system  %guest   %wait    %CPU   CPU  minflt/s  majflt/s     VSZ     RSS   %MEM   kB_rd/s   kB_wr/s kB_ccwr/s iodelay  Command
05:39:47 PM  1001     53215  400.00    0.00    0.00    0.00  400.00     4      0.00      0.00 4779276 4720660  14.50     -1.00     -1.00     -1.00       0  vaultx

# Time        UID       PID    %usr %system  %guest   %wait    %CPU   CPU  minflt/s  majflt/s     VSZ     RSS   %MEM   kB_rd/s   kB_wr/s kB_ccwr/s iodelay  Command
05:39:48 PM  1001     53215  371.00    6.00    0.00    0.00  377.00     4      2.00      0.00       0       0   0.00     -1.00     -1.00     -1.00       0  vaultx
----Run 3 for K=36, memory=1024 MB----
Linux 6.1.43-rockchip-rk3588 (orangepi5plus) 	07/07/2025 	_aarch64_	(8 CPU)

# Time        UID       PID    %usr %system  %guest   %wait    %CPU   CPU  minflt/s  majflt/s     VSZ     RSS   %MEM   kB_rd/s   kB_wr/s kB_ccwr/s iodelay  Command

# Time        UID       PID    %usr %system  %guest   %wait    %CPU   CPU  minflt/s  majflt/s     VSZ     RSS   %MEM   kB_rd/s   kB_wr/s kB_ccwr/s iodelay  Command
05:39:50 PM  1001     53231   29.00   69.00    0.00    0.00   98.00     4 322537.00      7.00 2245164 1291840   3.97     -1.00     -1.00     -1.00       0  vaultx

# Time        UID       PID    %usr %system  %guest   %wait    %CPU   CPU  minflt/s  majflt/s     VSZ     RSS   %MEM   kB_rd/s   kB_wr/s kB_ccwr/s iodelay  Command
05:39:51 PM  1001     53231   25.00   75.00    0.00    0.00  100.00     4 336139.00      0.00 3216288 2636392   8.10     -1.00     -1.00     -1.00       0  vaultx

# Time        UID       PID    %usr %system  %guest   %wait    %CPU   CPU  minflt/s  majflt/s     VSZ     RSS   %MEM   kB_rd/s   kB_wr/s kB_ccwr/s iodelay  Command
05:39:52 PM  1001     53231   32.00   69.00    0.00    0.00  101.00     4 340006.00      0.00 4198500 3996520  12.28     -1.00     -1.00     -1.00       0  vaultx

# Time        UID       PID    %usr %system  %guest   %wait    %CPU   CPU  minflt/s  majflt/s     VSZ     RSS   %MEM   kB_rd/s   kB_wr/s kB_ccwr/s iodelay  Command
05:39:53 PM  1001     53231  115.00   34.00    0.00    0.00  149.00     4 181034.00      0.00 4779276 4720672  14.50     -1.00     -1.00     -1.00       0  vaultx

# Time        UID       PID    %usr %system  %guest   %wait    %CPU   CPU  minflt/s  majflt/s     VSZ     RSS   %MEM   kB_rd/s   kB_wr/s kB_ccwr/s iodelay  Command
05:39:54 PM  1001     53231  800.00    1.00    0.00    0.00  801.00     4      0.00      0.00 4779276 4720672  14.50     -1.00     -1.00     -1.00       0  vaultx

# Time        UID       PID    %usr %system  %guest   %wait    %CPU   CPU  minflt/s  majflt/s     VSZ     RSS   %MEM   kB_rd/s   kB_wr/s kB_ccwr/s iodelay  Command
05:39:55 PM  1001     53231  799.00    0.00    0.00    0.00  799.00     4      0.00      0.00 4779276 4720672  14.50     -1.00     -1.00     -1.00       0  vaultx

# Time        UID       PID    %usr %system  %guest   %wait    %CPU   CPU  minflt/s  majflt/s     VSZ     RSS   %MEM   kB_rd/s   kB_wr/s kB_ccwr/s iodelay  Command
05:39:56 PM  1001     53231  800.00    0.00    0.00    0.00  800.00     4      0.00      0.00 4779276 4720672  14.50     -1.00     -1.00     -1.00       0  vaultx

# Time        UID       PID    %usr %system  %guest   %wait    %CPU   CPU  minflt/s  majflt/s     VSZ     RSS   %MEM   kB_rd/s   kB_wr/s kB_ccwr/s iodelay  Command
05:39:57 PM  1001     53231  799.00    0.00    0.00    0.00  799.00     4      0.00      0.00 4779276 4720672  14.50     -1.00     -1.00     -1.00       0  vaultx

# Time        UID       PID    %usr %system  %guest   %wait    %CPU   CPU  minflt/s  majflt/s     VSZ     RSS   %MEM   kB_rd/s   kB_wr/s kB_ccwr/s iodelay  Command
05:39:58 PM  1001     53231  800.00    0.00    0.00    0.00  800.00     4      0.00      0.00 4779276 4720672  14.50     -1.00     -1.00     -1.00       0  vaultx

# Time        UID       PID    %usr %system  %guest   %wait    %CPU   CPU  minflt/s  majflt/s     VSZ     RSS   %MEM   kB_rd/s   kB_wr/s kB_ccwr/s iodelay  Command
05:39:59 PM  1001     53231  800.00    0.00    0.00    0.00  800.00     4      0.00      0.00 4779276 4720672  14.50     -1.00     -1.00     -1.00       0  vaultx

# Time        UID       PID    %usr %system  %guest   %wait    %CPU   CPU  minflt/s  majflt/s     VSZ     RSS   %MEM   kB_rd/s   kB_wr/s kB_ccwr/s iodelay  Command
05:40:00 PM  1001     53231  799.00    0.00    0.00    0.00  799.00     4      0.00      0.00 4779276 4720672  14.50     -1.00     -1.00     -1.00       0  vaultx

# Time        UID       PID    %usr %system  %guest   %wait    %CPU   CPU  minflt/s  majflt/s     VSZ     RSS   %MEM   kB_rd/s   kB_wr/s kB_ccwr/s iodelay  Command
05:40:01 PM  1001     53231  798.00    1.00    0.00    0.00  799.00     4      0.00      0.00 4779276 4720672  14.50     -1.00     -1.00     -1.00       0  vaultx

# Time        UID       PID    %usr %system  %guest   %wait    %CPU   CPU  minflt/s  majflt/s     VSZ     RSS   %MEM   kB_rd/s   kB_wr/s kB_ccwr/s iodelay  Command
05:40:02 PM  1001     53231  799.00    0.00    0.00    0.00  799.00     4      0.00      0.00 4779276 4720672  14.50     -1.00     -1.00     -1.00       0  vaultx

# Time        UID       PID    %usr %system  %guest   %wait    %CPU   CPU  minflt/s  majflt/s     VSZ     RSS   %MEM   kB_rd/s   kB_wr/s kB_ccwr/s iodelay  Command
05:40:03 PM  1001     53231  800.00    0.00    0.00    0.00  800.00     4      0.00      0.00 4779276 4720672  14.50     -1.00     -1.00     -1.00       0  vaultx

# Time        UID       PID    %usr %system  %guest   %wait    %CPU   CPU  minflt/s  majflt/s     VSZ     RSS   %MEM   kB_rd/s   kB_wr/s kB_ccwr/s iodelay  Command
05:40:04 PM  1001     53231  800.00    0.00    0.00    0.00  800.00     4      0.00      0.00 4779276 4720672  14.50     -1.00     -1.00     -1.00       0  vaultx

# Time        UID       PID    %usr %system  %guest   %wait    %CPU   CPU  minflt/s  majflt/s     VSZ     RSS   %MEM   kB_rd/s   kB_wr/s kB_ccwr/s iodelay  Command
05:40:05 PM  1001     53231  799.00    0.00    0.00    1.00  799.00     4      0.00      0.00 4779276 4720672  14.50     -1.00     -1.00     -1.00       0  vaultx

# Time        UID       PID    %usr %system  %guest   %wait    %CPU   CPU  minflt/s  majflt/s     VSZ     RSS   %MEM   kB_rd/s   kB_wr/s kB_ccwr/s iodelay  Command
05:40:06 PM  1001     53231  800.00    0.00    0.00    0.00  800.00     4      0.00      0.00 4779276 4720672  14.50     -1.00     -1.00     -1.00       0  vaultx

# Time        UID       PID    %usr %system  %guest   %wait    %CPU   CPU  minflt/s  majflt/s     VSZ     RSS   %MEM   kB_rd/s   kB_wr/s kB_ccwr/s iodelay  Command
05:40:07 PM  1001     53231  799.00    0.00    0.00    0.00  799.00     4      0.00      0.00 4779276 4720672  14.50     -1.00     -1.00     -1.00       0  vaultx

# Time        UID       PID    %usr %system  %guest   %wait    %CPU   CPU  minflt/s  majflt/s     VSZ     RSS   %MEM   kB_rd/s   kB_wr/s kB_ccwr/s iodelay  Command
05:40:08 PM  1001     53231  800.00    0.00    0.00    0.00  800.00     4      0.00      0.00 4779276 4720672  14.50     -1.00     -1.00     -1.00       0  vaultx

# Time        UID       PID    %usr %system  %guest   %wait    %CPU   CPU  minflt/s  majflt/s     VSZ     RSS   %MEM   kB_rd/s   kB_wr/s kB_ccwr/s iodelay  Command
05:40:09 PM  1001     53231  440.00    0.00    0.00    0.00  440.00     4      0.00      0.00 4779276 4720672  14.50     -1.00     -1.00     -1.00       0  vaultx

# Time        UID       PID    %usr %system  %guest   %wait    %CPU   CPU  minflt/s  majflt/s     VSZ     RSS   %MEM   kB_rd/s   kB_wr/s kB_ccwr/s iodelay  Command
05:40:10 PM  1001     53231  400.00    0.00    0.00    0.00  400.00     4      0.00      0.00 4779276 4720672  14.50     -1.00     -1.00     -1.00       0  vaultx

# Time        UID       PID    %usr %system  %guest   %wait    %CPU   CPU  minflt/s  majflt/s     VSZ     RSS   %MEM   kB_rd/s   kB_wr/s kB_ccwr/s iodelay  Command
05:40:11 PM  1001     53231  399.00    0.00    0.00    0.00  399.00     4      0.00      0.00 4779276 4720672  14.50     -1.00     -1.00     -1.00       0  vaultx

# Time        UID       PID    %usr %system  %guest   %wait    %CPU   CPU  minflt/s  majflt/s     VSZ     RSS   %MEM   kB_rd/s   kB_wr/s kB_ccwr/s iodelay  Command
05:40:12 PM  1001     53231  400.00    0.00    0.00    0.00  400.00     4      0.00      0.00 4779276 4720672  14.50     -1.00     -1.00     -1.00       0  vaultx

# Time        UID       PID    %usr %system  %guest   %wait    %CPU   CPU  minflt/s  majflt/s     VSZ     RSS   %MEM   kB_rd/s   kB_wr/s kB_ccwr/s iodelay  Command
05:40:13 PM  1001     53231  400.00    0.00    0.00    0.00  400.00     4      0.00      0.00 4779276 4720672  14.50     -1.00     -1.00     -1.00       0  vaultx

# Time        UID       PID    %usr %system  %guest   %wait    %CPU   CPU  minflt/s  majflt/s     VSZ     RSS   %MEM   kB_rd/s   kB_wr/s kB_ccwr/s iodelay  Command
