----Run 1 for K=36, memory=2048 MB----
Linux 6.1.43-rockchip-rk3588 (orangepi5plus) 	07/07/2025 	_aarch64_	(8 CPU)

# Time        UID       PID    %usr %system  %guest   %wait    %CPU   CPU  minflt/s  majflt/s     VSZ     RSS   %MEM   kB_rd/s   kB_wr/s kB_ccwr/s iodelay  Command
05:40:14 PM  1001     53249   21.00   78.00    0.00    0.00   99.00     4 361753.00      0.00 2527248 1448920   4.45     -1.00     -1.00     -1.00       0  vaultx

# Time        UID       PID    %usr %system  %guest   %wait    %CPU   CPU  minflt/s  majflt/s     VSZ     RSS   %MEM   kB_rd/s   kB_wr/s kB_ccwr/s iodelay  Command
05:40:15 PM  1001     53249   21.00   78.00    0.00    0.00   99.00     4 377662.00      0.00 3794184 2959528   9.09     -1.00     -1.00     -1.00       0  vaultx

# Time        UID       PID    %usr %system  %guest   %wait    %CPU   CPU  minflt/s  majflt/s     VSZ     RSS   %MEM   kB_rd/s   kB_wr/s kB_ccwr/s iodelay  Command
05:40:16 PM  1001     53249   25.00   75.00    0.00    0.00  100.00     4 382199.00      0.00 5076432 4488352  13.79     -1.00     -1.00     -1.00       0  vaultx

# Time        UID       PID    %usr %system  %guest   %wait    %CPU   CPU  minflt/s  majflt/s     VSZ     RSS   %MEM   kB_rd/s   kB_wr/s kB_ccwr/s iodelay  Command
05:40:17 PM  1001     53249   21.00   79.00    0.00    0.00  100.00     4 383418.00      0.00 6362640 6021928  18.50     -1.00     -1.00     -1.00       0  vaultx

# Time        UID       PID    %usr %system  %guest   %wait    %CPU   CPU  minflt/s  majflt/s     VSZ     RSS   %MEM   kB_rd/s   kB_wr/s kB_ccwr/s iodelay  Command
05:40:18 PM  1001     53249   22.00   78.00    0.00    0.00  100.00     4 384191.00      0.00 7651620 7558936  23.22     -1.00     -1.00     -1.00       0  vaultx

# Time        UID       PID    %usr %system  %guest   %wait    %CPU   CPU  minflt/s  majflt/s     VSZ     RSS   %MEM   kB_rd/s   kB_wr/s kB_ccwr/s iodelay  Command
05:40:19 PM  1001     53249  380.00   28.00    0.00    0.00  408.00     4 142417.00      0.00 8187120 8128384  24.97     -1.00     -1.00     -1.00       0  vaultx

# Time        UID       PID    %usr %system  %guest   %wait    %CPU   CPU  minflt/s  majflt/s     VSZ     RSS   %MEM   kB_rd/s   kB_wr/s kB_ccwr/s iodelay  Command
05:40:20 PM  1001     53249  799.00    0.00    0.00    0.00  799.00     4      0.00      0.00 8187120 8128384  24.97     -1.00     -1.00     -1.00       0  vaultx

# Time        UID       PID    %usr %system  %guest   %wait    %CPU   CPU  minflt/s  majflt/s     VSZ     RSS   %MEM   kB_rd/s   kB_wr/s kB_ccwr/s iodelay  Command
05:40:21 PM  1001     53249  800.00    0.00    0.00    0.00  800.00     4      0.00      0.00 8187120 8128384  24.97     -1.00     -1.00     -1.00       0  vaultx

# Time        UID       PID    %usr %system  %guest   %wait    %CPU   CPU  minflt/s  majflt/s     VSZ     RSS   %MEM   kB_rd/s   kB_wr/s kB_ccwr/s iodelay  Command
05:40:22 PM  1001     53249  799.00    0.00    0.00    0.00  799.00     4      0.00      0.00 8187120 8128384  24.97     -1.00     -1.00     -1.00       0  vaultx

# Time        UID       PID    %usr %system  %guest   %wait    %CPU   CPU  minflt/s  majflt/s     VSZ     RSS   %MEM   kB_rd/s   kB_wr/s kB_ccwr/s iodelay  Command
05:40:23 PM  1001     53249  800.00    0.00    0.00    0.00  800.00     4      0.00      0.00 8187120 8128384  24.97     -1.00     -1.00     -1.00       0  vaultx

# Time        UID       PID    %usr %system  %guest   %wait    %CPU   CPU  minflt/s  majflt/s     VSZ     RSS   %MEM   kB_rd/s   kB_wr/s kB_ccwr/s iodelay  Command
05:40:24 PM  1001     53249  800.00    0.00    0.00    0.00  800.00     4      0.00      0.00 8187120 8128384  24.97     -1.00     -1.00     -1.00       0  vaultx

# Time        UID       PID    %usr %system  %guest   %wait    %CPU   CPU  minflt/s  majflt/s     VSZ     RSS   %MEM   kB_rd/s   kB_wr/s kB_ccwr/s iodelay  Command
05:40:25 PM  1001     53249  799.00    0.00    0.00    0.00  799.00     4      0.00      0.00 8187120 8128384  24.97     -1.00     -1.00     -1.00       0  vaultx

# Time        UID       PID    %usr %system  %guest   %wait    %CPU   CPU  minflt/s  majflt/s     VSZ     RSS   %MEM   kB_rd/s   kB_wr/s kB_ccwr/s iodelay  Command
05:40:26 PM  1001     53249  800.00    0.00    0.00    0.00  800.00     4      0.00      0.00 8187120 8128384  24.97     -1.00     -1.00     -1.00       0  vaultx

# Time        UID       PID    %usr %system  %guest   %wait    %CPU   CPU  minflt/s  majflt/s     VSZ     RSS   %MEM   kB_rd/s   kB_wr/s kB_ccwr/s iodelay  Command
05:40:27 PM  1001     53249  799.00    0.00    0.00    0.00  799.00     4      0.00      0.00 8187120 8128384  24.97     -1.00     -1.00     -1.00       0  vaultx

# Time        UID       PID    %usr %system  %guest   %wait    %CPU   CPU  minflt/s  majflt/s     VSZ     RSS   %MEM   kB_rd/s   kB_wr/s kB_ccwr/s iodelay  Command
05:40:28 PM  1001     53249  800.00    0.00    0.00    0.00  800.00     4      0.00      0.00 8187120 8128384  24.97     -1.00     -1.00     -1.00       0  vaultx

# Time        UID       PID    %usr %system  %guest   %wait    %CPU   CPU  minflt/s  majflt/s     VSZ     RSS   %MEM   kB_rd/s   kB_wr/s kB_ccwr/s iodelay  Command
05:40:29 PM  1001     53249  800.00    0.00    0.00    0.00  800.00     4      0.00      0.00 8187120 8128384  24.97     -1.00     -1.00     -1.00       0  vaultx

# Time        UID       PID    %usr %system  %guest   %wait    %CPU   CPU  minflt/s  majflt/s     VSZ     RSS   %MEM   kB_rd/s   kB_wr/s kB_ccwr/s iodelay  Command
05:40:30 PM  1001     53249  799.00    0.00    0.00    0.00  799.00     4      0.00      0.00 8187120 8128384  24.97     -1.00     -1.00     -1.00       0  vaultx

# Time        UID       PID    %usr %system  %guest   %wait    %CPU   CPU  minflt/s  majflt/s     VSZ     RSS   %MEM   kB_rd/s   kB_wr/s kB_ccwr/s iodelay  Command
05:40:31 PM  1001     53249  800.00    0.00    0.00    0.00  800.00     4      0.00      0.00 8187120 8128384  24.97     -1.00     -1.00     -1.00       0  vaultx

# Time        UID       PID    %usr %system  %guest   %wait    %CPU   CPU  minflt/s  majflt/s     VSZ     RSS   %MEM   kB_rd/s   kB_wr/s kB_ccwr/s iodelay  Command
05:40:32 PM  1001     53249  800.00    0.00    0.00    0.00  800.00     4      0.00      0.00 8187120 8128384  24.97     -1.00     -1.00     -1.00       0  vaultx

# Time        UID       PID    %usr %system  %guest   %wait    %CPU   CPU  minflt/s  majflt/s     VSZ     RSS   %MEM   kB_rd/s   kB_wr/s kB_ccwr/s iodelay  Command
05:40:33 PM  1001     53249  802.00    0.00    0.00    0.00  802.00     4      0.00      0.00 8187120 8128384  24.97     -1.00     -1.00     -1.00       0  vaultx

# Time        UID       PID    %usr %system  %guest   %wait    %CPU   CPU  minflt/s  majflt/s     VSZ     RSS   %MEM   kB_rd/s   kB_wr/s kB_ccwr/s iodelay  Command
05:40:34 PM  1001     53249  799.00    0.00    0.00    0.00  799.00     4      0.00      0.00 8187120 8128384  24.97     -1.00     -1.00     -1.00       0  vaultx

# Time        UID       PID    %usr %system  %guest   %wait    %CPU   CPU  minflt/s  majflt/s     VSZ     RSS   %MEM   kB_rd/s   kB_wr/s kB_ccwr/s iodelay  Command
05:40:35 PM  1001     53249  800.00    0.00    0.00    0.00  800.00     4      0.00      0.00 8187120 8128384  24.97     -1.00     -1.00     -1.00       0  vaultx

# Time        UID       PID    %usr %system  %guest   %wait    %CPU   CPU  minflt/s  majflt/s     VSZ     RSS   %MEM   kB_rd/s   kB_wr/s kB_ccwr/s iodelay  Command
05:40:36 PM  1001     53249  799.00    0.00    0.00    1.00  799.00     4      0.00      0.00 8187120 8128384  24.97     -1.00     -1.00     -1.00       0  vaultx

# Time        UID       PID    %usr %system  %guest   %wait    %CPU   CPU  minflt/s  majflt/s     VSZ     RSS   %MEM   kB_rd/s   kB_wr/s kB_ccwr/s iodelay  Command
05:40:37 PM  1001     53249  800.00    0.00    0.00    0.00  800.00     4      0.00      0.00 8187120 8128384  24.97     -1.00     -1.00     -1.00       0  vaultx

# Time        UID       PID    %usr %system  %guest   %wait    %CPU   CPU  minflt/s  majflt/s     VSZ     RSS   %MEM   kB_rd/s   kB_wr/s kB_ccwr/s iodelay  Command
05:40:38 PM  1001     53249  800.00    0.00    0.00    0.00  800.00     4      0.00      0.00 8187120 8128384  24.97     -1.00     -1.00     -1.00       0  vaultx

# Time        UID       PID    %usr %system  %guest   %wait    %CPU   CPU  minflt/s  majflt/s     VSZ     RSS   %MEM   kB_rd/s   kB_wr/s kB_ccwr/s iodelay  Command
05:40:39 PM  1001     53249  799.00    0.00    0.00    0.00  799.00     4      0.00      0.00 8187120 8128384  24.97     -1.00     -1.00     -1.00       0  vaultx

# Time        UID       PID    %usr %system  %guest   %wait    %CPU   CPU  minflt/s  majflt/s     VSZ     RSS   %MEM   kB_rd/s   kB_wr/s kB_ccwr/s iodelay  Command
05:40:40 PM  1001     53249  800.00    0.00    0.00    0.00  800.00     4      0.00      0.00 8187120 8128384  24.97     -1.00     -1.00     -1.00       0  vaultx

# Time        UID       PID    %usr %system  %guest   %wait    %CPU   CPU  minflt/s  majflt/s     VSZ     RSS   %MEM   kB_rd/s   kB_wr/s kB_ccwr/s iodelay  Command
05:40:41 PM  1001     53249  799.00    0.00    0.00    0.00  799.00     4      0.00      0.00 8187120 8128384  24.97     -1.00     -1.00     -1.00       0  vaultx

# Time        UID       PID    %usr %system  %guest   %wait    %CPU   CPU  minflt/s  majflt/s     VSZ     RSS   %MEM   kB_rd/s   kB_wr/s kB_ccwr/s iodelay  Command
05:40:42 PM  1001     53249  800.00    0.00    0.00    0.00  800.00     4      0.00      0.00 8187120 8128384  24.97     -1.00     -1.00     -1.00       0  vaultx

# Time        UID       PID    %usr %system  %guest   %wait    %CPU   CPU  minflt/s  majflt/s     VSZ     RSS   %MEM   kB_rd/s   kB_wr/s kB_ccwr/s iodelay  Command
05:40:43 PM  1001     53249  800.00    0.00    0.00    0.00  800.00     4      0.00      0.00 8187120 8128384  24.97     -1.00     -1.00     -1.00       0  vaultx

# Time        UID       PID    %usr %system  %guest   %wait    %CPU   CPU  minflt/s  majflt/s     VSZ     RSS   %MEM   kB_rd/s   kB_wr/s kB_ccwr/s iodelay  Command
05:40:44 PM  1001     53249  799.00    0.00    0.00    0.00  799.00     4      0.00      0.00 8187120 8128384  24.97     -1.00     -1.00     -1.00       0  vaultx

# Time        UID       PID    %usr %system  %guest   %wait    %CPU   CPU  minflt/s  majflt/s     VSZ     RSS   %MEM   kB_rd/s   kB_wr/s kB_ccwr/s iodelay  Command
05:40:45 PM  1001     53249  800.00    0.00    0.00    0.00  800.00     4      0.00      0.00 8187120 8128384  24.97     -1.00     -1.00     -1.00       0  vaultx

# Time        UID       PID    %usr %system  %guest   %wait    %CPU   CPU  minflt/s  majflt/s     VSZ     RSS   %MEM   kB_rd/s   kB_wr/s kB_ccwr/s iodelay  Command
05:40:46 PM  1001     53249  799.00    0.00    0.00    0.00  799.00     4      0.00      0.00 8187120 8128384  24.97     -1.00     -1.00     -1.00       0  vaultx

# Time        UID       PID    %usr %system  %guest   %wait    %CPU   CPU  minflt/s  majflt/s     VSZ     RSS   %MEM   kB_rd/s   kB_wr/s kB_ccwr/s iodelay  Command
05:40:47 PM  1001     53249  800.00    0.00    0.00    0.00  800.00     4      0.00      0.00 8187120 8128384  24.97     -1.00     -1.00     -1.00       0  vaultx

# Time        UID       PID    %usr %system  %guest   %wait    %CPU   CPU  minflt/s  majflt/s     VSZ     RSS   %MEM   kB_rd/s   kB_wr/s kB_ccwr/s iodelay  Command
05:40:48 PM  1001     53249  800.00    0.00    0.00    0.00  800.00     4      0.00      0.00 8187120 8128384  24.97     -1.00     -1.00     -1.00       0  vaultx

# Time        UID       PID    %usr %system  %guest   %wait    %CPU   CPU  minflt/s  majflt/s     VSZ     RSS   %MEM   kB_rd/s   kB_wr/s kB_ccwr/s iodelay  Command
05:40:49 PM  1001     53249  799.00    0.00    0.00    0.00  799.00     4      0.00      0.00 8187120 8128384  24.97     -1.00     -1.00     -1.00       0  vaultx

# Time        UID       PID    %usr %system  %guest   %wait    %CPU   CPU  minflt/s  majflt/s     VSZ     RSS   %MEM   kB_rd/s   kB_wr/s kB_ccwr/s iodelay  Command
05:40:50 PM  1001     53249  800.00    0.00    0.00    0.00  800.00     4      0.00      0.00 8187120 8128384  24.97     -1.00     -1.00     -1.00       0  vaultx

# Time        UID       PID    %usr %system  %guest   %wait    %CPU   CPU  minflt/s  majflt/s     VSZ     RSS   %MEM   kB_rd/s   kB_wr/s kB_ccwr/s iodelay  Command
05:40:51 PM  1001     53249  800.00    0.00    0.00    0.00  800.00     4      0.00      0.00 8187120 8128384  24.97     -1.00     -1.00     -1.00       0  vaultx

# Time        UID       PID    %usr %system  %guest   %wait    %CPU   CPU  minflt/s  majflt/s     VSZ     RSS   %MEM   kB_rd/s   kB_wr/s kB_ccwr/s iodelay  Command
05:40:52 PM  1001     53249  521.00    0.00    0.00    0.00  521.00     4      0.00      0.00 8187120 8128384  24.97     -1.00     -1.00     -1.00       0  vaultx

# Time        UID       PID    %usr %system  %guest   %wait    %CPU   CPU  minflt/s  majflt/s     VSZ     RSS   %MEM   kB_rd/s   kB_wr/s kB_ccwr/s iodelay  Command
05:40:53 PM  1001     53249  399.00    0.00    0.00    0.00  399.00     4      0.00      0.00 8187120 8128384  24.97     -1.00     -1.00     -1.00       0  vaultx

# Time        UID       PID    %usr %system  %guest   %wait    %CPU   CPU  minflt/s  majflt/s     VSZ     RSS   %MEM   kB_rd/s   kB_wr/s kB_ccwr/s iodelay  Command
05:40:54 PM  1001     53249  400.00    0.00    0.00    0.00  400.00     4      0.00      0.00 8187120 8128384  24.97     -1.00     -1.00     -1.00       0  vaultx

# Time        UID       PID    %usr %system  %guest   %wait    %CPU   CPU  minflt/s  majflt/s     VSZ     RSS   %MEM   kB_rd/s   kB_wr/s kB_ccwr/s iodelay  Command
05:40:55 PM  1001     53249  400.00    0.00    0.00    0.00  400.00     4      0.00      0.00 8187120 8128384  24.97     -1.00     -1.00     -1.00       0  vaultx

# Time        UID       PID    %usr %system  %guest   %wait    %CPU   CPU  minflt/s  majflt/s     VSZ     RSS   %MEM   kB_rd/s   kB_wr/s kB_ccwr/s iodelay  Command
05:40:56 PM  1001     53249  400.00    0.00    0.00    0.00  400.00     4      0.00      0.00 8187120 8128384  24.97     -1.00     -1.00     -1.00       0  vaultx

# Time        UID       PID    %usr %system  %guest   %wait    %CPU   CPU  minflt/s  majflt/s     VSZ     RSS   %MEM   kB_rd/s   kB_wr/s kB_ccwr/s iodelay  Command
05:40:57 PM  1001     53249  400.00    0.00    0.00    0.00  400.00     4      0.00      0.00 8187120 8128384  24.97     -1.00     -1.00     -1.00       0  vaultx

# Time        UID       PID    %usr %system  %guest   %wait    %CPU   CPU  minflt/s  majflt/s     VSZ     RSS   %MEM   kB_rd/s   kB_wr/s kB_ccwr/s iodelay  Command
05:40:58 PM  1001     53249  400.00    0.00    0.00    0.00  400.00     4      0.00      0.00 8187120 8128384  24.97     -1.00     -1.00     -1.00       0  vaultx

# Time        UID       PID    %usr %system  %guest   %wait    %CPU   CPU  minflt/s  majflt/s     VSZ     RSS   %MEM   kB_rd/s   kB_wr/s kB_ccwr/s iodelay  Command
05:40:59 PM  1001     53249  401.00    0.00    0.00    0.00  401.00     4      0.00      0.00 8187120 8128384  24.97     -1.00     -1.00     -1.00       0  vaultx

# Time        UID       PID    %usr %system  %guest   %wait    %CPU   CPU  minflt/s  majflt/s     VSZ     RSS   %MEM   kB_rd/s   kB_wr/s kB_ccwr/s iodelay  Command
05:41:00 PM  1001     53249  400.00    0.00    0.00    0.00  400.00     4      0.00      0.00 8187120 8128384  24.97     -1.00     -1.00     -1.00       0  vaultx

# Time        UID       PID    %usr %system  %guest   %wait    %CPU   CPU  minflt/s  majflt/s     VSZ     RSS   %MEM   kB_rd/s   kB_wr/s kB_ccwr/s iodelay  Command
05:41:01 PM  1001     53249  400.00    0.00    0.00    0.00  400.00     4      0.00      0.00 8187120 8128384  24.97     -1.00     -1.00     -1.00       0  vaultx

# Time        UID       PID    %usr %system  %guest   %wait    %CPU   CPU  minflt/s  majflt/s     VSZ     RSS   %MEM   kB_rd/s   kB_wr/s kB_ccwr/s iodelay  Command
05:41:02 PM  1001     53249  292.00   25.00    0.00    0.00  317.00     4      3.00      0.00       0       0   0.00     -1.00     -1.00     -1.00       0  vaultx
----Run 2 for K=36, memory=2048 MB----
Linux 6.1.43-rockchip-rk3588 (orangepi5plus) 	07/07/2025 	_aarch64_	(8 CPU)

# Time        UID       PID    %usr %system  %guest   %wait    %CPU   CPU  minflt/s  majflt/s     VSZ     RSS   %MEM   kB_rd/s   kB_wr/s kB_ccwr/s iodelay  Command

# Time        UID       PID    %usr %system  %guest   %wait    %CPU   CPU  minflt/s  majflt/s     VSZ     RSS   %MEM   kB_rd/s   kB_wr/s kB_ccwr/s iodelay  Command
05:41:04 PM  1001     53265   26.00   73.00    0.00    0.00   99.00     4 361284.00      7.00 2525532 1446808   4.45     -1.00     -1.00     -1.00       0  vaultx

# Time        UID       PID    %usr %system  %guest   %wait    %CPU   CPU  minflt/s  majflt/s     VSZ     RSS   %MEM   kB_rd/s   kB_wr/s kB_ccwr/s iodelay  Command
05:41:05 PM  1001     53265   22.00   78.00    0.00    0.00  100.00     4 376584.00      0.00 3788904 2953192   9.07     -1.00     -1.00     -1.00       0  vaultx

# Time        UID       PID    %usr %system  %guest   %wait    %CPU   CPU  minflt/s  majflt/s     VSZ     RSS   %MEM   kB_rd/s   kB_wr/s kB_ccwr/s iodelay  Command
05:41:06 PM  1001     53265   19.00   80.00    0.00    0.00   99.00     4 381775.00      0.00 5069700 4480432  13.77     -1.00     -1.00     -1.00       0  vaultx

# Time        UID       PID    %usr %system  %guest   %wait    %CPU   CPU  minflt/s  majflt/s     VSZ     RSS   %MEM   kB_rd/s   kB_wr/s kB_ccwr/s iodelay  Command
05:41:07 PM  1001     53265   23.00   78.00    0.00    0.00  101.00     4 383589.00      0.00 6356568 6014800  18.48     -1.00     -1.00     -1.00       0  vaultx

# Time        UID       PID    %usr %system  %guest   %wait    %CPU   CPU  minflt/s  majflt/s     VSZ     RSS   %MEM   kB_rd/s   kB_wr/s kB_ccwr/s iodelay  Command
05:41:08 PM  1001     53265   26.00   74.00    0.00    0.00  100.00     4 384387.00      0.00 7646076 7552336  23.20     -1.00     -1.00     -1.00       0  vaultx

# Time        UID       PID    %usr %system  %guest   %wait    %CPU   CPU  minflt/s  majflt/s     VSZ     RSS   %MEM   kB_rd/s   kB_wr/s kB_ccwr/s iodelay  Command
05:41:09 PM  1001     53265  279.00   28.00    0.00    0.00  307.00     4 144065.00      0.00 8187120 8128384  24.97     -1.00     -1.00     -1.00       0  vaultx

# Time        UID       PID    %usr %system  %guest   %wait    %CPU   CPU  minflt/s  majflt/s     VSZ     RSS   %MEM   kB_rd/s   kB_wr/s kB_ccwr/s iodelay  Command
05:41:10 PM  1001     53265  799.00    0.00    0.00    0.00  799.00     4      0.00      0.00 8187120 8128384  24.97     -1.00     -1.00     -1.00       0  vaultx

# Time        UID       PID    %usr %system  %guest   %wait    %CPU   CPU  minflt/s  majflt/s     VSZ     RSS   %MEM   kB_rd/s   kB_wr/s kB_ccwr/s iodelay  Command
05:41:11 PM  1001     53265  800.00    0.00    0.00    0.00  800.00     4      0.00      0.00 8187120 8128384  24.97     -1.00     -1.00     -1.00       0  vaultx

# Time        UID       PID    %usr %system  %guest   %wait    %CPU   CPU  minflt/s  majflt/s     VSZ     RSS   %MEM   kB_rd/s   kB_wr/s kB_ccwr/s iodelay  Command
05:41:12 PM  1001     53265  802.00    0.00    0.00    0.00  802.00     4      0.00      0.00 8187120 8128384  24.97     -1.00     -1.00     -1.00       0  vaultx

# Time        UID       PID    %usr %system  %guest   %wait    %CPU   CPU  minflt/s  majflt/s     VSZ     RSS   %MEM   kB_rd/s   kB_wr/s kB_ccwr/s iodelay  Command
05:41:13 PM  1001     53265  800.00    0.00    0.00    0.00  800.00     4      0.00      0.00 8187120 8128384  24.97     -1.00     -1.00     -1.00       0  vaultx

# Time        UID       PID    %usr %system  %guest   %wait    %CPU   CPU  minflt/s  majflt/s     VSZ     RSS   %MEM   kB_rd/s   kB_wr/s kB_ccwr/s iodelay  Command
05:41:14 PM  1001     53265  799.00    0.00    0.00    0.00  799.00     4      0.00      0.00 8187120 8128384  24.97     -1.00     -1.00     -1.00       0  vaultx

# Time        UID       PID    %usr %system  %guest   %wait    %CPU   CPU  minflt/s  majflt/s     VSZ     RSS   %MEM   kB_rd/s   kB_wr/s kB_ccwr/s iodelay  Command
05:41:15 PM  1001     53265  800.00    0.00    0.00    0.00  800.00     4      0.00      0.00 8187120 8128384  24.97     -1.00     -1.00     -1.00       0  vaultx

# Time        UID       PID    %usr %system  %guest   %wait    %CPU   CPU  minflt/s  majflt/s     VSZ     RSS   %MEM   kB_rd/s   kB_wr/s kB_ccwr/s iodelay  Command
05:41:16 PM  1001     53265  799.00    0.00    0.00    0.00  799.00     4      0.00      0.00 8187120 8128384  24.97     -1.00     -1.00     -1.00       0  vaultx

# Time        UID       PID    %usr %system  %guest   %wait    %CPU   CPU  minflt/s  majflt/s     VSZ     RSS   %MEM   kB_rd/s   kB_wr/s kB_ccwr/s iodelay  Command
05:41:17 PM  1001     53265  800.00    0.00    0.00    0.00  800.00     4      0.00      0.00 8187120 8128384  24.97     -1.00     -1.00     -1.00       0  vaultx

# Time        UID       PID    %usr %system  %guest   %wait    %CPU   CPU  minflt/s  majflt/s     VSZ     RSS   %MEM   kB_rd/s   kB_wr/s kB_ccwr/s iodelay  Command
05:41:18 PM  1001     53265  800.00    0.00    0.00    0.00  800.00     4      0.00      0.00 8187120 8128384  24.97     -1.00     -1.00     -1.00       0  vaultx

# Time        UID       PID    %usr %system  %guest   %wait    %CPU   CPU  minflt/s  majflt/s     VSZ     RSS   %MEM   kB_rd/s   kB_wr/s kB_ccwr/s iodelay  Command
05:41:19 PM  1001     53265  799.00    0.00    0.00    0.00  799.00     4      0.00      0.00 8187120 8128384  24.97     -1.00     -1.00     -1.00       0  vaultx

# Time        UID       PID    %usr %system  %guest   %wait    %CPU   CPU  minflt/s  majflt/s     VSZ     RSS   %MEM   kB_rd/s   kB_wr/s kB_ccwr/s iodelay  Command
05:41:20 PM  1001     53265  800.00    0.00    0.00    0.00  800.00     4      0.00      0.00 8187120 8128384  24.97     -1.00     -1.00     -1.00       0  vaultx

# Time        UID       PID    %usr %system  %guest   %wait    %CPU   CPU  minflt/s  majflt/s     VSZ     RSS   %MEM   kB_rd/s   kB_wr/s kB_ccwr/s iodelay  Command
05:41:21 PM  1001     53265  799.00    0.00    0.00    0.00  799.00     4      0.00      0.00 8187120 8128384  24.97     -1.00     -1.00     -1.00       0  vaultx

# Time        UID       PID    %usr %system  %guest   %wait    %CPU   CPU  minflt/s  majflt/s     VSZ     RSS   %MEM   kB_rd/s   kB_wr/s kB_ccwr/s iodelay  Command
05:41:22 PM  1001     53265  800.00    0.00    0.00    0.00  800.00     4      0.00      0.00 8187120 8128384  24.97     -1.00     -1.00     -1.00       0  vaultx

# Time        UID       PID    %usr %system  %guest   %wait    %CPU   CPU  minflt/s  majflt/s     VSZ     RSS   %MEM   kB_rd/s   kB_wr/s kB_ccwr/s iodelay  Command
05:41:23 PM  1001     53265  800.00    0.00    0.00    0.00  800.00     4      0.00      0.00 8187120 8128384  24.97     -1.00     -1.00     -1.00       0  vaultx

# Time        UID       PID    %usr %system  %guest   %wait    %CPU   CPU  minflt/s  majflt/s     VSZ     RSS   %MEM   kB_rd/s   kB_wr/s kB_ccwr/s iodelay  Command
05:41:24 PM  1001     53265  799.00    0.00    0.00    1.00  799.00     4      0.00      0.00 8187120 8128384  24.97     -1.00     -1.00     -1.00       0  vaultx

# Time        UID       PID    %usr %system  %guest   %wait    %CPU   CPU  minflt/s  majflt/s     VSZ     RSS   %MEM   kB_rd/s   kB_wr/s kB_ccwr/s iodelay  Command
05:41:25 PM  1001     53265  800.00    0.00    0.00    0.00  800.00     4      0.00      0.00 8187120 8128384  24.97     -1.00     -1.00     -1.00       0  vaultx

# Time        UID       PID    %usr %system  %guest   %wait    %CPU   CPU  minflt/s  majflt/s     VSZ     RSS   %MEM   kB_rd/s   kB_wr/s kB_ccwr/s iodelay  Command
05:41:26 PM  1001     53265  800.00    0.00    0.00    0.00  800.00     4      0.00      0.00 8187120 8128384  24.97     -1.00     -1.00     -1.00       0  vaultx

# Time        UID       PID    %usr %system  %guest   %wait    %CPU   CPU  minflt/s  majflt/s     VSZ     RSS   %MEM   kB_rd/s   kB_wr/s kB_ccwr/s iodelay  Command
05:41:27 PM  1001     53265  799.00    0.00    0.00    0.00  799.00     4      0.00      0.00 8187120 8128384  24.97     -1.00     -1.00     -1.00       0  vaultx

# Time        UID       PID    %usr %system  %guest   %wait    %CPU   CPU  minflt/s  majflt/s     VSZ     RSS   %MEM   kB_rd/s   kB_wr/s kB_ccwr/s iodelay  Command
05:41:28 PM  1001     53265  800.00    0.00    0.00    0.00  800.00     4      0.00      0.00 8187120 8128384  24.97     -1.00     -1.00     -1.00       0  vaultx

# Time        UID       PID    %usr %system  %guest   %wait    %CPU   CPU  minflt/s  majflt/s     VSZ     RSS   %MEM   kB_rd/s   kB_wr/s kB_ccwr/s iodelay  Command
05:41:29 PM  1001     53265  799.00    0.00    0.00    0.00  799.00     4      0.00      0.00 8187120 8128384  24.97     -1.00     -1.00     -1.00       0  vaultx

# Time        UID       PID    %usr %system  %guest   %wait    %CPU   CPU  minflt/s  majflt/s     VSZ     RSS   %MEM   kB_rd/s   kB_wr/s kB_ccwr/s iodelay  Command
05:41:30 PM  1001     53265  800.00    0.00    0.00    0.00  800.00     4      0.00      0.00 8187120 8128384  24.97     -1.00     -1.00     -1.00       0  vaultx

# Time        UID       PID    %usr %system  %guest   %wait    %CPU   CPU  minflt/s  majflt/s     VSZ     RSS   %MEM   kB_rd/s   kB_wr/s kB_ccwr/s iodelay  Command
05:41:31 PM  1001     53265  800.00    0.00    0.00    0.00  800.00     4      0.00      0.00 8187120 8128384  24.97     -1.00     -1.00     -1.00       0  vaultx

# Time        UID       PID    %usr %system  %guest   %wait    %CPU   CPU  minflt/s  majflt/s     VSZ     RSS   %MEM   kB_rd/s   kB_wr/s kB_ccwr/s iodelay  Command
05:41:32 PM  1001     53265  799.00    0.00    0.00    0.00  799.00     4      0.00      0.00 8187120 8128384  24.97     -1.00     -1.00     -1.00       0  vaultx

# Time        UID       PID    %usr %system  %guest   %wait    %CPU   CPU  minflt/s  majflt/s     VSZ     RSS   %MEM   kB_rd/s   kB_wr/s kB_ccwr/s iodelay  Command
05:41:33 PM  1001     53265  800.00    0.00    0.00    0.00  800.00     4      0.00      0.00 8187120 8128384  24.97     -1.00     -1.00     -1.00       0  vaultx

# Time        UID       PID    %usr %system  %guest   %wait    %CPU   CPU  minflt/s  majflt/s     VSZ     RSS   %MEM   kB_rd/s   kB_wr/s kB_ccwr/s iodelay  Command
05:41:34 PM  1001     53265  800.00    0.00    0.00    0.00  800.00     4      0.00      0.00 8187120 8128384  24.97     -1.00     -1.00     -1.00       0  vaultx

# Time        UID       PID    %usr %system  %guest   %wait    %CPU   CPU  minflt/s  majflt/s     VSZ     RSS   %MEM   kB_rd/s   kB_wr/s kB_ccwr/s iodelay  Command
05:41:35 PM  1001     53265  799.00    0.00    0.00    0.00  799.00     4      0.00      0.00 8187120 8128384  24.97     -1.00     -1.00     -1.00       0  vaultx

# Time        UID       PID    %usr %system  %guest   %wait    %CPU   CPU  minflt/s  majflt/s     VSZ     RSS   %MEM   kB_rd/s   kB_wr/s kB_ccwr/s iodelay  Command
05:41:36 PM  1001     53265  800.00    0.00    0.00    0.00  800.00     4      0.00      0.00 8187120 8128384  24.97     -1.00     -1.00     -1.00       0  vaultx

# Time        UID       PID    %usr %system  %guest   %wait    %CPU   CPU  minflt/s  majflt/s     VSZ     RSS   %MEM   kB_rd/s   kB_wr/s kB_ccwr/s iodelay  Command
05:41:37 PM  1001     53265  800.00    0.00    0.00    0.00  800.00     4      0.00      0.00 8187120 8128384  24.97     -1.00     -1.00     -1.00       0  vaultx

# Time        UID       PID    %usr %system  %guest   %wait    %CPU   CPU  minflt/s  majflt/s     VSZ     RSS   %MEM   kB_rd/s   kB_wr/s kB_ccwr/s iodelay  Command
05:41:38 PM  1001     53265  799.00    0.00    0.00    0.00  799.00     4      0.00      0.00 8187120 8128384  24.97     -1.00     -1.00     -1.00       0  vaultx

# Time        UID       PID    %usr %system  %guest   %wait    %CPU   CPU  minflt/s  majflt/s     VSZ     RSS   %MEM   kB_rd/s   kB_wr/s kB_ccwr/s iodelay  Command
05:41:39 PM  1001     53265  800.00    0.00    0.00    0.00  800.00     4      0.00      0.00 8187120 8128384  24.97     -1.00     -1.00     -1.00       0  vaultx

# Time        UID       PID    %usr %system  %guest   %wait    %CPU   CPU  minflt/s  majflt/s     VSZ     RSS   %MEM   kB_rd/s   kB_wr/s kB_ccwr/s iodelay  Command
05:41:40 PM  1001     53265  799.00    0.00    0.00    0.00  799.00     4      0.00      0.00 8187120 8128384  24.97     -1.00     -1.00     -1.00       0  vaultx

# Time        UID       PID    %usr %system  %guest   %wait    %CPU   CPU  minflt/s  majflt/s     VSZ     RSS   %MEM   kB_rd/s   kB_wr/s kB_ccwr/s iodelay  Command
05:41:41 PM  1001     53265  707.00    0.00    0.00    0.00  707.00     4      0.00      0.00 8187120 8128384  24.97     -1.00     -1.00     -1.00       0  vaultx

# Time        UID       PID    %usr %system  %guest   %wait    %CPU   CPU  minflt/s  majflt/s     VSZ     RSS   %MEM   kB_rd/s   kB_wr/s kB_ccwr/s iodelay  Command
05:41:42 PM  1001     53265  400.00    0.00    0.00    0.00  400.00     4      0.00      0.00 8187120 8128384  24.97     -1.00     -1.00     -1.00       0  vaultx

# Time        UID       PID    %usr %system  %guest   %wait    %CPU   CPU  minflt/s  majflt/s     VSZ     RSS   %MEM   kB_rd/s   kB_wr/s kB_ccwr/s iodelay  Command
05:41:43 PM  1001     53265  401.00    0.00    0.00    0.00  401.00     4      0.00      0.00 8187120 8128384  24.97     -1.00     -1.00     -1.00       0  vaultx

# Time        UID       PID    %usr %system  %guest   %wait    %CPU   CPU  minflt/s  majflt/s     VSZ     RSS   %MEM   kB_rd/s   kB_wr/s kB_ccwr/s iodelay  Command
05:41:44 PM  1001     53265  396.04    0.00    0.00    0.00  396.04     4      0.00      0.00 8187120 8128384  24.97     -1.00     -1.00     -1.00       0  vaultx

# Time        UID       PID    %usr %system  %guest   %wait    %CPU   CPU  minflt/s  majflt/s     VSZ     RSS   %MEM   kB_rd/s   kB_wr/s kB_ccwr/s iodelay  Command
05:41:45 PM  1001     53265  400.00    0.00    0.00    0.00  400.00     4      0.00      0.00 8187120 8128384  24.97     -1.00     -1.00     -1.00       0  vaultx

# Time        UID       PID    %usr %system  %guest   %wait    %CPU   CPU  minflt/s  majflt/s     VSZ     RSS   %MEM   kB_rd/s   kB_wr/s kB_ccwr/s iodelay  Command
05:41:46 PM  1001     53265  400.00    0.00    0.00    0.00  400.00     4      0.00      0.00 8187120 8128384  24.97     -1.00     -1.00     -1.00       0  vaultx

# Time        UID       PID    %usr %system  %guest   %wait    %CPU   CPU  minflt/s  majflt/s     VSZ     RSS   %MEM   kB_rd/s   kB_wr/s kB_ccwr/s iodelay  Command
05:41:47 PM  1001     53265  400.00    0.00    0.00    0.00  400.00     4      0.00      0.00 8187120 8128384  24.97     -1.00     -1.00     -1.00       0  vaultx

# Time        UID       PID    %usr %system  %guest   %wait    %CPU   CPU  minflt/s  majflt/s     VSZ     RSS   %MEM   kB_rd/s   kB_wr/s kB_ccwr/s iodelay  Command
05:41:48 PM  1001     53265  399.00    0.00    0.00    0.00  399.00     4      0.00      0.00 8187120 8128384  24.97     -1.00     -1.00     -1.00       0  vaultx

# Time        UID       PID    %usr %system  %guest   %wait    %CPU   CPU  minflt/s  majflt/s     VSZ     RSS   %MEM   kB_rd/s   kB_wr/s kB_ccwr/s iodelay  Command
05:41:49 PM  1001     53265  400.00    0.00    0.00    0.00  400.00     4      0.00      0.00 8187120 8128384  24.97     -1.00     -1.00     -1.00       0  vaultx

# Time        UID       PID    %usr %system  %guest   %wait    %CPU   CPU  minflt/s  majflt/s     VSZ     RSS   %MEM   kB_rd/s   kB_wr/s kB_ccwr/s iodelay  Command
05:41:50 PM  1001     53265  400.00    0.00    0.00    0.00  400.00     4      0.00      0.00 8187120 8128384  24.97     -1.00     -1.00     -1.00       0  vaultx

# Time        UID       PID    %usr %system  %guest   %wait    %CPU   CPU  minflt/s  majflt/s     VSZ     RSS   %MEM   kB_rd/s   kB_wr/s kB_ccwr/s iodelay  Command
05:41:51 PM  1001     53265  233.00   40.00    0.00    0.00  273.00     4      3.00      0.00       0       0   0.00     -1.00     -1.00     -1.00       0  vaultx
----Run 3 for K=36, memory=2048 MB----
Linux 6.1.43-rockchip-rk3588 (orangepi5plus) 	07/07/2025 	_aarch64_	(8 CPU)

# Time        UID       PID    %usr %system  %guest   %wait    %CPU   CPU  minflt/s  majflt/s     VSZ     RSS   %MEM   kB_rd/s   kB_wr/s kB_ccwr/s iodelay  Command

# Time        UID       PID    %usr %system  %guest   %wait    %CPU   CPU  minflt/s  majflt/s     VSZ     RSS   %MEM   kB_rd/s   kB_wr/s kB_ccwr/s iodelay  Command
05:41:53 PM  1001     53281   18.00   80.00    0.00    0.00   98.00     4 361076.00      7.00 2524740 1446016   4.44     -1.00     -1.00     -1.00       0  vaultx

# Time        UID       PID    %usr %system  %guest   %wait    %CPU   CPU  minflt/s  majflt/s     VSZ     RSS   %MEM   kB_rd/s   kB_wr/s kB_ccwr/s iodelay  Command
05:41:54 PM  1001     53281   23.00   77.00    0.00    0.00  100.00     4 376523.00      0.00 3787980 2952136   9.07     -1.00     -1.00     -1.00       0  vaultx

# Time        UID       PID    %usr %system  %guest   %wait    %CPU   CPU  minflt/s  majflt/s     VSZ     RSS   %MEM   kB_rd/s   kB_wr/s kB_ccwr/s iodelay  Command
05:41:55 PM  1001     53281   21.00   79.00    0.00    0.00  100.00     4 382353.00      0.00 5070624 4481488  13.77     -1.00     -1.00     -1.00       0  vaultx

# Time        UID       PID    %usr %system  %guest   %wait    %CPU   CPU  minflt/s  majflt/s     VSZ     RSS   %MEM   kB_rd/s   kB_wr/s kB_ccwr/s iodelay  Command
05:41:56 PM  1001     53281   21.00   79.00    0.00    0.00  100.00     4 384194.00      0.00 6359604 6018232  18.49     -1.00     -1.00     -1.00       0  vaultx

# Time        UID       PID    %usr %system  %guest   %wait    %CPU   CPU  minflt/s  majflt/s     VSZ     RSS   %MEM   kB_rd/s   kB_wr/s kB_ccwr/s iodelay  Command
05:41:57 PM  1001     53281   22.00   78.00    0.00    0.00  100.00     4 385467.00      0.00 7652808 7560256  23.23     -1.00     -1.00     -1.00       0  vaultx

# Time        UID       PID    %usr %system  %guest   %wait    %CPU   CPU  minflt/s  majflt/s     VSZ     RSS   %MEM   kB_rd/s   kB_wr/s kB_ccwr/s iodelay  Command
05:41:58 PM  1001     53281  229.00   27.00    0.00    0.00  256.00     4 142071.00      0.00 8187120 8128384  24.97     -1.00     -1.00     -1.00       0  vaultx

# Time        UID       PID    %usr %system  %guest   %wait    %CPU   CPU  minflt/s  majflt/s     VSZ     RSS   %MEM   kB_rd/s   kB_wr/s kB_ccwr/s iodelay  Command
05:41:59 PM  1001     53281  799.00    1.00    0.00    0.00  800.00     4      0.00      0.00 8187120 8128384  24.97     -1.00     -1.00     -1.00       0  vaultx

# Time        UID       PID    %usr %system  %guest   %wait    %CPU   CPU  minflt/s  majflt/s     VSZ     RSS   %MEM   kB_rd/s   kB_wr/s kB_ccwr/s iodelay  Command
05:42:00 PM  1001     53281  800.00    0.00    0.00    0.00  800.00     4      0.00      0.00 8187120 8128384  24.97     -1.00     -1.00     -1.00       0  vaultx

# Time        UID       PID    %usr %system  %guest   %wait    %CPU   CPU  minflt/s  majflt/s     VSZ     RSS   %MEM   kB_rd/s   kB_wr/s kB_ccwr/s iodelay  Command
05:42:01 PM  1001     53281  799.00    0.00    0.00    0.00  799.00     4      0.00      0.00 8187120 8128384  24.97     -1.00     -1.00     -1.00       0  vaultx

# Time        UID       PID    %usr %system  %guest   %wait    %CPU   CPU  minflt/s  majflt/s     VSZ     RSS   %MEM   kB_rd/s   kB_wr/s kB_ccwr/s iodelay  Command
05:42:02 PM  1001     53281  799.00    0.00    0.00    0.00  799.00     4      0.00      0.00 8187120 8128384  24.97     -1.00     -1.00     -1.00       0  vaultx

# Time        UID       PID    %usr %system  %guest   %wait    %CPU   CPU  minflt/s  majflt/s     VSZ     RSS   %MEM   kB_rd/s   kB_wr/s kB_ccwr/s iodelay  Command
05:42:03 PM  1001     53281  800.00    0.00    0.00    0.00  800.00     4      0.00      0.00 8187120 8128384  24.97     -1.00     -1.00     -1.00       0  vaultx

# Time        UID       PID    %usr %system  %guest   %wait    %CPU   CPU  minflt/s  majflt/s     VSZ     RSS   %MEM   kB_rd/s   kB_wr/s kB_ccwr/s iodelay  Command
05:42:04 PM  1001     53281  801.00    1.00    0.00    0.00  802.00     4      0.00      0.00 8187120 8128384  24.97     -1.00     -1.00     -1.00       0  vaultx

# Time        UID       PID    %usr %system  %guest   %wait    %CPU   CPU  minflt/s  majflt/s     VSZ     RSS   %MEM   kB_rd/s   kB_wr/s kB_ccwr/s iodelay  Command
05:42:05 PM  1001     53281  800.00    0.00    0.00    0.00  800.00     4      0.00      0.00 8187120 8128384  24.97     -1.00     -1.00     -1.00       0  vaultx

# Time        UID       PID    %usr %system  %guest   %wait    %CPU   CPU  minflt/s  majflt/s     VSZ     RSS   %MEM   kB_rd/s   kB_wr/s kB_ccwr/s iodelay  Command
05:42:06 PM  1001     53281  799.00    0.00    0.00    1.00  799.00     4      0.00      0.00 8187120 8128384  24.97     -1.00     -1.00     -1.00       0  vaultx

# Time        UID       PID    %usr %system  %guest   %wait    %CPU   CPU  minflt/s  majflt/s     VSZ     RSS   %MEM   kB_rd/s   kB_wr/s kB_ccwr/s iodelay  Command
05:42:07 PM  1001     53281  800.00    0.00    0.00    0.00  800.00     4      0.00      0.00 8187120 8128384  24.97     -1.00     -1.00     -1.00       0  vaultx

# Time        UID       PID    %usr %system  %guest   %wait    %CPU   CPU  minflt/s  majflt/s     VSZ     RSS   %MEM   kB_rd/s   kB_wr/s kB_ccwr/s iodelay  Command
05:42:08 PM  1001     53281  799.00    0.00    0.00    0.00  799.00     4      0.00      0.00 8187120 8128384  24.97     -1.00     -1.00     -1.00       0  vaultx

# Time        UID       PID    %usr %system  %guest   %wait    %CPU   CPU  minflt/s  majflt/s     VSZ     RSS   %MEM   kB_rd/s   kB_wr/s kB_ccwr/s iodelay  Command
05:42:09 PM  1001     53281  800.00    0.00    0.00    0.00  800.00     4      0.00      0.00 8187120 8128384  24.97     -1.00     -1.00     -1.00       0  vaultx

# Time        UID       PID    %usr %system  %guest   %wait    %CPU   CPU  minflt/s  majflt/s     VSZ     RSS   %MEM   kB_rd/s   kB_wr/s kB_ccwr/s iodelay  Command
05:42:10 PM  1001     53281  799.00    0.00    0.00    0.00  799.00     4      0.00      0.00 8187120 8128384  24.97     -1.00     -1.00     -1.00       0  vaultx

# Time        UID       PID    %usr %system  %guest   %wait    %CPU   CPU  minflt/s  majflt/s     VSZ     RSS   %MEM   kB_rd/s   kB_wr/s kB_ccwr/s iodelay  Command
05:42:11 PM  1001     53281  800.00    0.00    0.00    0.00  800.00     4      0.00      0.00 8187120 8128384  24.97     -1.00     -1.00     -1.00       0  vaultx

# Time        UID       PID    %usr %system  %guest   %wait    %CPU   CPU  minflt/s  majflt/s     VSZ     RSS   %MEM   kB_rd/s   kB_wr/s kB_ccwr/s iodelay  Command
05:42:12 PM  1001     53281  799.00    0.00    0.00    0.00  799.00     4      0.00      0.00 8187120 8128384  24.97     -1.00     -1.00     -1.00       0  vaultx

# Time        UID       PID    %usr %system  %guest   %wait    %CPU   CPU  minflt/s  majflt/s     VSZ     RSS   %MEM   kB_rd/s   kB_wr/s kB_ccwr/s iodelay  Command
05:42:13 PM  1001     53281  800.00    0.00    0.00    0.00  800.00     4      0.00      0.00 8187120 8128384  24.97     -1.00     -1.00     -1.00       0  vaultx

# Time        UID       PID    %usr %system  %guest   %wait    %CPU   CPU  minflt/s  majflt/s     VSZ     RSS   %MEM   kB_rd/s   kB_wr/s kB_ccwr/s iodelay  Command
05:42:14 PM  1001     53281  800.00    0.00    0.00    0.00  800.00     4      0.00      0.00 8187120 8128384  24.97     -1.00     -1.00     -1.00       0  vaultx

# Time        UID       PID    %usr %system  %guest   %wait    %CPU   CPU  minflt/s  majflt/s     VSZ     RSS   %MEM   kB_rd/s   kB_wr/s kB_ccwr/s iodelay  Command
05:42:15 PM  1001     53281  799.00    0.00    0.00    0.00  799.00     4      0.00      0.00 8187120 8128384  24.97     -1.00     -1.00     -1.00       0  vaultx

# Time        UID       PID    %usr %system  %guest   %wait    %CPU   CPU  minflt/s  majflt/s     VSZ     RSS   %MEM   kB_rd/s   kB_wr/s kB_ccwr/s iodelay  Command
05:42:16 PM  1001     53281  800.00    0.00    0.00    0.00  800.00     4      0.00      0.00 8187120 8128384  24.97     -1.00     -1.00     -1.00       0  vaultx

# Time        UID       PID    %usr %system  %guest   %wait    %CPU   CPU  minflt/s  majflt/s     VSZ     RSS   %MEM   kB_rd/s   kB_wr/s kB_ccwr/s iodelay  Command
05:42:17 PM  1001     53281  799.00    0.00    0.00    0.00  799.00     4      0.00      0.00 8187120 8128384  24.97     -1.00     -1.00     -1.00       0  vaultx

# Time        UID       PID    %usr %system  %guest   %wait    %CPU   CPU  minflt/s  majflt/s     VSZ     RSS   %MEM   kB_rd/s   kB_wr/s kB_ccwr/s iodelay  Command
05:42:18 PM  1001     53281  800.00    0.00    0.00    0.00  800.00     4      0.00      0.00 8187120 8128384  24.97     -1.00     -1.00     -1.00       0  vaultx

# Time        UID       PID    %usr %system  %guest   %wait    %CPU   CPU  minflt/s  majflt/s     VSZ     RSS   %MEM   kB_rd/s   kB_wr/s kB_ccwr/s iodelay  Command
05:42:19 PM  1001     53281  800.00    0.00    0.00    0.00  800.00     4      0.00      0.00 8187120 8128384  24.97     -1.00     -1.00     -1.00       0  vaultx

# Time        UID       PID    %usr %system  %guest   %wait    %CPU   CPU  minflt/s  majflt/s     VSZ     RSS   %MEM   kB_rd/s   kB_wr/s kB_ccwr/s iodelay  Command
05:42:20 PM  1001     53281  799.00    0.00    0.00    0.00  799.00     4      0.00      0.00 8187120 8128384  24.97     -1.00     -1.00     -1.00       0  vaultx

# Time        UID       PID    %usr %system  %guest   %wait    %CPU   CPU  minflt/s  majflt/s     VSZ     RSS   %MEM   kB_rd/s   kB_wr/s kB_ccwr/s iodelay  Command
05:42:21 PM  1001     53281  800.00    0.00    0.00    0.00  800.00     4      0.00      0.00 8187120 8128384  24.97     -1.00     -1.00     -1.00       0  vaultx

# Time        UID       PID    %usr %system  %guest   %wait    %CPU   CPU  minflt/s  majflt/s     VSZ     RSS   %MEM   kB_rd/s   kB_wr/s kB_ccwr/s iodelay  Command
05:42:22 PM  1001     53281  799.00    0.00    0.00    0.00  799.00     4      0.00      0.00 8187120 8128384  24.97     -1.00     -1.00     -1.00       0  vaultx

# Time        UID       PID    %usr %system  %guest   %wait    %CPU   CPU  minflt/s  majflt/s     VSZ     RSS   %MEM   kB_rd/s   kB_wr/s kB_ccwr/s iodelay  Command
05:42:23 PM  1001     53281  800.00    0.00    0.00    0.00  800.00     4      0.00      0.00 8187120 8128384  24.97     -1.00     -1.00     -1.00       0  vaultx

# Time        UID       PID    %usr %system  %guest   %wait    %CPU   CPU  minflt/s  majflt/s     VSZ     RSS   %MEM   kB_rd/s   kB_wr/s kB_ccwr/s iodelay  Command
05:42:24 PM  1001     53281  800.00    0.00    0.00    0.00  800.00     4      0.00      0.00 8187120 8128384  24.97     -1.00     -1.00     -1.00       0  vaultx

# Time        UID       PID    %usr %system  %guest   %wait    %CPU   CPU  minflt/s  majflt/s     VSZ     RSS   %MEM   kB_rd/s   kB_wr/s kB_ccwr/s iodelay  Command
05:42:25 PM  1001     53281  799.00    0.00    0.00    0.00  799.00     4      0.00      0.00 8187120 8128384  24.97     -1.00     -1.00     -1.00       0  vaultx

# Time        UID       PID    %usr %system  %guest   %wait    %CPU   CPU  minflt/s  majflt/s     VSZ     RSS   %MEM   kB_rd/s   kB_wr/s kB_ccwr/s iodelay  Command
05:42:26 PM  1001     53281  800.00    0.00    0.00    0.00  800.00     4      0.00      0.00 8187120 8128384  24.97     -1.00     -1.00     -1.00       0  vaultx

# Time        UID       PID    %usr %system  %guest   %wait    %CPU   CPU  minflt/s  majflt/s     VSZ     RSS   %MEM   kB_rd/s   kB_wr/s kB_ccwr/s iodelay  Command
05:42:27 PM  1001     53281  799.00    0.00    0.00    0.00  799.00     4      0.00      0.00 8187120 8128384  24.97     -1.00     -1.00     -1.00       0  vaultx

# Time        UID       PID    %usr %system  %guest   %wait    %CPU   CPU  minflt/s  majflt/s     VSZ     RSS   %MEM   kB_rd/s   kB_wr/s kB_ccwr/s iodelay  Command
05:42:28 PM  1001     53281  800.00    0.00    0.00    0.00  800.00     4      0.00      0.00 8187120 8128384  24.97     -1.00     -1.00     -1.00       0  vaultx

# Time        UID       PID    %usr %system  %guest   %wait    %CPU   CPU  minflt/s  majflt/s     VSZ     RSS   %MEM   kB_rd/s   kB_wr/s kB_ccwr/s iodelay  Command
05:42:29 PM  1001     53281  800.00    0.00    0.00    0.00  800.00     4      0.00      0.00 8187120 8128384  24.97     -1.00     -1.00     -1.00       0  vaultx

# Time        UID       PID    %usr %system  %guest   %wait    %CPU   CPU  minflt/s  majflt/s     VSZ     RSS   %MEM   kB_rd/s   kB_wr/s kB_ccwr/s iodelay  Command
05:42:30 PM  1001     53281  799.00    0.00    0.00    0.00  799.00     4      0.00      0.00 8187120 8128384  24.97     -1.00     -1.00     -1.00       0  vaultx

# Time        UID       PID    %usr %system  %guest   %wait    %CPU   CPU  minflt/s  majflt/s     VSZ     RSS   %MEM   kB_rd/s   kB_wr/s kB_ccwr/s iodelay  Command
05:42:31 PM  1001     53281  585.00    0.00    0.00    0.00  585.00     4      0.00      0.00 8187120 8128384  24.97     -1.00     -1.00     -1.00       0  vaultx

# Time        UID       PID    %usr %system  %guest   %wait    %CPU   CPU  minflt/s  majflt/s     VSZ     RSS   %MEM   kB_rd/s   kB_wr/s kB_ccwr/s iodelay  Command
05:42:32 PM  1001     53281  400.00    0.00    0.00    0.00  400.00     4      0.00      0.00 8187120 8128384  24.97     -1.00     -1.00     -1.00       0  vaultx

# Time        UID       PID    %usr %system  %guest   %wait    %CPU   CPU  minflt/s  majflt/s     VSZ     RSS   %MEM   kB_rd/s   kB_wr/s kB_ccwr/s iodelay  Command
05:42:33 PM  1001     53281  399.00    0.00    0.00    0.00  399.00     4      0.00      0.00 8187120 8128384  24.97     -1.00     -1.00     -1.00       0  vaultx

# Time        UID       PID    %usr %system  %guest   %wait    %CPU   CPU  minflt/s  majflt/s     VSZ     RSS   %MEM   kB_rd/s   kB_wr/s kB_ccwr/s iodelay  Command
05:42:34 PM  1001     53281  402.00    0.00    0.00    0.00  402.00     4      0.00      0.00 8187120 8128384  24.97     -1.00     -1.00     -1.00       0  vaultx

# Time        UID       PID    %usr %system  %guest   %wait    %CPU   CPU  minflt/s  majflt/s     VSZ     RSS   %MEM   kB_rd/s   kB_wr/s kB_ccwr/s iodelay  Command
05:42:35 PM  1001     53281  395.05    0.00    0.00    0.00  395.05     4      0.00      0.00 8187120 8128384  24.97     -1.00     -1.00     -1.00       0  vaultx

# Time        UID       PID    %usr %system  %guest   %wait    %CPU   CPU  minflt/s  majflt/s     VSZ     RSS   %MEM   kB_rd/s   kB_wr/s kB_ccwr/s iodelay  Command
05:42:36 PM  1001     53281  400.00    0.00    0.00    0.00  400.00     4      0.00      0.00 8187120 8128384  24.97     -1.00     -1.00     -1.00       0  vaultx

# Time        UID       PID    %usr %system  %guest   %wait    %CPU   CPU  minflt/s  majflt/s     VSZ     RSS   %MEM   kB_rd/s   kB_wr/s kB_ccwr/s iodelay  Command
05:42:37 PM  1001     53281  400.00    0.00    0.00    0.00  400.00     4      0.00      0.00 8187120 8128384  24.97     -1.00     -1.00     -1.00       0  vaultx

# Time        UID       PID    %usr %system  %guest   %wait    %CPU   CPU  minflt/s  majflt/s     VSZ     RSS   %MEM   kB_rd/s   kB_wr/s kB_ccwr/s iodelay  Command
05:42:38 PM  1001     53281  400.00    0.00    0.00    0.00  400.00     4      0.00      0.00 8187120 8128384  24.97     -1.00     -1.00     -1.00       0  vaultx

# Time        UID       PID    %usr %system  %guest   %wait    %CPU   CPU  minflt/s  majflt/s     VSZ     RSS   %MEM   kB_rd/s   kB_wr/s kB_ccwr/s iodelay  Command
05:42:39 PM  1001     53281  400.00    0.00    0.00    0.00  400.00     4      0.00      0.00 8187120 8128384  24.97     -1.00     -1.00     -1.00       0  vaultx

# Time        UID       PID    %usr %system  %guest   %wait    %CPU   CPU  minflt/s  majflt/s     VSZ     RSS   %MEM   kB_rd/s   kB_wr/s kB_ccwr/s iodelay  Command
05:42:40 PM  1001     53281  400.00    0.00    0.00    0.00  400.00     4      0.00      0.00 8187120 8128384  24.97     -1.00     -1.00     -1.00       0  vaultx

# Time        UID       PID    %usr %system  %guest   %wait    %CPU   CPU  minflt/s  majflt/s     VSZ     RSS   %MEM   kB_rd/s   kB_wr/s kB_ccwr/s iodelay  Command
05:42:41 PM  1001     53281  343.00   11.00    0.00    0.00  354.00     4      2.00      0.00       0       0   0.00     -1.00     -1.00     -1.00       0  vaultx

# Time        UID       PID    %usr %system  %guest   %wait    %CPU   CPU  minflt/s  majflt/s     VSZ     RSS   %MEM   kB_rd/s   kB_wr/s kB_ccwr/s iodelay  Command
