----Run 1 for K=36, memory=4096 MB----
Linux 6.1.43-rockchip-rk3588 (orangepi5plus) 	07/07/2025 	_aarch64_	(8 CPU)

# Time        UID       PID    %usr %system  %guest   %wait    %CPU   CPU  minflt/s  majflt/s     VSZ     RSS   %MEM   kB_rd/s   kB_wr/s kB_ccwr/s iodelay  Command
05:42:42 PM  1001     53301   30.00   68.00    0.00    0.00   98.00     4 502852.00      0.00 3142104 2013344   6.19     -1.00     -1.00     -1.00       0  vaultx

# Time        UID       PID    %usr %system  %guest   %wait    %CPU   CPU  minflt/s  majflt/s     VSZ     RSS   %MEM   kB_rd/s   kB_wr/s kB_ccwr/s iodelay  Command
05:42:43 PM  1001     53301   26.00   74.00    0.00    0.00  100.00     4 632330.00      0.00 5441544 4542728  13.96     -1.00     -1.00     -1.00       0  vaultx

# Time        UID       PID    %usr %system  %guest   %wait    %CPU   CPU  minflt/s  majflt/s     VSZ     RSS   %MEM   kB_rd/s   kB_wr/s kB_ccwr/s iodelay  Command
05:42:44 PM  1001     53301   24.00   76.00    0.00    0.00  100.00     4 617837.00      0.00 7688184 7014032  21.55     -1.00     -1.00     -1.00       0  vaultx

# Time        UID       PID    %usr %system  %guest   %wait    %CPU   CPU  minflt/s  majflt/s     VSZ     RSS   %MEM   kB_rd/s   kB_wr/s kB_ccwr/s iodelay  Command
05:42:45 PM  1001     53301   24.00   75.00    0.00    0.00   99.00     4 618307.00      0.00 9936540 9487184  29.15     -1.00     -1.00     -1.00       0  vaultx

# Time        UID       PID    %usr %system  %guest   %wait    %CPU   CPU  minflt/s  majflt/s     VSZ     RSS   %MEM   kB_rd/s   kB_wr/s kB_ccwr/s iodelay  Command
05:42:46 PM  1001     53301   27.00   73.00    0.00    0.00  100.00     4 618295.00      0.00 12184896 11960336  36.75     -1.00     -1.00     -1.00       0  vaultx

# Time        UID       PID    %usr %system  %guest   %wait    %CPU   CPU  minflt/s  majflt/s     VSZ     RSS   %MEM   kB_rd/s   kB_wr/s kB_ccwr/s iodelay  Command
05:42:47 PM  1001     53301   32.00   69.00    0.00    0.00  101.00     4 614859.00      0.00 14420712 14419760  44.30     -1.00     -1.00     -1.00       0  vaultx

# Time        UID       PID    %usr %system  %guest   %wait    %CPU   CPU  minflt/s  majflt/s     VSZ     RSS   %MEM   kB_rd/s   kB_wr/s kB_ccwr/s iodelay  Command
05:42:48 PM  1001     53301  682.00    0.00    0.00    0.00  682.00     4     24.00      0.00 14478636 14419760  44.30     -1.00     -1.00     -1.00       0  vaultx

# Time        UID       PID    %usr %system  %guest   %wait    %CPU   CPU  minflt/s  majflt/s     VSZ     RSS   %MEM   kB_rd/s   kB_wr/s kB_ccwr/s iodelay  Command
05:42:49 PM  1001     53301  799.00    0.00    0.00    0.00  799.00     4      0.00      0.00 14478636 14419760  44.30     -1.00     -1.00     -1.00       0  vaultx

# Time        UID       PID    %usr %system  %guest   %wait    %CPU   CPU  minflt/s  majflt/s     VSZ     RSS   %MEM   kB_rd/s   kB_wr/s kB_ccwr/s iodelay  Command
05:42:50 PM  1001     53301  800.00    0.00    0.00    0.00  800.00     4      0.00      0.00 14478636 14419760  44.30     -1.00     -1.00     -1.00       0  vaultx

# Time        UID       PID    %usr %system  %guest   %wait    %CPU   CPU  minflt/s  majflt/s     VSZ     RSS   %MEM   kB_rd/s   kB_wr/s kB_ccwr/s iodelay  Command
05:42:51 PM  1001     53301  800.00    0.00    0.00    0.00  800.00     4      0.00      0.00 14478636 14419760  44.30     -1.00     -1.00     -1.00       0  vaultx

# Time        UID       PID    %usr %system  %guest   %wait    %CPU   CPU  minflt/s  majflt/s     VSZ     RSS   %MEM   kB_rd/s   kB_wr/s kB_ccwr/s iodelay  Command
05:42:52 PM  1001     53301  799.00    0.00    0.00    0.00  799.00     4      0.00      0.00 14478636 14419760  44.30     -1.00     -1.00     -1.00       0  vaultx

# Time        UID       PID    %usr %system  %guest   %wait    %CPU   CPU  minflt/s  majflt/s     VSZ     RSS   %MEM   kB_rd/s   kB_wr/s kB_ccwr/s iodelay  Command
05:42:53 PM  1001     53301  800.00    0.00    0.00    0.00  800.00     4      0.00      0.00 14478636 14419760  44.30     -1.00     -1.00     -1.00       0  vaultx

# Time        UID       PID    %usr %system  %guest   %wait    %CPU   CPU  minflt/s  majflt/s     VSZ     RSS   %MEM   kB_rd/s   kB_wr/s kB_ccwr/s iodelay  Command
05:42:54 PM  1001     53301  800.00    0.00    0.00    0.00  800.00     4      0.00      0.00 14478636 14419760  44.30     -1.00     -1.00     -1.00       0  vaultx

# Time        UID       PID    %usr %system  %guest   %wait    %CPU   CPU  minflt/s  majflt/s     VSZ     RSS   %MEM   kB_rd/s   kB_wr/s kB_ccwr/s iodelay  Command
05:42:55 PM  1001     53301  799.00    0.00    0.00    0.00  799.00     4      0.00      0.00 14478636 14419760  44.30     -1.00     -1.00     -1.00       0  vaultx

# Time        UID       PID    %usr %system  %guest   %wait    %CPU   CPU  minflt/s  majflt/s     VSZ     RSS   %MEM   kB_rd/s   kB_wr/s kB_ccwr/s iodelay  Command
05:42:56 PM  1001     53301  800.00    0.00    0.00    0.00  800.00     4      0.00      0.00 14478636 14419760  44.30     -1.00     -1.00     -1.00       0  vaultx

# Time        UID       PID    %usr %system  %guest   %wait    %CPU   CPU  minflt/s  majflt/s     VSZ     RSS   %MEM   kB_rd/s   kB_wr/s kB_ccwr/s iodelay  Command
05:42:57 PM  1001     53301  800.00    0.00    0.00    0.00  800.00     4      0.00      0.00 14478636 14419760  44.30     -1.00     -1.00     -1.00       0  vaultx

# Time        UID       PID    %usr %system  %guest   %wait    %CPU   CPU  minflt/s  majflt/s     VSZ     RSS   %MEM   kB_rd/s   kB_wr/s kB_ccwr/s iodelay  Command
05:42:58 PM  1001     53301  799.00    0.00    0.00    0.00  799.00     4      0.00      0.00 14478636 14419760  44.30     -1.00     -1.00     -1.00       0  vaultx

# Time        UID       PID    %usr %system  %guest   %wait    %CPU   CPU  minflt/s  majflt/s     VSZ     RSS   %MEM   kB_rd/s   kB_wr/s kB_ccwr/s iodelay  Command
05:42:59 PM  1001     53301  800.00    0.00    0.00    0.00  800.00     4      0.00      0.00 14478636 14419760  44.30     -1.00     -1.00     -1.00       0  vaultx

# Time        UID       PID    %usr %system  %guest   %wait    %CPU   CPU  minflt/s  majflt/s     VSZ     RSS   %MEM   kB_rd/s   kB_wr/s kB_ccwr/s iodelay  Command
05:43:00 PM  1001     53301  799.00    0.00    0.00    0.00  799.00     4      0.00      0.00 14478636 14419760  44.30     -1.00     -1.00     -1.00       0  vaultx

# Time        UID       PID    %usr %system  %guest   %wait    %CPU   CPU  minflt/s  majflt/s     VSZ     RSS   %MEM   kB_rd/s   kB_wr/s kB_ccwr/s iodelay  Command
05:43:01 PM  1001     53301  800.00    0.00    0.00    0.00  800.00     4      0.00      0.00 14478636 14419760  44.30     -1.00     -1.00     -1.00       0  vaultx

# Time        UID       PID    %usr %system  %guest   %wait    %CPU   CPU  minflt/s  majflt/s     VSZ     RSS   %MEM   kB_rd/s   kB_wr/s kB_ccwr/s iodelay  Command
05:43:02 PM  1001     53301  799.00    0.00    0.00    0.00  799.00     4      0.00      0.00 14478636 14419760  44.30     -1.00     -1.00     -1.00       0  vaultx

# Time        UID       PID    %usr %system  %guest   %wait    %CPU   CPU  minflt/s  majflt/s     VSZ     RSS   %MEM   kB_rd/s   kB_wr/s kB_ccwr/s iodelay  Command
05:43:03 PM  1001     53301  800.00    0.00    0.00    1.00  800.00     4      0.00      0.00 14478636 14419760  44.30     -1.00     -1.00     -1.00       0  vaultx

# Time        UID       PID    %usr %system  %guest   %wait    %CPU   CPU  minflt/s  majflt/s     VSZ     RSS   %MEM   kB_rd/s   kB_wr/s kB_ccwr/s iodelay  Command
05:43:04 PM  1001     53301  800.00    0.00    0.00    0.00  800.00     4      0.00      0.00 14478636 14419760  44.30     -1.00     -1.00     -1.00       0  vaultx

# Time        UID       PID    %usr %system  %guest   %wait    %CPU   CPU  minflt/s  majflt/s     VSZ     RSS   %MEM   kB_rd/s   kB_wr/s kB_ccwr/s iodelay  Command
05:43:05 PM  1001     53301  799.00    0.00    0.00    0.00  799.00     4      0.00      0.00 14478636 14419760  44.30     -1.00     -1.00     -1.00       0  vaultx

# Time        UID       PID    %usr %system  %guest   %wait    %CPU   CPU  minflt/s  majflt/s     VSZ     RSS   %MEM   kB_rd/s   kB_wr/s kB_ccwr/s iodelay  Command
05:43:06 PM  1001     53301  800.00    0.00    0.00    0.00  800.00     4      0.00      0.00 14478636 14419760  44.30     -1.00     -1.00     -1.00       0  vaultx

# Time        UID       PID    %usr %system  %guest   %wait    %CPU   CPU  minflt/s  majflt/s     VSZ     RSS   %MEM   kB_rd/s   kB_wr/s kB_ccwr/s iodelay  Command
05:43:07 PM  1001     53301  800.00    0.00    0.00    0.00  800.00     4      0.00      0.00 14478636 14419760  44.30     -1.00     -1.00     -1.00       0  vaultx

# Time        UID       PID    %usr %system  %guest   %wait    %CPU   CPU  minflt/s  majflt/s     VSZ     RSS   %MEM   kB_rd/s   kB_wr/s kB_ccwr/s iodelay  Command
05:43:08 PM  1001     53301  799.00    0.00    0.00    0.00  799.00     4      0.00      0.00 14478636 14419760  44.30     -1.00     -1.00     -1.00       0  vaultx

# Time        UID       PID    %usr %system  %guest   %wait    %CPU   CPU  minflt/s  majflt/s     VSZ     RSS   %MEM   kB_rd/s   kB_wr/s kB_ccwr/s iodelay  Command
05:43:09 PM  1001     53301  799.00    0.00    0.00    0.00  799.00     4      0.00      0.00 14478636 14419760  44.30     -1.00     -1.00     -1.00       0  vaultx

# Time        UID       PID    %usr %system  %guest   %wait    %CPU   CPU  minflt/s  majflt/s     VSZ     RSS   %MEM   kB_rd/s   kB_wr/s kB_ccwr/s iodelay  Command
05:43:10 PM  1001     53301  800.00    0.00    0.00    0.00  800.00     4      0.00      0.00 14478636 14419760  44.30     -1.00     -1.00     -1.00       0  vaultx

# Time        UID       PID    %usr %system  %guest   %wait    %CPU   CPU  minflt/s  majflt/s     VSZ     RSS   %MEM   kB_rd/s   kB_wr/s kB_ccwr/s iodelay  Command
05:43:11 PM  1001     53301  799.00    0.00    0.00    0.00  799.00     4      0.00      0.00 14478636 14419760  44.30     -1.00     -1.00     -1.00       0  vaultx

# Time        UID       PID    %usr %system  %guest   %wait    %CPU   CPU  minflt/s  majflt/s     VSZ     RSS   %MEM   kB_rd/s   kB_wr/s kB_ccwr/s iodelay  Command
05:43:12 PM  1001     53301  800.00    0.00    0.00    0.00  800.00     4      0.00      0.00 14478636 14419760  44.30     -1.00     -1.00     -1.00       0  vaultx

# Time        UID       PID    %usr %system  %guest   %wait    %CPU   CPU  minflt/s  majflt/s     VSZ     RSS   %MEM   kB_rd/s   kB_wr/s kB_ccwr/s iodelay  Command
05:43:13 PM  1001     53301  800.00    0.00    0.00    0.00  800.00     4      0.00      0.00 14478636 14419760  44.30     -1.00     -1.00     -1.00       0  vaultx

# Time        UID       PID    %usr %system  %guest   %wait    %CPU   CPU  minflt/s  majflt/s     VSZ     RSS   %MEM   kB_rd/s   kB_wr/s kB_ccwr/s iodelay  Command
05:43:14 PM  1001     53301  799.00    0.00    0.00    0.00  799.00     4      0.00      0.00 14478636 14419760  44.30     -1.00     -1.00     -1.00       0  vaultx

# Time        UID       PID    %usr %system  %guest   %wait    %CPU   CPU  minflt/s  majflt/s     VSZ     RSS   %MEM   kB_rd/s   kB_wr/s kB_ccwr/s iodelay  Command
05:43:15 PM  1001     53301  800.00    0.00    0.00    0.00  800.00     4      0.00      0.00 14478636 14419760  44.30     -1.00     -1.00     -1.00       0  vaultx

# Time        UID       PID    %usr %system  %guest   %wait    %CPU   CPU  minflt/s  majflt/s     VSZ     RSS   %MEM   kB_rd/s   kB_wr/s kB_ccwr/s iodelay  Command
05:43:16 PM  1001     53301  800.00    0.00    0.00    0.00  800.00     4      0.00      0.00 14478636 14419760  44.30     -1.00     -1.00     -1.00       0  vaultx

# Time        UID       PID    %usr %system  %guest   %wait    %CPU   CPU  minflt/s  majflt/s     VSZ     RSS   %MEM   kB_rd/s   kB_wr/s kB_ccwr/s iodelay  Command
05:43:17 PM  1001     53301  799.00    0.00    0.00    0.00  799.00     4      0.00      0.00 14478636 14419760  44.30     -1.00     -1.00     -1.00       0  vaultx

# Time        UID       PID    %usr %system  %guest   %wait    %CPU   CPU  minflt/s  majflt/s     VSZ     RSS   %MEM   kB_rd/s   kB_wr/s kB_ccwr/s iodelay  Command
05:43:18 PM  1001     53301  800.00    0.00    0.00    0.00  800.00     4      0.00      0.00 14478636 14419760  44.30     -1.00     -1.00     -1.00       0  vaultx

# Time        UID       PID    %usr %system  %guest   %wait    %CPU   CPU  minflt/s  majflt/s     VSZ     RSS   %MEM   kB_rd/s   kB_wr/s kB_ccwr/s iodelay  Command
05:43:19 PM  1001     53301  802.00    0.00    0.00    0.00  802.00     4      0.00      0.00 14478636 14419760  44.30     -1.00     -1.00     -1.00       0  vaultx

# Time        UID       PID    %usr %system  %guest   %wait    %CPU   CPU  minflt/s  majflt/s     VSZ     RSS   %MEM   kB_rd/s   kB_wr/s kB_ccwr/s iodelay  Command
05:43:20 PM  1001     53301  799.00    0.00    0.00    0.00  799.00     4      0.00      0.00 14478636 14419760  44.30     -1.00     -1.00     -1.00       0  vaultx

# Time        UID       PID    %usr %system  %guest   %wait    %CPU   CPU  minflt/s  majflt/s     VSZ     RSS   %MEM   kB_rd/s   kB_wr/s kB_ccwr/s iodelay  Command
05:43:21 PM  1001     53301  800.00    0.00    0.00    0.00  800.00     4      0.00      0.00 14478636 14419760  44.30     -1.00     -1.00     -1.00       0  vaultx

# Time        UID       PID    %usr %system  %guest   %wait    %CPU   CPU  minflt/s  majflt/s     VSZ     RSS   %MEM   kB_rd/s   kB_wr/s kB_ccwr/s iodelay  Command
05:43:22 PM  1001     53301  799.00    0.00    0.00    0.00  799.00     4      0.00      0.00 14478636 14419760  44.30     -1.00     -1.00     -1.00       0  vaultx

# Time        UID       PID    %usr %system  %guest   %wait    %CPU   CPU  minflt/s  majflt/s     VSZ     RSS   %MEM   kB_rd/s   kB_wr/s kB_ccwr/s iodelay  Command
05:43:23 PM  1001     53301  800.00    0.00    0.00    0.00  800.00     4      0.00      0.00 14478636 14419760  44.30     -1.00     -1.00     -1.00       0  vaultx

# Time        UID       PID    %usr %system  %guest   %wait    %CPU   CPU  minflt/s  majflt/s     VSZ     RSS   %MEM   kB_rd/s   kB_wr/s kB_ccwr/s iodelay  Command
05:43:24 PM  1001     53301  800.00    0.00    0.00    0.00  800.00     4      0.00      0.00 14478636 14419760  44.30     -1.00     -1.00     -1.00       0  vaultx

# Time        UID       PID    %usr %system  %guest   %wait    %CPU   CPU  minflt/s  majflt/s     VSZ     RSS   %MEM   kB_rd/s   kB_wr/s kB_ccwr/s iodelay  Command
05:43:25 PM  1001     53301  799.00    0.00    0.00    1.00  799.00     4      0.00      0.00 14478636 14419760  44.30     -1.00     -1.00     -1.00       0  vaultx

# Time        UID       PID    %usr %system  %guest   %wait    %CPU   CPU  minflt/s  majflt/s     VSZ     RSS   %MEM   kB_rd/s   kB_wr/s kB_ccwr/s iodelay  Command
05:43:26 PM  1001     53301  800.00    0.00    0.00    0.00  800.00     4      0.00      0.00 14478636 14419760  44.30     -1.00     -1.00     -1.00       0  vaultx

# Time        UID       PID    %usr %system  %guest   %wait    %CPU   CPU  minflt/s  majflt/s     VSZ     RSS   %MEM   kB_rd/s   kB_wr/s kB_ccwr/s iodelay  Command
05:43:27 PM  1001     53301  800.00    0.00    0.00    0.00  800.00     4      0.00      0.00 14478636 14419760  44.30     -1.00     -1.00     -1.00       0  vaultx

# Time        UID       PID    %usr %system  %guest   %wait    %CPU   CPU  minflt/s  majflt/s     VSZ     RSS   %MEM   kB_rd/s   kB_wr/s kB_ccwr/s iodelay  Command
05:43:28 PM  1001     53301  799.00    0.00    0.00    0.00  799.00     4      0.00      0.00 14478636 14419760  44.30     -1.00     -1.00     -1.00       0  vaultx

# Time        UID       PID    %usr %system  %guest   %wait    %CPU   CPU  minflt/s  majflt/s     VSZ     RSS   %MEM   kB_rd/s   kB_wr/s kB_ccwr/s iodelay  Command
05:43:29 PM  1001     53301  800.00    0.00    0.00    0.00  800.00     4      0.00      0.00 14478636 14419760  44.30     -1.00     -1.00     -1.00       0  vaultx

# Time        UID       PID    %usr %system  %guest   %wait    %CPU   CPU  minflt/s  majflt/s     VSZ     RSS   %MEM   kB_rd/s   kB_wr/s kB_ccwr/s iodelay  Command
05:43:30 PM  1001     53301  799.00    0.00    0.00    0.00  799.00     4      0.00      0.00 14478636 14419760  44.30     -1.00     -1.00     -1.00       0  vaultx

# Time        UID       PID    %usr %system  %guest   %wait    %CPU   CPU  minflt/s  majflt/s     VSZ     RSS   %MEM   kB_rd/s   kB_wr/s kB_ccwr/s iodelay  Command
05:43:31 PM  1001     53301  800.00    0.00    0.00    0.00  800.00     4      0.00      0.00 14478636 14419760  44.30     -1.00     -1.00     -1.00       0  vaultx

# Time        UID       PID    %usr %system  %guest   %wait    %CPU   CPU  minflt/s  majflt/s     VSZ     RSS   %MEM   kB_rd/s   kB_wr/s kB_ccwr/s iodelay  Command
05:43:32 PM  1001     53301  800.00    0.00    0.00    0.00  800.00     4      0.00      0.00 14478636 14419760  44.30     -1.00     -1.00     -1.00       0  vaultx

# Time        UID       PID    %usr %system  %guest   %wait    %CPU   CPU  minflt/s  majflt/s     VSZ     RSS   %MEM   kB_rd/s   kB_wr/s kB_ccwr/s iodelay  Command
05:43:33 PM  1001     53301  799.00    0.00    0.00    0.00  799.00     4      0.00      0.00 14478636 14419760  44.30     -1.00     -1.00     -1.00       0  vaultx

# Time        UID       PID    %usr %system  %guest   %wait    %CPU   CPU  minflt/s  majflt/s     VSZ     RSS   %MEM   kB_rd/s   kB_wr/s kB_ccwr/s iodelay  Command
05:43:34 PM  1001     53301  800.00    0.00    0.00    0.00  800.00     4      0.00      0.00 14478636 14419760  44.30     -1.00     -1.00     -1.00       0  vaultx

# Time        UID       PID    %usr %system  %guest   %wait    %CPU   CPU  minflt/s  majflt/s     VSZ     RSS   %MEM   kB_rd/s   kB_wr/s kB_ccwr/s iodelay  Command
05:43:35 PM  1001     53301  800.00    0.00    0.00    0.00  800.00     4      0.00      0.00 14478636 14419760  44.30     -1.00     -1.00     -1.00       0  vaultx

# Time        UID       PID    %usr %system  %guest   %wait    %CPU   CPU  minflt/s  majflt/s     VSZ     RSS   %MEM   kB_rd/s   kB_wr/s kB_ccwr/s iodelay  Command
05:43:36 PM  1001     53301  799.00    0.00    0.00    0.00  799.00     4      0.00      0.00 14478636 14419760  44.30     -1.00     -1.00     -1.00       0  vaultx

# Time        UID       PID    %usr %system  %guest   %wait    %CPU   CPU  minflt/s  majflt/s     VSZ     RSS   %MEM   kB_rd/s   kB_wr/s kB_ccwr/s iodelay  Command
05:43:37 PM  1001     53301  800.00    0.00    0.00    0.00  800.00     4      0.00      0.00 14478636 14419760  44.30     -1.00     -1.00     -1.00       0  vaultx

# Time        UID       PID    %usr %system  %guest   %wait    %CPU   CPU  minflt/s  majflt/s     VSZ     RSS   %MEM   kB_rd/s   kB_wr/s kB_ccwr/s iodelay  Command
05:43:38 PM  1001     53301  800.00    0.00    0.00    0.00  800.00     4      0.00      0.00 14478636 14419760  44.30     -1.00     -1.00     -1.00       0  vaultx

# Time        UID       PID    %usr %system  %guest   %wait    %CPU   CPU  minflt/s  majflt/s     VSZ     RSS   %MEM   kB_rd/s   kB_wr/s kB_ccwr/s iodelay  Command
05:43:39 PM  1001     53301  799.00    0.00    0.00    0.00  799.00     4      0.00      0.00 14478636 14419760  44.30     -1.00     -1.00     -1.00       0  vaultx

# Time        UID       PID    %usr %system  %guest   %wait    %CPU   CPU  minflt/s  majflt/s     VSZ     RSS   %MEM   kB_rd/s   kB_wr/s kB_ccwr/s iodelay  Command
05:43:40 PM  1001     53301  800.00    0.00    0.00    0.00  800.00     4      0.00      0.00 14478636 14419760  44.30     -1.00     -1.00     -1.00       0  vaultx

# Time        UID       PID    %usr %system  %guest   %wait    %CPU   CPU  minflt/s  majflt/s     VSZ     RSS   %MEM   kB_rd/s   kB_wr/s kB_ccwr/s iodelay  Command
05:43:41 PM  1001     53301  800.00    0.00    0.00    0.00  800.00     4      0.00      0.00 14478636 14419760  44.30     -1.00     -1.00     -1.00       0  vaultx

# Time        UID       PID    %usr %system  %guest   %wait    %CPU   CPU  minflt/s  majflt/s     VSZ     RSS   %MEM   kB_rd/s   kB_wr/s kB_ccwr/s iodelay  Command
05:43:42 PM  1001     53301  799.00    0.00    0.00    0.00  799.00     4      0.00      0.00 14478636 14419760  44.30     -1.00     -1.00     -1.00       0  vaultx

# Time        UID       PID    %usr %system  %guest   %wait    %CPU   CPU  minflt/s  majflt/s     VSZ     RSS   %MEM   kB_rd/s   kB_wr/s kB_ccwr/s iodelay  Command
05:43:43 PM  1001     53301  800.00    0.00    0.00    0.00  800.00     4      0.00      0.00 14478636 14419760  44.30     -1.00     -1.00     -1.00       0  vaultx

# Time        UID       PID    %usr %system  %guest   %wait    %CPU   CPU  minflt/s  majflt/s     VSZ     RSS   %MEM   kB_rd/s   kB_wr/s kB_ccwr/s iodelay  Command
05:43:44 PM  1001     53301  800.00    0.00    0.00    0.00  800.00     4      0.00      0.00 14478636 14419760  44.30     -1.00     -1.00     -1.00       0  vaultx

# Time        UID       PID    %usr %system  %guest   %wait    %CPU   CPU  minflt/s  majflt/s     VSZ     RSS   %MEM   kB_rd/s   kB_wr/s kB_ccwr/s iodelay  Command
05:43:45 PM  1001     53301  799.00    0.00    0.00    1.00  799.00     4      0.00      0.00 14478636 14419760  44.30     -1.00     -1.00     -1.00       0  vaultx

# Time        UID       PID    %usr %system  %guest   %wait    %CPU   CPU  minflt/s  majflt/s     VSZ     RSS   %MEM   kB_rd/s   kB_wr/s kB_ccwr/s iodelay  Command
05:43:46 PM  1001     53301  800.00    0.00    0.00    0.00  800.00     4      0.00      0.00 14478636 14419760  44.30     -1.00     -1.00     -1.00       0  vaultx

# Time        UID       PID    %usr %system  %guest   %wait    %CPU   CPU  minflt/s  majflt/s     VSZ     RSS   %MEM   kB_rd/s   kB_wr/s kB_ccwr/s iodelay  Command
05:43:47 PM  1001     53301  799.00    0.00    0.00    0.00  799.00     4      0.00      0.00 14478636 14419760  44.30     -1.00     -1.00     -1.00       0  vaultx

# Time        UID       PID    %usr %system  %guest   %wait    %CPU   CPU  minflt/s  majflt/s     VSZ     RSS   %MEM   kB_rd/s   kB_wr/s kB_ccwr/s iodelay  Command
05:43:48 PM  1001     53301  800.00    0.00    0.00    0.00  800.00     4      0.00      0.00 14478636 14419760  44.30     -1.00     -1.00     -1.00       0  vaultx

# Time        UID       PID    %usr %system  %guest   %wait    %CPU   CPU  minflt/s  majflt/s     VSZ     RSS   %MEM   kB_rd/s   kB_wr/s kB_ccwr/s iodelay  Command
05:43:49 PM  1001     53301  800.00    0.00    0.00    0.00  800.00     4      0.00      0.00 14478636 14419760  44.30     -1.00     -1.00     -1.00       0  vaultx

# Time        UID       PID    %usr %system  %guest   %wait    %CPU   CPU  minflt/s  majflt/s     VSZ     RSS   %MEM   kB_rd/s   kB_wr/s kB_ccwr/s iodelay  Command
05:43:50 PM  1001     53301  799.00    0.00    0.00    0.00  799.00     4      0.00      0.00 14478636 14419760  44.30     -1.00     -1.00     -1.00       0  vaultx

# Time        UID       PID    %usr %system  %guest   %wait    %CPU   CPU  minflt/s  majflt/s     VSZ     RSS   %MEM   kB_rd/s   kB_wr/s kB_ccwr/s iodelay  Command
05:43:51 PM  1001     53301  800.00    0.00    0.00    0.00  800.00     4      0.00      0.00 14478636 14419760  44.30     -1.00     -1.00     -1.00       0  vaultx

# Time        UID       PID    %usr %system  %guest   %wait    %CPU   CPU  minflt/s  majflt/s     VSZ     RSS   %MEM   kB_rd/s   kB_wr/s kB_ccwr/s iodelay  Command
05:43:52 PM  1001     53301  799.00    0.00    0.00    0.00  799.00     4      0.00      0.00 14478636 14419760  44.30     -1.00     -1.00     -1.00       0  vaultx

# Time        UID       PID    %usr %system  %guest   %wait    %CPU   CPU  minflt/s  majflt/s     VSZ     RSS   %MEM   kB_rd/s   kB_wr/s kB_ccwr/s iodelay  Command
05:43:53 PM  1001     53301  800.00    0.00    0.00    0.00  800.00     4      0.00      0.00 14478636 14419760  44.30     -1.00     -1.00     -1.00       0  vaultx

# Time        UID       PID    %usr %system  %guest   %wait    %CPU   CPU  minflt/s  majflt/s     VSZ     RSS   %MEM   kB_rd/s   kB_wr/s kB_ccwr/s iodelay  Command
05:43:54 PM  1001     53301  561.00    0.00    0.00    0.00  561.00     4      0.00      0.00 14478636 14419760  44.30     -1.00     -1.00     -1.00       0  vaultx

# Time        UID       PID    %usr %system  %guest   %wait    %CPU   CPU  minflt/s  majflt/s     VSZ     RSS   %MEM   kB_rd/s   kB_wr/s kB_ccwr/s iodelay  Command
05:43:55 PM  1001     53301  400.00    0.00    0.00    0.00  400.00     4      0.00      0.00 14478636 14419760  44.30     -1.00     -1.00     -1.00       0  vaultx

# Time        UID       PID    %usr %system  %guest   %wait    %CPU   CPU  minflt/s  majflt/s     VSZ     RSS   %MEM   kB_rd/s   kB_wr/s kB_ccwr/s iodelay  Command
05:43:56 PM  1001     53301  396.04    0.00    0.00    0.00  396.04     4      0.00      0.00 14478636 14419760  44.30     -1.00     -1.00     -1.00       0  vaultx

# Time        UID       PID    %usr %system  %guest   %wait    %CPU   CPU  minflt/s  majflt/s     VSZ     RSS   %MEM   kB_rd/s   kB_wr/s kB_ccwr/s iodelay  Command
05:43:57 PM  1001     53301  400.00    0.00    0.00    0.00  400.00     4      0.00      0.00 14478636 14419760  44.30     -1.00     -1.00     -1.00       0  vaultx

# Time        UID       PID    %usr %system  %guest   %wait    %CPU   CPU  minflt/s  majflt/s     VSZ     RSS   %MEM   kB_rd/s   kB_wr/s kB_ccwr/s iodelay  Command
05:43:58 PM  1001     53301  399.00    0.00    0.00    0.00  399.00     4      0.00      0.00 14478636 14419760  44.30     -1.00     -1.00     -1.00       0  vaultx

# Time        UID       PID    %usr %system  %guest   %wait    %CPU   CPU  minflt/s  majflt/s     VSZ     RSS   %MEM   kB_rd/s   kB_wr/s kB_ccwr/s iodelay  Command
05:43:59 PM  1001     53301  400.00    0.00    0.00    0.00  400.00     4      0.00      0.00 14478636 14419760  44.30     -1.00     -1.00     -1.00       0  vaultx

# Time        UID       PID    %usr %system  %guest   %wait    %CPU   CPU  minflt/s  majflt/s     VSZ     RSS   %MEM   kB_rd/s   kB_wr/s kB_ccwr/s iodelay  Command
05:44:00 PM  1001     53301  400.00    0.00    0.00    0.00  400.00     4      0.00      0.00 14478636 14419760  44.30     -1.00     -1.00     -1.00       0  vaultx

# Time        UID       PID    %usr %system  %guest   %wait    %CPU   CPU  minflt/s  majflt/s     VSZ     RSS   %MEM   kB_rd/s   kB_wr/s kB_ccwr/s iodelay  Command
05:44:01 PM  1001     53301  400.00    0.00    0.00    0.00  400.00     4      0.00      0.00 14478636 14419760  44.30     -1.00     -1.00     -1.00       0  vaultx

# Time        UID       PID    %usr %system  %guest   %wait    %CPU   CPU  minflt/s  majflt/s     VSZ     RSS   %MEM   kB_rd/s   kB_wr/s kB_ccwr/s iodelay  Command
05:44:02 PM  1001     53301  400.00    0.00    0.00    0.00  400.00     4      0.00      0.00 14478636 14419760  44.30     -1.00     -1.00     -1.00       0  vaultx

# Time        UID       PID    %usr %system  %guest   %wait    %CPU   CPU  minflt/s  majflt/s     VSZ     RSS   %MEM   kB_rd/s   kB_wr/s kB_ccwr/s iodelay  Command
05:44:03 PM  1001     53301  400.00    0.00    0.00    0.00  400.00     4      0.00      0.00 14478636 14419760  44.30     -1.00     -1.00     -1.00       0  vaultx

# Time        UID       PID    %usr %system  %guest   %wait    %CPU   CPU  minflt/s  majflt/s     VSZ     RSS   %MEM   kB_rd/s   kB_wr/s kB_ccwr/s iodelay  Command
05:44:04 PM  1001     53301  400.00    0.00    0.00    0.00  400.00     4      0.00      0.00 14478636 14419760  44.30     -1.00     -1.00     -1.00       0  vaultx

# Time        UID       PID    %usr %system  %guest   %wait    %CPU   CPU  minflt/s  majflt/s     VSZ     RSS   %MEM   kB_rd/s   kB_wr/s kB_ccwr/s iodelay  Command
05:44:05 PM  1001     53301  400.00    0.00    0.00    0.00  400.00     4      0.00      0.00 14478636 14419760  44.30     -1.00     -1.00     -1.00       0  vaultx

# Time        UID       PID    %usr %system  %guest   %wait    %CPU   CPU  minflt/s  majflt/s     VSZ     RSS   %MEM   kB_rd/s   kB_wr/s kB_ccwr/s iodelay  Command
05:44:06 PM  1001     53301  400.00    0.00    0.00    0.00  400.00     4      0.00      0.00 14478636 14419760  44.30     -1.00     -1.00     -1.00       0  vaultx

# Time        UID       PID    %usr %system  %guest   %wait    %CPU   CPU  minflt/s  majflt/s     VSZ     RSS   %MEM   kB_rd/s   kB_wr/s kB_ccwr/s iodelay  Command
05:44:07 PM  1001     53301  399.00    0.00    0.00    0.00  399.00     4      0.00      0.00 14478636 14419760  44.30     -1.00     -1.00     -1.00       0  vaultx

# Time        UID       PID    %usr %system  %guest   %wait    %CPU   CPU  minflt/s  majflt/s     VSZ     RSS   %MEM   kB_rd/s   kB_wr/s kB_ccwr/s iodelay  Command
05:44:08 PM  1001     53301  400.00    0.00    0.00    0.00  400.00     4      0.00      0.00 14478636 14419760  44.30     -1.00     -1.00     -1.00       0  vaultx

# Time        UID       PID    %usr %system  %guest   %wait    %CPU   CPU  minflt/s  majflt/s     VSZ     RSS   %MEM   kB_rd/s   kB_wr/s kB_ccwr/s iodelay  Command
05:44:09 PM  1001     53301  400.00    0.00    0.00    0.00  400.00     4      0.00      0.00 14478636 14419760  44.30     -1.00     -1.00     -1.00       0  vaultx

# Time        UID       PID    %usr %system  %guest   %wait    %CPU   CPU  minflt/s  majflt/s     VSZ     RSS   %MEM   kB_rd/s   kB_wr/s kB_ccwr/s iodelay  Command
05:44:10 PM  1001     53301  400.00    0.00    0.00    0.00  400.00     4      0.00      0.00 14478636 14419760  44.30     -1.00     -1.00     -1.00       0  vaultx

# Time        UID       PID    %usr %system  %guest   %wait    %CPU   CPU  minflt/s  majflt/s     VSZ     RSS   %MEM   kB_rd/s   kB_wr/s kB_ccwr/s iodelay  Command
05:44:11 PM  1001     53301  400.00    0.00    0.00    0.00  400.00     4      0.00      0.00 14478636 14419760  44.30     -1.00     -1.00     -1.00       0  vaultx

# Time        UID       PID    %usr %system  %guest   %wait    %CPU   CPU  minflt/s  majflt/s     VSZ     RSS   %MEM   kB_rd/s   kB_wr/s kB_ccwr/s iodelay  Command
05:44:12 PM  1001     53301  400.00    0.00    0.00    0.00  400.00     4      0.00      0.00 14478636 14419760  44.30     -1.00     -1.00     -1.00       0  vaultx

# Time        UID       PID    %usr %system  %guest   %wait    %CPU   CPU  minflt/s  majflt/s     VSZ     RSS   %MEM   kB_rd/s   kB_wr/s kB_ccwr/s iodelay  Command
05:44:13 PM  1001     53301  400.00    0.00    0.00    0.00  400.00     4      0.00      0.00 14478636 14419760  44.30     -1.00     -1.00     -1.00       0  vaultx

# Time        UID       PID    %usr %system  %guest   %wait    %CPU   CPU  minflt/s  majflt/s     VSZ     RSS   %MEM   kB_rd/s   kB_wr/s kB_ccwr/s iodelay  Command
05:44:14 PM  1001     53301  379.00    0.00    0.00    0.00  379.00     4      0.00      0.00 14478636 14419760  44.30     -1.00     -1.00     -1.00       0  vaultx

# Time        UID       PID    %usr %system  %guest   %wait    %CPU   CPU  minflt/s  majflt/s     VSZ     RSS   %MEM   kB_rd/s   kB_wr/s kB_ccwr/s iodelay  Command
----Run 2 for K=36, memory=4096 MB----
Linux 6.1.43-rockchip-rk3588 (orangepi5plus) 	07/07/2025 	_aarch64_	(8 CPU)

# Time        UID       PID    %usr %system  %guest   %wait    %CPU   CPU  minflt/s  majflt/s     VSZ     RSS   %MEM   kB_rd/s   kB_wr/s kB_ccwr/s iodelay  Command
05:44:17 PM  1001     53319   17.00   83.00    0.00    0.00  100.00     5 425631.00      0.00 2864640 1708168   5.25     -1.00     -1.00     -1.00       0  vaultx

# Time        UID       PID    %usr %system  %guest   %wait    %CPU   CPU  minflt/s  majflt/s     VSZ     RSS   %MEM   kB_rd/s   kB_wr/s kB_ccwr/s iodelay  Command
05:44:18 PM  1001     53319   28.00   73.00    0.00    0.00  101.00     5 631514.00      0.00 5161176 4234120  13.01     -1.00     -1.00     -1.00       0  vaultx

# Time        UID       PID    %usr %system  %guest   %wait    %CPU   CPU  minflt/s  majflt/s     VSZ     RSS   %MEM   kB_rd/s   kB_wr/s kB_ccwr/s iodelay  Command
05:44:19 PM  1001     53319   29.00   70.00    0.00    0.00   99.00     5 604127.00      0.00 7357920 6650776  20.43     -1.00     -1.00     -1.00       0  vaultx

# Time        UID       PID    %usr %system  %guest   %wait    %CPU   CPU  minflt/s  majflt/s     VSZ     RSS   %MEM   kB_rd/s   kB_wr/s kB_ccwr/s iodelay  Command
05:44:20 PM  1001     53319   25.00   74.00    0.00    0.00   99.00     5 603077.00      0.00 9550968 9062944  27.84     -1.00     -1.00     -1.00       0  vaultx

# Time        UID       PID    %usr %system  %guest   %wait    %CPU   CPU  minflt/s  majflt/s     VSZ     RSS   %MEM   kB_rd/s   kB_wr/s kB_ccwr/s iodelay  Command
05:44:21 PM  1001     53319   26.00   75.00    0.00    0.00  101.00     5 606345.00      0.00 11755896 11488312  35.30     -1.00     -1.00     -1.00       0  vaultx

# Time        UID       PID    %usr %system  %guest   %wait    %CPU   CPU  minflt/s  majflt/s     VSZ     RSS   %MEM   kB_rd/s   kB_wr/s kB_ccwr/s iodelay  Command
05:44:22 PM  1001     53319   29.00   71.00    0.00    0.00  100.00     5 606983.00      0.00 13963068 13916320  42.76     -1.00     -1.00     -1.00       0  vaultx

# Time        UID       PID    %usr %system  %guest   %wait    %CPU   CPU  minflt/s  majflt/s     VSZ     RSS   %MEM   kB_rd/s   kB_wr/s kB_ccwr/s iodelay  Command
05:44:23 PM  1001     53319  513.00   16.00    0.00    0.00  529.00     5 125896.00      0.00 14478636 14419768  44.30     -1.00     -1.00     -1.00       0  vaultx

# Time        UID       PID    %usr %system  %guest   %wait    %CPU   CPU  minflt/s  majflt/s     VSZ     RSS   %MEM   kB_rd/s   kB_wr/s kB_ccwr/s iodelay  Command
05:44:24 PM  1001     53319  799.00    0.00    0.00    0.00  799.00     5      0.00      0.00 14478636 14419768  44.30     -1.00     -1.00     -1.00       0  vaultx

# Time        UID       PID    %usr %system  %guest   %wait    %CPU   CPU  minflt/s  majflt/s     VSZ     RSS   %MEM   kB_rd/s   kB_wr/s kB_ccwr/s iodelay  Command
05:44:25 PM  1001     53319  800.00    0.00    0.00    0.00  800.00     5      0.00      0.00 14478636 14419768  44.30     -1.00     -1.00     -1.00       0  vaultx

# Time        UID       PID    %usr %system  %guest   %wait    %CPU   CPU  minflt/s  majflt/s     VSZ     RSS   %MEM   kB_rd/s   kB_wr/s kB_ccwr/s iodelay  Command
05:44:26 PM  1001     53319  799.00    0.00    0.00    0.00  799.00     5      0.00      0.00 14478636 14419768  44.30     -1.00     -1.00     -1.00       0  vaultx

# Time        UID       PID    %usr %system  %guest   %wait    %CPU   CPU  minflt/s  majflt/s     VSZ     RSS   %MEM   kB_rd/s   kB_wr/s kB_ccwr/s iodelay  Command
05:44:27 PM  1001     53319  800.00    0.00    0.00    0.00  800.00     5      0.00      0.00 14478636 14419768  44.30     -1.00     -1.00     -1.00       0  vaultx

# Time        UID       PID    %usr %system  %guest   %wait    %CPU   CPU  minflt/s  majflt/s     VSZ     RSS   %MEM   kB_rd/s   kB_wr/s kB_ccwr/s iodelay  Command
05:44:28 PM  1001     53319  800.00    0.00    0.00    1.00  800.00     5      0.00      0.00 14478636 14419768  44.30     -1.00     -1.00     -1.00       0  vaultx

# Time        UID       PID    %usr %system  %guest   %wait    %CPU   CPU  minflt/s  majflt/s     VSZ     RSS   %MEM   kB_rd/s   kB_wr/s kB_ccwr/s iodelay  Command
05:44:29 PM  1001     53319  799.00    0.00    0.00    0.00  799.00     5      0.00      0.00 14478636 14419768  44.30     -1.00     -1.00     -1.00       0  vaultx

# Time        UID       PID    %usr %system  %guest   %wait    %CPU   CPU  minflt/s  majflt/s     VSZ     RSS   %MEM   kB_rd/s   kB_wr/s kB_ccwr/s iodelay  Command
05:44:30 PM  1001     53319  800.00    1.00    0.00    0.00  801.00     5      0.00      0.00 14478636 14419768  44.30     -1.00     -1.00     -1.00       0  vaultx

# Time        UID       PID    %usr %system  %guest   %wait    %CPU   CPU  minflt/s  majflt/s     VSZ     RSS   %MEM   kB_rd/s   kB_wr/s kB_ccwr/s iodelay  Command
05:44:31 PM  1001     53319  800.00    0.00    0.00    0.00  800.00     5      0.00      0.00 14478636 14419768  44.30     -1.00     -1.00     -1.00       0  vaultx

# Time        UID       PID    %usr %system  %guest   %wait    %CPU   CPU  minflt/s  majflt/s     VSZ     RSS   %MEM   kB_rd/s   kB_wr/s kB_ccwr/s iodelay  Command
05:44:32 PM  1001     53319  799.00    0.00    0.00    0.00  799.00     5      0.00      0.00 14478636 14419768  44.30     -1.00     -1.00     -1.00       0  vaultx

# Time        UID       PID    %usr %system  %guest   %wait    %CPU   CPU  minflt/s  majflt/s     VSZ     RSS   %MEM   kB_rd/s   kB_wr/s kB_ccwr/s iodelay  Command
05:44:33 PM  1001     53319  800.00    0.00    0.00    0.00  800.00     5      0.00      0.00 14478636 14419768  44.30     -1.00     -1.00     -1.00       0  vaultx

# Time        UID       PID    %usr %system  %guest   %wait    %CPU   CPU  minflt/s  majflt/s     VSZ     RSS   %MEM   kB_rd/s   kB_wr/s kB_ccwr/s iodelay  Command
05:44:34 PM  1001     53319  800.00    0.00    0.00    0.00  800.00     5      0.00      0.00 14478636 14419768  44.30     -1.00     -1.00     -1.00       0  vaultx

# Time        UID       PID    %usr %system  %guest   %wait    %CPU   CPU  minflt/s  majflt/s     VSZ     RSS   %MEM   kB_rd/s   kB_wr/s kB_ccwr/s iodelay  Command
05:44:35 PM  1001     53319  799.00    0.00    0.00    0.00  799.00     5      0.00      0.00 14478636 14419768  44.30     -1.00     -1.00     -1.00       0  vaultx

# Time        UID       PID    %usr %system  %guest   %wait    %CPU   CPU  minflt/s  majflt/s     VSZ     RSS   %MEM   kB_rd/s   kB_wr/s kB_ccwr/s iodelay  Command
05:44:36 PM  1001     53319  800.00    0.00    0.00    0.00  800.00     5      0.00      0.00 14478636 14419768  44.30     -1.00     -1.00     -1.00       0  vaultx

# Time        UID       PID    %usr %system  %guest   %wait    %CPU   CPU  minflt/s  majflt/s     VSZ     RSS   %MEM   kB_rd/s   kB_wr/s kB_ccwr/s iodelay  Command
05:44:37 PM  1001     53319  800.00    0.00    0.00    0.00  800.00     5      0.00      0.00 14478636 14419768  44.30     -1.00     -1.00     -1.00       0  vaultx

# Time        UID       PID    %usr %system  %guest   %wait    %CPU   CPU  minflt/s  majflt/s     VSZ     RSS   %MEM   kB_rd/s   kB_wr/s kB_ccwr/s iodelay  Command
05:44:38 PM  1001     53319  799.00    0.00    0.00    0.00  799.00     5      0.00      0.00 14478636 14419768  44.30     -1.00     -1.00     -1.00       0  vaultx

# Time        UID       PID    %usr %system  %guest   %wait    %CPU   CPU  minflt/s  majflt/s     VSZ     RSS   %MEM   kB_rd/s   kB_wr/s kB_ccwr/s iodelay  Command
05:44:39 PM  1001     53319  800.00    0.00    0.00    0.00  800.00     5      0.00      0.00 14478636 14419768  44.30     -1.00     -1.00     -1.00       0  vaultx

# Time        UID       PID    %usr %system  %guest   %wait    %CPU   CPU  minflt/s  majflt/s     VSZ     RSS   %MEM   kB_rd/s   kB_wr/s kB_ccwr/s iodelay  Command
05:44:40 PM  1001     53319  800.00    0.00    0.00    0.00  800.00     5      0.00      0.00 14478636 14419768  44.30     -1.00     -1.00     -1.00       0  vaultx

# Time        UID       PID    %usr %system  %guest   %wait    %CPU   CPU  minflt/s  majflt/s     VSZ     RSS   %MEM   kB_rd/s   kB_wr/s kB_ccwr/s iodelay  Command
05:44:41 PM  1001     53319  799.00    0.00    0.00    0.00  799.00     5      0.00      0.00 14478636 14419768  44.30     -1.00     -1.00     -1.00       0  vaultx

# Time        UID       PID    %usr %system  %guest   %wait    %CPU   CPU  minflt/s  majflt/s     VSZ     RSS   %MEM   kB_rd/s   kB_wr/s kB_ccwr/s iodelay  Command
05:44:42 PM  1001     53319  800.00    0.00    0.00    1.00  800.00     5      0.00      0.00 14478636 14419768  44.30     -1.00     -1.00     -1.00       0  vaultx

# Time        UID       PID    %usr %system  %guest   %wait    %CPU   CPU  minflt/s  majflt/s     VSZ     RSS   %MEM   kB_rd/s   kB_wr/s kB_ccwr/s iodelay  Command
05:44:43 PM  1001     53319  799.00    0.00    0.00    0.00  799.00     5      0.00      0.00 14478636 14419768  44.30     -1.00     -1.00     -1.00       0  vaultx

# Time        UID       PID    %usr %system  %guest   %wait    %CPU   CPU  minflt/s  majflt/s     VSZ     RSS   %MEM   kB_rd/s   kB_wr/s kB_ccwr/s iodelay  Command
05:44:44 PM  1001     53319  800.00    0.00    0.00    0.00  800.00     5      0.00      0.00 14478636 14419768  44.30     -1.00     -1.00     -1.00       0  vaultx

# Time        UID       PID    %usr %system  %guest   %wait    %CPU   CPU  minflt/s  majflt/s     VSZ     RSS   %MEM   kB_rd/s   kB_wr/s kB_ccwr/s iodelay  Command
05:44:45 PM  1001     53319  800.00    0.00    0.00    0.00  800.00     5      0.00      0.00 14478636 14419768  44.30     -1.00     -1.00     -1.00       0  vaultx

# Time        UID       PID    %usr %system  %guest   %wait    %CPU   CPU  minflt/s  majflt/s     VSZ     RSS   %MEM   kB_rd/s   kB_wr/s kB_ccwr/s iodelay  Command
05:44:46 PM  1001     53319  799.00    0.00    0.00    0.00  799.00     5      0.00      0.00 14478636 14419768  44.30     -1.00     -1.00     -1.00       0  vaultx

# Time        UID       PID    %usr %system  %guest   %wait    %CPU   CPU  minflt/s  majflt/s     VSZ     RSS   %MEM   kB_rd/s   kB_wr/s kB_ccwr/s iodelay  Command
05:44:47 PM  1001     53319  800.00    0.00    0.00    0.00  800.00     5      0.00      0.00 14478636 14419768  44.30     -1.00     -1.00     -1.00       0  vaultx

# Time        UID       PID    %usr %system  %guest   %wait    %CPU   CPU  minflt/s  majflt/s     VSZ     RSS   %MEM   kB_rd/s   kB_wr/s kB_ccwr/s iodelay  Command
05:44:48 PM  1001     53319  800.00    0.00    0.00    0.00  800.00     5      0.00      0.00 14478636 14419768  44.30     -1.00     -1.00     -1.00       0  vaultx

# Time        UID       PID    %usr %system  %guest   %wait    %CPU   CPU  minflt/s  majflt/s     VSZ     RSS   %MEM   kB_rd/s   kB_wr/s kB_ccwr/s iodelay  Command
05:44:49 PM  1001     53319  800.00    0.00    0.00    0.00  800.00     5      0.00      0.00 14478636 14419768  44.30     -1.00     -1.00     -1.00       0  vaultx

# Time        UID       PID    %usr %system  %guest   %wait    %CPU   CPU  minflt/s  majflt/s     VSZ     RSS   %MEM   kB_rd/s   kB_wr/s kB_ccwr/s iodelay  Command
05:44:50 PM  1001     53319  799.00    0.00    0.00    0.00  799.00     5      0.00      0.00 14478636 14419768  44.30     -1.00     -1.00     -1.00       0  vaultx

# Time        UID       PID    %usr %system  %guest   %wait    %CPU   CPU  minflt/s  majflt/s     VSZ     RSS   %MEM   kB_rd/s   kB_wr/s kB_ccwr/s iodelay  Command
05:44:51 PM  1001     53319  800.00    0.00    0.00    0.00  800.00     5      0.00      0.00 14478636 14419768  44.30     -1.00     -1.00     -1.00       0  vaultx

# Time        UID       PID    %usr %system  %guest   %wait    %CPU   CPU  minflt/s  majflt/s     VSZ     RSS   %MEM   kB_rd/s   kB_wr/s kB_ccwr/s iodelay  Command
05:44:52 PM  1001     53319  800.00    0.00    0.00    0.00  800.00     5      0.00      0.00 14478636 14419768  44.30     -1.00     -1.00     -1.00       0  vaultx

# Time        UID       PID    %usr %system  %guest   %wait    %CPU   CPU  minflt/s  majflt/s     VSZ     RSS   %MEM   kB_rd/s   kB_wr/s kB_ccwr/s iodelay  Command
05:44:53 PM  1001     53319  798.00    0.00    0.00    0.00  798.00     5      0.00      0.00 14478636 14419768  44.30     -1.00     -1.00     -1.00       0  vaultx

# Time        UID       PID    %usr %system  %guest   %wait    %CPU   CPU  minflt/s  majflt/s     VSZ     RSS   %MEM   kB_rd/s   kB_wr/s kB_ccwr/s iodelay  Command
05:44:54 PM  1001     53319  799.00    0.00    0.00    0.00  799.00     5      0.00      0.00 14478636 14419768  44.30     -1.00     -1.00     -1.00       0  vaultx

# Time        UID       PID    %usr %system  %guest   %wait    %CPU   CPU  minflt/s  majflt/s     VSZ     RSS   %MEM   kB_rd/s   kB_wr/s kB_ccwr/s iodelay  Command
05:44:55 PM  1001     53319  800.00    0.00    0.00    0.00  800.00     5      0.00      0.00 14478636 14419768  44.30     -1.00     -1.00     -1.00       0  vaultx

# Time        UID       PID    %usr %system  %guest   %wait    %CPU   CPU  minflt/s  majflt/s     VSZ     RSS   %MEM   kB_rd/s   kB_wr/s kB_ccwr/s iodelay  Command
05:44:56 PM  1001     53319  800.00    0.00    0.00    1.00  800.00     5      0.00      0.00 14478636 14419768  44.30     -1.00     -1.00     -1.00       0  vaultx

# Time        UID       PID    %usr %system  %guest   %wait    %CPU   CPU  minflt/s  majflt/s     VSZ     RSS   %MEM   kB_rd/s   kB_wr/s kB_ccwr/s iodelay  Command
05:44:57 PM  1001     53319  799.00    0.00    0.00    0.00  799.00     5      0.00      0.00 14478636 14419768  44.30     -1.00     -1.00     -1.00       0  vaultx

# Time        UID       PID    %usr %system  %guest   %wait    %CPU   CPU  minflt/s  majflt/s     VSZ     RSS   %MEM   kB_rd/s   kB_wr/s kB_ccwr/s iodelay  Command
05:44:58 PM  1001     53319  800.00    0.00    0.00    0.00  800.00     5      0.00      0.00 14478636 14419768  44.30     -1.00     -1.00     -1.00       0  vaultx

# Time        UID       PID    %usr %system  %guest   %wait    %CPU   CPU  minflt/s  majflt/s     VSZ     RSS   %MEM   kB_rd/s   kB_wr/s kB_ccwr/s iodelay  Command
05:44:59 PM  1001     53319  800.00    0.00    0.00    0.00  800.00     5      0.00      0.00 14478636 14419768  44.30     -1.00     -1.00     -1.00       0  vaultx

# Time        UID       PID    %usr %system  %guest   %wait    %CPU   CPU  minflt/s  majflt/s     VSZ     RSS   %MEM   kB_rd/s   kB_wr/s kB_ccwr/s iodelay  Command
05:45:00 PM  1001     53319  799.00    0.00    0.00    0.00  799.00     5      0.00      0.00 14478636 14419768  44.30     -1.00     -1.00     -1.00       0  vaultx

# Time        UID       PID    %usr %system  %guest   %wait    %CPU   CPU  minflt/s  majflt/s     VSZ     RSS   %MEM   kB_rd/s   kB_wr/s kB_ccwr/s iodelay  Command
05:45:01 PM  1001     53319  799.00    0.00    0.00    0.00  799.00     5      0.00      0.00 14478636 14419768  44.30     -1.00     -1.00     -1.00       0  vaultx

# Time        UID       PID    %usr %system  %guest   %wait    %CPU   CPU  minflt/s  majflt/s     VSZ     RSS   %MEM   kB_rd/s   kB_wr/s kB_ccwr/s iodelay  Command
05:45:02 PM  1001     53319  795.00    0.00    0.00    2.00  795.00     5      0.00      0.00 14478636 14419768  44.30     -1.00     -1.00     -1.00       0  vaultx

# Time        UID       PID    %usr %system  %guest   %wait    %CPU   CPU  minflt/s  majflt/s     VSZ     RSS   %MEM   kB_rd/s   kB_wr/s kB_ccwr/s iodelay  Command
05:45:03 PM  1001     53319  800.00    0.00    0.00    0.00  800.00     5      0.00      0.00 14478636 14419768  44.30     -1.00     -1.00     -1.00       0  vaultx

# Time        UID       PID    %usr %system  %guest   %wait    %CPU   CPU  minflt/s  majflt/s     VSZ     RSS   %MEM   kB_rd/s   kB_wr/s kB_ccwr/s iodelay  Command
05:45:04 PM  1001     53319  800.00    0.00    0.00    0.00  800.00     5      0.00      0.00 14478636 14419768  44.30     -1.00     -1.00     -1.00       0  vaultx

# Time        UID       PID    %usr %system  %guest   %wait    %CPU   CPU  minflt/s  majflt/s     VSZ     RSS   %MEM   kB_rd/s   kB_wr/s kB_ccwr/s iodelay  Command
05:45:05 PM  1001     53319  799.00    0.00    0.00    0.00  799.00     5      0.00      0.00 14478636 14419768  44.30     -1.00     -1.00     -1.00       0  vaultx

# Time        UID       PID    %usr %system  %guest   %wait    %CPU   CPU  minflt/s  majflt/s     VSZ     RSS   %MEM   kB_rd/s   kB_wr/s kB_ccwr/s iodelay  Command
05:45:06 PM  1001     53319  800.00    0.00    0.00    1.00  800.00     5      0.00      0.00 14478636 14419768  44.30     -1.00     -1.00     -1.00       0  vaultx

# Time        UID       PID    %usr %system  %guest   %wait    %CPU   CPU  minflt/s  majflt/s     VSZ     RSS   %MEM   kB_rd/s   kB_wr/s kB_ccwr/s iodelay  Command
05:45:07 PM  1001     53319  800.00    0.00    0.00    0.00  800.00     5      0.00      0.00 14478636 14419768  44.30     -1.00     -1.00     -1.00       0  vaultx

# Time        UID       PID    %usr %system  %guest   %wait    %CPU   CPU  minflt/s  majflt/s     VSZ     RSS   %MEM   kB_rd/s   kB_wr/s kB_ccwr/s iodelay  Command
05:45:08 PM  1001     53319  799.00    0.00    0.00    0.00  799.00     5      0.00      0.00 14478636 14419768  44.30     -1.00     -1.00     -1.00       0  vaultx

# Time        UID       PID    %usr %system  %guest   %wait    %CPU   CPU  minflt/s  majflt/s     VSZ     RSS   %MEM   kB_rd/s   kB_wr/s kB_ccwr/s iodelay  Command
05:45:09 PM  1001     53319  800.00    0.00    0.00    0.00  800.00     5      0.00      0.00 14478636 14419768  44.30     -1.00     -1.00     -1.00       0  vaultx

# Time        UID       PID    %usr %system  %guest   %wait    %CPU   CPU  minflt/s  majflt/s     VSZ     RSS   %MEM   kB_rd/s   kB_wr/s kB_ccwr/s iodelay  Command
05:45:10 PM  1001     53319  797.00    0.00    0.00    2.00  797.00     5      0.00      0.00 14478636 14419768  44.30     -1.00     -1.00     -1.00       0  vaultx

# Time        UID       PID    %usr %system  %guest   %wait    %CPU   CPU  minflt/s  majflt/s     VSZ     RSS   %MEM   kB_rd/s   kB_wr/s kB_ccwr/s iodelay  Command
05:45:11 PM  1001     53319  800.00    0.00    0.00    0.00  800.00     5      0.00      0.00 14478636 14419768  44.30     -1.00     -1.00     -1.00       0  vaultx

# Time        UID       PID    %usr %system  %guest   %wait    %CPU   CPU  minflt/s  majflt/s     VSZ     RSS   %MEM   kB_rd/s   kB_wr/s kB_ccwr/s iodelay  Command
05:45:12 PM  1001     53319  800.00    0.00    0.00    0.00  800.00     5      0.00      0.00 14478636 14419768  44.30     -1.00     -1.00     -1.00       0  vaultx

# Time        UID       PID    %usr %system  %guest   %wait    %CPU   CPU  minflt/s  majflt/s     VSZ     RSS   %MEM   kB_rd/s   kB_wr/s kB_ccwr/s iodelay  Command
05:45:13 PM  1001     53319  799.00    0.00    0.00    0.00  799.00     5      0.00      0.00 14478636 14419768  44.30     -1.00     -1.00     -1.00       0  vaultx

# Time        UID       PID    %usr %system  %guest   %wait    %CPU   CPU  minflt/s  majflt/s     VSZ     RSS   %MEM   kB_rd/s   kB_wr/s kB_ccwr/s iodelay  Command
05:45:14 PM  1001     53319  800.00    0.00    0.00    0.00  800.00     5      0.00      0.00 14478636 14419768  44.30     -1.00     -1.00     -1.00       0  vaultx

# Time        UID       PID    %usr %system  %guest   %wait    %CPU   CPU  minflt/s  majflt/s     VSZ     RSS   %MEM   kB_rd/s   kB_wr/s kB_ccwr/s iodelay  Command
05:45:15 PM  1001     53319  800.00    0.00    0.00    0.00  800.00     5      0.00      0.00 14478636 14419768  44.30     -1.00     -1.00     -1.00       0  vaultx

# Time        UID       PID    %usr %system  %guest   %wait    %CPU   CPU  minflt/s  majflt/s     VSZ     RSS   %MEM   kB_rd/s   kB_wr/s kB_ccwr/s iodelay  Command
05:45:16 PM  1001     53319  799.00    0.00    0.00    0.00  799.00     5      0.00      0.00 14478636 14419768  44.30     -1.00     -1.00     -1.00       0  vaultx

# Time        UID       PID    %usr %system  %guest   %wait    %CPU   CPU  minflt/s  majflt/s     VSZ     RSS   %MEM   kB_rd/s   kB_wr/s kB_ccwr/s iodelay  Command
05:45:17 PM  1001     53319  800.00    0.00    0.00    0.00  800.00     5      0.00      0.00 14478636 14419768  44.30     -1.00     -1.00     -1.00       0  vaultx

# Time        UID       PID    %usr %system  %guest   %wait    %CPU   CPU  minflt/s  majflt/s     VSZ     RSS   %MEM   kB_rd/s   kB_wr/s kB_ccwr/s iodelay  Command
05:45:18 PM  1001     53319  802.00    0.00    0.00    0.00  802.00     5      0.00      0.00 14478636 14419768  44.30     -1.00     -1.00     -1.00       0  vaultx

# Time        UID       PID    %usr %system  %guest   %wait    %CPU   CPU  minflt/s  majflt/s     VSZ     RSS   %MEM   kB_rd/s   kB_wr/s kB_ccwr/s iodelay  Command
05:45:19 PM  1001     53319  800.00    0.00    0.00    0.00  800.00     5      0.00      0.00 14478636 14419768  44.30     -1.00     -1.00     -1.00       0  vaultx

# Time        UID       PID    %usr %system  %guest   %wait    %CPU   CPU  minflt/s  majflt/s     VSZ     RSS   %MEM   kB_rd/s   kB_wr/s kB_ccwr/s iodelay  Command
05:45:20 PM  1001     53319  799.00    0.00    0.00    0.00  799.00     5      0.00      0.00 14478636 14419768  44.30     -1.00     -1.00     -1.00       0  vaultx

# Time        UID       PID    %usr %system  %guest   %wait    %CPU   CPU  minflt/s  majflt/s     VSZ     RSS   %MEM   kB_rd/s   kB_wr/s kB_ccwr/s iodelay  Command
05:45:21 PM  1001     53319  800.00    0.00    0.00    0.00  800.00     5      0.00      0.00 14478636 14419768  44.30     -1.00     -1.00     -1.00       0  vaultx

# Time        UID       PID    %usr %system  %guest   %wait    %CPU   CPU  minflt/s  majflt/s     VSZ     RSS   %MEM   kB_rd/s   kB_wr/s kB_ccwr/s iodelay  Command
05:45:22 PM  1001     53319  800.00    0.00    0.00    0.00  800.00     5      0.00      0.00 14478636 14419768  44.30     -1.00     -1.00     -1.00       0  vaultx

# Time        UID       PID    %usr %system  %guest   %wait    %CPU   CPU  minflt/s  majflt/s     VSZ     RSS   %MEM   kB_rd/s   kB_wr/s kB_ccwr/s iodelay  Command
05:45:23 PM  1001     53319  799.00    0.00    0.00    0.00  799.00     5      0.00      0.00 14478636 14419768  44.30     -1.00     -1.00     -1.00       0  vaultx

# Time        UID       PID    %usr %system  %guest   %wait    %CPU   CPU  minflt/s  majflt/s     VSZ     RSS   %MEM   kB_rd/s   kB_wr/s kB_ccwr/s iodelay  Command
05:45:24 PM  1001     53319  800.00    0.00    0.00    1.00  800.00     5      0.00      0.00 14478636 14419768  44.30     -1.00     -1.00     -1.00       0  vaultx

# Time        UID       PID    %usr %system  %guest   %wait    %CPU   CPU  minflt/s  majflt/s     VSZ     RSS   %MEM   kB_rd/s   kB_wr/s kB_ccwr/s iodelay  Command
05:45:25 PM  1001     53319  800.00    0.00    0.00    0.00  800.00     5      0.00      0.00 14478636 14419768  44.30     -1.00     -1.00     -1.00       0  vaultx

# Time        UID       PID    %usr %system  %guest   %wait    %CPU   CPU  minflt/s  majflt/s     VSZ     RSS   %MEM   kB_rd/s   kB_wr/s kB_ccwr/s iodelay  Command
05:45:26 PM  1001     53319  799.00    0.00    0.00    0.00  799.00     5      0.00      0.00 14478636 14419768  44.30     -1.00     -1.00     -1.00       0  vaultx

# Time        UID       PID    %usr %system  %guest   %wait    %CPU   CPU  minflt/s  majflt/s     VSZ     RSS   %MEM   kB_rd/s   kB_wr/s kB_ccwr/s iodelay  Command
05:45:27 PM  1001     53319  800.00    0.00    0.00    0.00  800.00     5      0.00      0.00 14478636 14419768  44.30     -1.00     -1.00     -1.00       0  vaultx

# Time        UID       PID    %usr %system  %guest   %wait    %CPU   CPU  minflt/s  majflt/s     VSZ     RSS   %MEM   kB_rd/s   kB_wr/s kB_ccwr/s iodelay  Command
05:45:28 PM  1001     53319  800.00    0.00    0.00    0.00  800.00     5      0.00      0.00 14478636 14419768  44.30     -1.00     -1.00     -1.00       0  vaultx

# Time        UID       PID    %usr %system  %guest   %wait    %CPU   CPU  minflt/s  majflt/s     VSZ     RSS   %MEM   kB_rd/s   kB_wr/s kB_ccwr/s iodelay  Command
05:45:29 PM  1001     53319  799.00    0.00    0.00    0.00  799.00     5      0.00      0.00 14478636 14419768  44.30     -1.00     -1.00     -1.00       0  vaultx

# Time        UID       PID    %usr %system  %guest   %wait    %CPU   CPU  minflt/s  majflt/s     VSZ     RSS   %MEM   kB_rd/s   kB_wr/s kB_ccwr/s iodelay  Command
05:45:30 PM  1001     53319  646.00    0.00    0.00    0.00  646.00     5      0.00      0.00 14478636 14419768  44.30     -1.00     -1.00     -1.00       0  vaultx

# Time        UID       PID    %usr %system  %guest   %wait    %CPU   CPU  minflt/s  majflt/s     VSZ     RSS   %MEM   kB_rd/s   kB_wr/s kB_ccwr/s iodelay  Command
05:45:31 PM  1001     53319  400.00    0.00    0.00    0.00  400.00     5      0.00      0.00 14478636 14419768  44.30     -1.00     -1.00     -1.00       0  vaultx

# Time        UID       PID    %usr %system  %guest   %wait    %CPU   CPU  minflt/s  majflt/s     VSZ     RSS   %MEM   kB_rd/s   kB_wr/s kB_ccwr/s iodelay  Command
05:45:32 PM  1001     53319  400.00    0.00    0.00    0.00  400.00     5      0.00      0.00 14478636 14419768  44.30     -1.00     -1.00     -1.00       0  vaultx

# Time        UID       PID    %usr %system  %guest   %wait    %CPU   CPU  minflt/s  majflt/s     VSZ     RSS   %MEM   kB_rd/s   kB_wr/s kB_ccwr/s iodelay  Command
05:45:33 PM  1001     53319  400.00    0.00    0.00    0.00  400.00     5      0.00      0.00 14478636 14419768  44.30     -1.00     -1.00     -1.00       0  vaultx

# Time        UID       PID    %usr %system  %guest   %wait    %CPU   CPU  minflt/s  majflt/s     VSZ     RSS   %MEM   kB_rd/s   kB_wr/s kB_ccwr/s iodelay  Command
05:45:34 PM  1001     53319  400.00    0.00    0.00    0.00  400.00     5      0.00      0.00 14478636 14419768  44.30     -1.00     -1.00     -1.00       0  vaultx

# Time        UID       PID    %usr %system  %guest   %wait    %CPU   CPU  minflt/s  majflt/s     VSZ     RSS   %MEM   kB_rd/s   kB_wr/s kB_ccwr/s iodelay  Command
05:45:35 PM  1001     53319  400.00    0.00    0.00    0.00  400.00     5      0.00      0.00 14478636 14419768  44.30     -1.00     -1.00     -1.00       0  vaultx

# Time        UID       PID    %usr %system  %guest   %wait    %CPU   CPU  minflt/s  majflt/s     VSZ     RSS   %MEM   kB_rd/s   kB_wr/s kB_ccwr/s iodelay  Command
05:45:36 PM  1001     53319  400.00    0.00    0.00    0.00  400.00     5      0.00      0.00 14478636 14419768  44.30     -1.00     -1.00     -1.00       0  vaultx

# Time        UID       PID    %usr %system  %guest   %wait    %CPU   CPU  minflt/s  majflt/s     VSZ     RSS   %MEM   kB_rd/s   kB_wr/s kB_ccwr/s iodelay  Command
05:45:37 PM  1001     53319  399.00    0.00    0.00    0.00  399.00     5      0.00      0.00 14478636 14419768  44.30     -1.00     -1.00     -1.00       0  vaultx

# Time        UID       PID    %usr %system  %guest   %wait    %CPU   CPU  minflt/s  majflt/s     VSZ     RSS   %MEM   kB_rd/s   kB_wr/s kB_ccwr/s iodelay  Command
05:45:38 PM  1001     53319  400.00    0.00    0.00    0.00  400.00     5      0.00      0.00 14478636 14419768  44.30     -1.00     -1.00     -1.00       0  vaultx

# Time        UID       PID    %usr %system  %guest   %wait    %CPU   CPU  minflt/s  majflt/s     VSZ     RSS   %MEM   kB_rd/s   kB_wr/s kB_ccwr/s iodelay  Command
05:45:39 PM  1001     53319  400.00    0.00    0.00    0.00  400.00     5      0.00      0.00 14478636 14419768  44.30     -1.00     -1.00     -1.00       0  vaultx

# Time        UID       PID    %usr %system  %guest   %wait    %CPU   CPU  minflt/s  majflt/s     VSZ     RSS   %MEM   kB_rd/s   kB_wr/s kB_ccwr/s iodelay  Command
05:45:40 PM  1001     53319  400.00    0.00    0.00    0.00  400.00     5      0.00      0.00 14478636 14419768  44.30     -1.00     -1.00     -1.00       0  vaultx

# Time        UID       PID    %usr %system  %guest   %wait    %CPU   CPU  minflt/s  majflt/s     VSZ     RSS   %MEM   kB_rd/s   kB_wr/s kB_ccwr/s iodelay  Command
05:45:41 PM  1001     53319  400.00    0.00    0.00    0.00  400.00     5      0.00      0.00 14478636 14419768  44.30     -1.00     -1.00     -1.00       0  vaultx

# Time        UID       PID    %usr %system  %guest   %wait    %CPU   CPU  minflt/s  majflt/s     VSZ     RSS   %MEM   kB_rd/s   kB_wr/s kB_ccwr/s iodelay  Command
05:45:42 PM  1001     53319  400.00    0.00    0.00    0.00  400.00     5      0.00      0.00 14478636 14419768  44.30     -1.00     -1.00     -1.00       0  vaultx

# Time        UID       PID    %usr %system  %guest   %wait    %CPU   CPU  minflt/s  majflt/s     VSZ     RSS   %MEM   kB_rd/s   kB_wr/s kB_ccwr/s iodelay  Command
05:45:43 PM  1001     53319  400.00    0.00    0.00    0.00  400.00     5      0.00      0.00 14478636 14419768  44.30     -1.00     -1.00     -1.00       0  vaultx

# Time        UID       PID    %usr %system  %guest   %wait    %CPU   CPU  minflt/s  majflt/s     VSZ     RSS   %MEM   kB_rd/s   kB_wr/s kB_ccwr/s iodelay  Command
05:45:44 PM  1001     53319  400.00    0.00    0.00    0.00  400.00     5      0.00      0.00 14478636 14419768  44.30     -1.00     -1.00     -1.00       0  vaultx

# Time        UID       PID    %usr %system  %guest   %wait    %CPU   CPU  minflt/s  majflt/s     VSZ     RSS   %MEM   kB_rd/s   kB_wr/s kB_ccwr/s iodelay  Command
05:45:45 PM  1001     53319  400.00    0.00    0.00    0.00  400.00     5      0.00      0.00 14478636 14419768  44.30     -1.00     -1.00     -1.00       0  vaultx

# Time        UID       PID    %usr %system  %guest   %wait    %CPU   CPU  minflt/s  majflt/s     VSZ     RSS   %MEM   kB_rd/s   kB_wr/s kB_ccwr/s iodelay  Command
05:45:46 PM  1001     53319  401.00    0.00    0.00    0.00  401.00     5      0.00      0.00 14478636 14419768  44.30     -1.00     -1.00     -1.00       0  vaultx

# Time        UID       PID    %usr %system  %guest   %wait    %CPU   CPU  minflt/s  majflt/s     VSZ     RSS   %MEM   kB_rd/s   kB_wr/s kB_ccwr/s iodelay  Command
05:45:47 PM  1001     53319  400.00    0.00    0.00    0.00  400.00     5      0.00      0.00 14478636 14419768  44.30     -1.00     -1.00     -1.00       0  vaultx

# Time        UID       PID    %usr %system  %guest   %wait    %CPU   CPU  minflt/s  majflt/s     VSZ     RSS   %MEM   kB_rd/s   kB_wr/s kB_ccwr/s iodelay  Command
05:45:48 PM  1001     53319  396.04    0.00    0.00    0.00  396.04     5      0.00      0.00 14478636 14419768  44.30     -1.00     -1.00     -1.00       0  vaultx

# Time        UID       PID    %usr %system  %guest   %wait    %CPU   CPU  minflt/s  majflt/s     VSZ     RSS   %MEM   kB_rd/s   kB_wr/s kB_ccwr/s iodelay  Command
05:45:49 PM  1001     53319  399.00    0.00    0.00    0.00  399.00     5      0.00      0.00 14478636 14419768  44.30     -1.00     -1.00     -1.00       0  vaultx

# Time        UID       PID    %usr %system  %guest   %wait    %CPU   CPU  minflt/s  majflt/s     VSZ     RSS   %MEM   kB_rd/s   kB_wr/s kB_ccwr/s iodelay  Command
05:45:50 PM  1001     53319  397.00    0.00    0.00    0.00  397.00     5      0.00      0.00 14478636 14419768  44.30     -1.00     -1.00     -1.00       0  vaultx

# Time        UID       PID    %usr %system  %guest   %wait    %CPU   CPU  minflt/s  majflt/s     VSZ     RSS   %MEM   kB_rd/s   kB_wr/s kB_ccwr/s iodelay  Command
----Run 3 for K=36, memory=4096 MB----
Linux 6.1.43-rockchip-rk3588 (orangepi5plus) 	07/07/2025 	_aarch64_	(8 CPU)

# Time        UID       PID    %usr %system  %guest   %wait    %CPU   CPU  minflt/s  majflt/s     VSZ     RSS   %MEM   kB_rd/s   kB_wr/s kB_ccwr/s iodelay  Command
05:45:52 PM  1001     53349   17.00   81.00    0.00    0.00   98.00     4 380066.00      0.00 2695680 1522048   4.68     -1.00     -1.00     -1.00       0  vaultx

# Time        UID       PID    %usr %system  %guest   %wait    %CPU   CPU  minflt/s  majflt/s     VSZ     RSS   %MEM   kB_rd/s   kB_wr/s kB_ccwr/s iodelay  Command
05:45:53 PM  1001     53349   27.00   73.00    0.00    0.00  100.00     4 628456.00      0.00 4980864 4036120  12.40     -1.00     -1.00     -1.00       0  vaultx

# Time        UID       PID    %usr %system  %guest   %wait    %CPU   CPU  minflt/s  majflt/s     VSZ     RSS   %MEM   kB_rd/s   kB_wr/s kB_ccwr/s iodelay  Command
05:45:54 PM  1001     53349   29.00   71.00    0.00    0.00  100.00     4 611082.00      0.00 7203084 6480232  19.91     -1.00     -1.00     -1.00       0  vaultx

# Time        UID       PID    %usr %system  %guest   %wait    %CPU   CPU  minflt/s  majflt/s     VSZ     RSS   %MEM   kB_rd/s   kB_wr/s kB_ccwr/s iodelay  Command
05:45:55 PM  1001     53349   29.00   70.00    0.00    0.00   99.00     4 612903.00      0.00 9431772 8932000  27.44     -1.00     -1.00     -1.00       0  vaultx

# Time        UID       PID    %usr %system  %guest   %wait    %CPU   CPU  minflt/s  majflt/s     VSZ     RSS   %MEM   kB_rd/s   kB_wr/s kB_ccwr/s iodelay  Command
05:45:56 PM  1001     53349   26.00   74.00    0.00    0.00  100.00     4 613329.00      0.00 11662044 11385352  34.98     -1.00     -1.00     -1.00       0  vaultx

# Time        UID       PID    %usr %system  %guest   %wait    %CPU   CPU  minflt/s  majflt/s     VSZ     RSS   %MEM   kB_rd/s   kB_wr/s kB_ccwr/s iodelay  Command
05:45:57 PM  1001     53349   29.00   71.00    0.00    0.00  100.00     4 613332.00      0.00 13892316 13838704  42.52     -1.00     -1.00     -1.00       0  vaultx

# Time        UID       PID    %usr %system  %guest   %wait    %CPU   CPU  minflt/s  majflt/s     VSZ     RSS   %MEM   kB_rd/s   kB_wr/s kB_ccwr/s iodelay  Command
05:45:58 PM  1001     53349  486.00   17.00    0.00    0.00  503.00     4 145336.00      0.00 14478636 14419768  44.30     -1.00     -1.00     -1.00       0  vaultx

# Time        UID       PID    %usr %system  %guest   %wait    %CPU   CPU  minflt/s  majflt/s     VSZ     RSS   %MEM   kB_rd/s   kB_wr/s kB_ccwr/s iodelay  Command
05:45:59 PM  1001     53349  799.00    0.00    0.00    0.00  799.00     4      0.00      0.00 14478636 14419768  44.30     -1.00     -1.00     -1.00       0  vaultx

# Time        UID       PID    %usr %system  %guest   %wait    %CPU   CPU  minflt/s  majflt/s     VSZ     RSS   %MEM   kB_rd/s   kB_wr/s kB_ccwr/s iodelay  Command
05:46:00 PM  1001     53349  800.00    0.00    0.00    0.00  800.00     4      0.00      0.00 14478636 14419768  44.30     -1.00     -1.00     -1.00       0  vaultx

# Time        UID       PID    %usr %system  %guest   %wait    %CPU   CPU  minflt/s  majflt/s     VSZ     RSS   %MEM   kB_rd/s   kB_wr/s kB_ccwr/s iodelay  Command
05:46:01 PM  1001     53349  799.00    0.00    0.00    0.00  799.00     4      0.00      0.00 14478636 14419768  44.30     -1.00     -1.00     -1.00       0  vaultx

# Time        UID       PID    %usr %system  %guest   %wait    %CPU   CPU  minflt/s  majflt/s     VSZ     RSS   %MEM   kB_rd/s   kB_wr/s kB_ccwr/s iodelay  Command
05:46:02 PM  1001     53349  800.00    0.00    0.00    0.00  800.00     4      0.00      0.00 14478636 14419768  44.30     -1.00     -1.00     -1.00       0  vaultx

# Time        UID       PID    %usr %system  %guest   %wait    %CPU   CPU  minflt/s  majflt/s     VSZ     RSS   %MEM   kB_rd/s   kB_wr/s kB_ccwr/s iodelay  Command
05:46:03 PM  1001     53349  799.00    0.00    0.00    0.00  799.00     4      0.00      0.00 14478636 14419768  44.30     -1.00     -1.00     -1.00       0  vaultx

# Time        UID       PID    %usr %system  %guest   %wait    %CPU   CPU  minflt/s  majflt/s     VSZ     RSS   %MEM   kB_rd/s   kB_wr/s kB_ccwr/s iodelay  Command
05:46:04 PM  1001     53349  800.00    1.00    0.00    0.00  801.00     4      0.00      0.00 14478636 14419768  44.30     -1.00     -1.00     -1.00       0  vaultx

# Time        UID       PID    %usr %system  %guest   %wait    %CPU   CPU  minflt/s  majflt/s     VSZ     RSS   %MEM   kB_rd/s   kB_wr/s kB_ccwr/s iodelay  Command
05:46:05 PM  1001     53349  800.00    0.00    0.00    0.00  800.00     4      0.00      0.00 14478636 14419768  44.30     -1.00     -1.00     -1.00       0  vaultx

# Time        UID       PID    %usr %system  %guest   %wait    %CPU   CPU  minflt/s  majflt/s     VSZ     RSS   %MEM   kB_rd/s   kB_wr/s kB_ccwr/s iodelay  Command
05:46:06 PM  1001     53349  799.00    0.00    0.00    0.00  799.00     4      0.00      0.00 14478636 14419768  44.30     -1.00     -1.00     -1.00       0  vaultx

# Time        UID       PID    %usr %system  %guest   %wait    %CPU   CPU  minflt/s  majflt/s     VSZ     RSS   %MEM   kB_rd/s   kB_wr/s kB_ccwr/s iodelay  Command
05:46:07 PM  1001     53349  800.00    0.00    0.00    0.00  800.00     4      0.00      0.00 14478636 14419768  44.30     -1.00     -1.00     -1.00       0  vaultx

# Time        UID       PID    %usr %system  %guest   %wait    %CPU   CPU  minflt/s  majflt/s     VSZ     RSS   %MEM   kB_rd/s   kB_wr/s kB_ccwr/s iodelay  Command
05:46:08 PM  1001     53349  800.00    0.00    0.00    0.00  800.00     4      0.00      0.00 14478636 14419768  44.30     -1.00     -1.00     -1.00       0  vaultx

# Time        UID       PID    %usr %system  %guest   %wait    %CPU   CPU  minflt/s  majflt/s     VSZ     RSS   %MEM   kB_rd/s   kB_wr/s kB_ccwr/s iodelay  Command
05:46:09 PM  1001     53349  799.00    0.00    0.00    0.00  799.00     4      0.00      0.00 14478636 14419768  44.30     -1.00     -1.00     -1.00       0  vaultx

# Time        UID       PID    %usr %system  %guest   %wait    %CPU   CPU  minflt/s  majflt/s     VSZ     RSS   %MEM   kB_rd/s   kB_wr/s kB_ccwr/s iodelay  Command
05:46:10 PM  1001     53349  800.00    0.00    0.00    1.00  800.00     4      0.00      0.00 14478636 14419768  44.30     -1.00     -1.00     -1.00       0  vaultx

# Time        UID       PID    %usr %system  %guest   %wait    %CPU   CPU  minflt/s  majflt/s     VSZ     RSS   %MEM   kB_rd/s   kB_wr/s kB_ccwr/s iodelay  Command
05:46:11 PM  1001     53349  800.00    0.00    0.00    0.00  800.00     4      0.00      0.00 14478636 14419768  44.30     -1.00     -1.00     -1.00       0  vaultx

# Time        UID       PID    %usr %system  %guest   %wait    %CPU   CPU  minflt/s  majflt/s     VSZ     RSS   %MEM   kB_rd/s   kB_wr/s kB_ccwr/s iodelay  Command
05:46:12 PM  1001     53349  799.00    0.00    0.00    0.00  799.00     4      0.00      0.00 14478636 14419768  44.30     -1.00     -1.00     -1.00       0  vaultx

# Time        UID       PID    %usr %system  %guest   %wait    %CPU   CPU  minflt/s  majflt/s     VSZ     RSS   %MEM   kB_rd/s   kB_wr/s kB_ccwr/s iodelay  Command
05:46:13 PM  1001     53349  800.00    0.00    0.00    0.00  800.00     4      0.00      0.00 14478636 14419768  44.30     -1.00     -1.00     -1.00       0  vaultx

# Time        UID       PID    %usr %system  %guest   %wait    %CPU   CPU  minflt/s  majflt/s     VSZ     RSS   %MEM   kB_rd/s   kB_wr/s kB_ccwr/s iodelay  Command
05:46:14 PM  1001     53349  800.00    0.00    0.00    0.00  800.00     4      0.00      0.00 14478636 14419768  44.30     -1.00     -1.00     -1.00       0  vaultx

# Time        UID       PID    %usr %system  %guest   %wait    %CPU   CPU  minflt/s  majflt/s     VSZ     RSS   %MEM   kB_rd/s   kB_wr/s kB_ccwr/s iodelay  Command
05:46:15 PM  1001     53349  799.00    0.00    0.00    0.00  799.00     4      0.00      0.00 14478636 14419768  44.30     -1.00     -1.00     -1.00       0  vaultx

# Time        UID       PID    %usr %system  %guest   %wait    %CPU   CPU  minflt/s  majflt/s     VSZ     RSS   %MEM   kB_rd/s   kB_wr/s kB_ccwr/s iodelay  Command
05:46:16 PM  1001     53349  800.00    0.00    0.00    0.00  800.00     4      0.00      0.00 14478636 14419768  44.30     -1.00     -1.00     -1.00       0  vaultx

# Time        UID       PID    %usr %system  %guest   %wait    %CPU   CPU  minflt/s  majflt/s     VSZ     RSS   %MEM   kB_rd/s   kB_wr/s kB_ccwr/s iodelay  Command
05:46:17 PM  1001     53349  800.00    0.00    0.00    0.00  800.00     4      0.00      0.00 14478636 14419768  44.30     -1.00     -1.00     -1.00       0  vaultx

# Time        UID       PID    %usr %system  %guest   %wait    %CPU   CPU  minflt/s  majflt/s     VSZ     RSS   %MEM   kB_rd/s   kB_wr/s kB_ccwr/s iodelay  Command
05:46:18 PM  1001     53349  799.00    0.00    0.00    0.00  799.00     4      0.00      0.00 14478636 14419768  44.30     -1.00     -1.00     -1.00       0  vaultx

# Time        UID       PID    %usr %system  %guest   %wait    %CPU   CPU  minflt/s  majflt/s     VSZ     RSS   %MEM   kB_rd/s   kB_wr/s kB_ccwr/s iodelay  Command
05:46:19 PM  1001     53349  800.00    0.00    0.00    0.00  800.00     4      0.00      0.00 14478636 14419768  44.30     -1.00     -1.00     -1.00       0  vaultx

# Time        UID       PID    %usr %system  %guest   %wait    %CPU   CPU  minflt/s  majflt/s     VSZ     RSS   %MEM   kB_rd/s   kB_wr/s kB_ccwr/s iodelay  Command
05:46:20 PM  1001     53349  800.00    0.00    0.00    0.00  800.00     4      0.00      0.00 14478636 14419768  44.30     -1.00     -1.00     -1.00       0  vaultx

# Time        UID       PID    %usr %system  %guest   %wait    %CPU   CPU  minflt/s  majflt/s     VSZ     RSS   %MEM   kB_rd/s   kB_wr/s kB_ccwr/s iodelay  Command
05:46:21 PM  1001     53349  799.00    0.00    0.00    0.00  799.00     4      0.00      0.00 14478636 14419768  44.30     -1.00     -1.00     -1.00       0  vaultx

# Time        UID       PID    %usr %system  %guest   %wait    %CPU   CPU  minflt/s  majflt/s     VSZ     RSS   %MEM   kB_rd/s   kB_wr/s kB_ccwr/s iodelay  Command
05:46:22 PM  1001     53349  800.00    0.00    0.00    0.00  800.00     4      0.00      0.00 14478636 14419768  44.30     -1.00     -1.00     -1.00       0  vaultx

# Time        UID       PID    %usr %system  %guest   %wait    %CPU   CPU  minflt/s  majflt/s     VSZ     RSS   %MEM   kB_rd/s   kB_wr/s kB_ccwr/s iodelay  Command
05:46:23 PM  1001     53349  799.00    0.00    0.00    0.00  799.00     4      0.00      0.00 14478636 14419768  44.30     -1.00     -1.00     -1.00       0  vaultx

# Time        UID       PID    %usr %system  %guest   %wait    %CPU   CPU  minflt/s  majflt/s     VSZ     RSS   %MEM   kB_rd/s   kB_wr/s kB_ccwr/s iodelay  Command
05:46:24 PM  1001     53349  800.00    0.00    0.00    0.00  800.00     4      0.00      0.00 14478636 14419768  44.30     -1.00     -1.00     -1.00       0  vaultx

# Time        UID       PID    %usr %system  %guest   %wait    %CPU   CPU  minflt/s  majflt/s     VSZ     RSS   %MEM   kB_rd/s   kB_wr/s kB_ccwr/s iodelay  Command
05:46:25 PM  1001     53349  800.00    0.00    0.00    0.00  800.00     4      0.00      0.00 14478636 14419768  44.30     -1.00     -1.00     -1.00       0  vaultx

# Time        UID       PID    %usr %system  %guest   %wait    %CPU   CPU  minflt/s  majflt/s     VSZ     RSS   %MEM   kB_rd/s   kB_wr/s kB_ccwr/s iodelay  Command
05:46:26 PM  1001     53349  800.00    0.00    0.00    0.00  800.00     4      0.00      0.00 14478636 14419768  44.30     -1.00     -1.00     -1.00       0  vaultx

# Time        UID       PID    %usr %system  %guest   %wait    %CPU   CPU  minflt/s  majflt/s     VSZ     RSS   %MEM   kB_rd/s   kB_wr/s kB_ccwr/s iodelay  Command
05:46:27 PM  1001     53349  799.00    0.00    0.00    0.00  799.00     4      0.00      0.00 14478636 14419768  44.30     -1.00     -1.00     -1.00       0  vaultx

# Time        UID       PID    %usr %system  %guest   %wait    %CPU   CPU  minflt/s  majflt/s     VSZ     RSS   %MEM   kB_rd/s   kB_wr/s kB_ccwr/s iodelay  Command
05:46:28 PM  1001     53349  800.00    0.00    0.00    0.00  800.00     4      0.00      0.00 14478636 14419768  44.30     -1.00     -1.00     -1.00       0  vaultx

# Time        UID       PID    %usr %system  %guest   %wait    %CPU   CPU  minflt/s  majflt/s     VSZ     RSS   %MEM   kB_rd/s   kB_wr/s kB_ccwr/s iodelay  Command
05:46:29 PM  1001     53349  800.00    0.00    0.00    0.00  800.00     4      0.00      0.00 14478636 14419768  44.30     -1.00     -1.00     -1.00       0  vaultx

# Time        UID       PID    %usr %system  %guest   %wait    %CPU   CPU  minflt/s  majflt/s     VSZ     RSS   %MEM   kB_rd/s   kB_wr/s kB_ccwr/s iodelay  Command
05:46:30 PM  1001     53349  799.00    0.00    0.00    0.00  799.00     4      0.00      0.00 14478636 14419768  44.30     -1.00     -1.00     -1.00       0  vaultx

# Time        UID       PID    %usr %system  %guest   %wait    %CPU   CPU  minflt/s  majflt/s     VSZ     RSS   %MEM   kB_rd/s   kB_wr/s kB_ccwr/s iodelay  Command
05:46:31 PM  1001     53349  800.00    0.00    0.00    0.00  800.00     4      0.00      0.00 14478636 14419768  44.30     -1.00     -1.00     -1.00       0  vaultx

# Time        UID       PID    %usr %system  %guest   %wait    %CPU   CPU  minflt/s  majflt/s     VSZ     RSS   %MEM   kB_rd/s   kB_wr/s kB_ccwr/s iodelay  Command
05:46:32 PM  1001     53349  800.00    0.00    0.00    1.00  800.00     4      0.00      0.00 14478636 14419768  44.30     -1.00     -1.00     -1.00       0  vaultx

# Time        UID       PID    %usr %system  %guest   %wait    %CPU   CPU  minflt/s  majflt/s     VSZ     RSS   %MEM   kB_rd/s   kB_wr/s kB_ccwr/s iodelay  Command
05:46:33 PM  1001     53349  799.00    0.00    0.00    0.00  799.00     4      0.00      0.00 14478636 14419768  44.30     -1.00     -1.00     -1.00       0  vaultx

# Time        UID       PID    %usr %system  %guest   %wait    %CPU   CPU  minflt/s  majflt/s     VSZ     RSS   %MEM   kB_rd/s   kB_wr/s kB_ccwr/s iodelay  Command
05:46:34 PM  1001     53349  800.00    0.00    0.00    0.00  800.00     4      0.00      0.00 14478636 14419768  44.30     -1.00     -1.00     -1.00       0  vaultx

# Time        UID       PID    %usr %system  %guest   %wait    %CPU   CPU  minflt/s  majflt/s     VSZ     RSS   %MEM   kB_rd/s   kB_wr/s kB_ccwr/s iodelay  Command
05:46:35 PM  1001     53349  800.00    0.00    0.00    0.00  800.00     4      0.00      0.00 14478636 14419768  44.30     -1.00     -1.00     -1.00       0  vaultx

# Time        UID       PID    %usr %system  %guest   %wait    %CPU   CPU  minflt/s  majflt/s     VSZ     RSS   %MEM   kB_rd/s   kB_wr/s kB_ccwr/s iodelay  Command
05:46:36 PM  1001     53349  799.00    0.00    0.00    0.00  799.00     4      0.00      0.00 14478636 14419768  44.30     -1.00     -1.00     -1.00       0  vaultx

# Time        UID       PID    %usr %system  %guest   %wait    %CPU   CPU  minflt/s  majflt/s     VSZ     RSS   %MEM   kB_rd/s   kB_wr/s kB_ccwr/s iodelay  Command
05:46:37 PM  1001     53349  800.00    0.00    0.00    0.00  800.00     4      0.00      0.00 14478636 14419768  44.30     -1.00     -1.00     -1.00       0  vaultx

# Time        UID       PID    %usr %system  %guest   %wait    %CPU   CPU  minflt/s  majflt/s     VSZ     RSS   %MEM   kB_rd/s   kB_wr/s kB_ccwr/s iodelay  Command
05:46:38 PM  1001     53349  800.00    0.00    0.00    0.00  800.00     4      0.00      0.00 14478636 14419768  44.30     -1.00     -1.00     -1.00       0  vaultx

# Time        UID       PID    %usr %system  %guest   %wait    %CPU   CPU  minflt/s  majflt/s     VSZ     RSS   %MEM   kB_rd/s   kB_wr/s kB_ccwr/s iodelay  Command
05:46:39 PM  1001     53349  799.00    0.00    0.00    0.00  799.00     4      0.00      0.00 14478636 14419768  44.30     -1.00     -1.00     -1.00       0  vaultx

# Time        UID       PID    %usr %system  %guest   %wait    %CPU   CPU  minflt/s  majflt/s     VSZ     RSS   %MEM   kB_rd/s   kB_wr/s kB_ccwr/s iodelay  Command
05:46:40 PM  1001     53349  800.00    0.00    0.00    0.00  800.00     4      0.00      0.00 14478636 14419768  44.30     -1.00     -1.00     -1.00       0  vaultx

# Time        UID       PID    %usr %system  %guest   %wait    %CPU   CPU  minflt/s  majflt/s     VSZ     RSS   %MEM   kB_rd/s   kB_wr/s kB_ccwr/s iodelay  Command
05:46:41 PM  1001     53349  799.00    0.00    0.00    0.00  799.00     4      0.00      0.00 14478636 14419768  44.30     -1.00     -1.00     -1.00       0  vaultx

# Time        UID       PID    %usr %system  %guest   %wait    %CPU   CPU  minflt/s  majflt/s     VSZ     RSS   %MEM   kB_rd/s   kB_wr/s kB_ccwr/s iodelay  Command
05:46:42 PM  1001     53349  802.00    0.00    0.00    0.00  802.00     4      0.00      0.00 14478636 14419768  44.30     -1.00     -1.00     -1.00       0  vaultx

# Time        UID       PID    %usr %system  %guest   %wait    %CPU   CPU  minflt/s  majflt/s     VSZ     RSS   %MEM   kB_rd/s   kB_wr/s kB_ccwr/s iodelay  Command
05:46:43 PM  1001     53349  800.00    0.00    0.00    0.00  800.00     4      0.00      0.00 14478636 14419768  44.30     -1.00     -1.00     -1.00       0  vaultx

# Time        UID       PID    %usr %system  %guest   %wait    %CPU   CPU  minflt/s  majflt/s     VSZ     RSS   %MEM   kB_rd/s   kB_wr/s kB_ccwr/s iodelay  Command
05:46:44 PM  1001     53349  800.00    0.00    0.00    0.00  800.00     4      0.00      0.00 14478636 14419768  44.30     -1.00     -1.00     -1.00       0  vaultx

# Time        UID       PID    %usr %system  %guest   %wait    %CPU   CPU  minflt/s  majflt/s     VSZ     RSS   %MEM   kB_rd/s   kB_wr/s kB_ccwr/s iodelay  Command
05:46:45 PM  1001     53349  799.00    0.00    0.00    0.00  799.00     4      0.00      0.00 14478636 14419768  44.30     -1.00     -1.00     -1.00       0  vaultx

# Time        UID       PID    %usr %system  %guest   %wait    %CPU   CPU  minflt/s  majflt/s     VSZ     RSS   %MEM   kB_rd/s   kB_wr/s kB_ccwr/s iodelay  Command
05:46:46 PM  1001     53349  800.00    0.00    0.00    0.00  800.00     4      0.00      0.00 14478636 14419768  44.30     -1.00     -1.00     -1.00       0  vaultx

# Time        UID       PID    %usr %system  %guest   %wait    %CPU   CPU  minflt/s  majflt/s     VSZ     RSS   %MEM   kB_rd/s   kB_wr/s kB_ccwr/s iodelay  Command
05:46:47 PM  1001     53349  800.00    0.00    0.00    0.00  800.00     4      0.00      0.00 14478636 14419768  44.30     -1.00     -1.00     -1.00       0  vaultx

# Time        UID       PID    %usr %system  %guest   %wait    %CPU   CPU  minflt/s  majflt/s     VSZ     RSS   %MEM   kB_rd/s   kB_wr/s kB_ccwr/s iodelay  Command
05:46:48 PM  1001     53349  791.09    0.00    0.00    0.00  791.09     4      0.00      0.00 14478636 14419768  44.30     -1.00     -1.00     -1.00       0  vaultx

# Time        UID       PID    %usr %system  %guest   %wait    %CPU   CPU  minflt/s  majflt/s     VSZ     RSS   %MEM   kB_rd/s   kB_wr/s kB_ccwr/s iodelay  Command
05:46:49 PM  1001     53349  800.00    0.00    0.00    0.00  800.00     4      0.00      0.00 14478636 14419768  44.30     -1.00     -1.00     -1.00       0  vaultx

# Time        UID       PID    %usr %system  %guest   %wait    %CPU   CPU  minflt/s  majflt/s     VSZ     RSS   %MEM   kB_rd/s   kB_wr/s kB_ccwr/s iodelay  Command
05:46:50 PM  1001     53349  800.00    0.00    0.00    0.00  800.00     4      0.00      0.00 14478636 14419768  44.30     -1.00     -1.00     -1.00       0  vaultx

# Time        UID       PID    %usr %system  %guest   %wait    %CPU   CPU  minflt/s  majflt/s     VSZ     RSS   %MEM   kB_rd/s   kB_wr/s kB_ccwr/s iodelay  Command
05:46:51 PM  1001     53349  799.00    0.00    0.00    0.00  799.00     4      0.00      0.00 14478636 14419768  44.30     -1.00     -1.00     -1.00       0  vaultx

# Time        UID       PID    %usr %system  %guest   %wait    %CPU   CPU  minflt/s  majflt/s     VSZ     RSS   %MEM   kB_rd/s   kB_wr/s kB_ccwr/s iodelay  Command
05:46:52 PM  1001     53349  800.00    0.00    0.00    0.00  800.00     4      0.00      0.00 14478636 14419768  44.30     -1.00     -1.00     -1.00       0  vaultx

# Time        UID       PID    %usr %system  %guest   %wait    %CPU   CPU  minflt/s  majflt/s     VSZ     RSS   %MEM   kB_rd/s   kB_wr/s kB_ccwr/s iodelay  Command
05:46:53 PM  1001     53349  800.00    0.00    0.00    0.00  800.00     4      0.00      0.00 14478636 14419768  44.30     -1.00     -1.00     -1.00       0  vaultx

# Time        UID       PID    %usr %system  %guest   %wait    %CPU   CPU  minflt/s  majflt/s     VSZ     RSS   %MEM   kB_rd/s   kB_wr/s kB_ccwr/s iodelay  Command
05:46:54 PM  1001     53349  800.00    0.00    0.00    1.00  800.00     4      0.00      0.00 14478636 14419768  44.30     -1.00     -1.00     -1.00       0  vaultx

# Time        UID       PID    %usr %system  %guest   %wait    %CPU   CPU  minflt/s  majflt/s     VSZ     RSS   %MEM   kB_rd/s   kB_wr/s kB_ccwr/s iodelay  Command
05:46:55 PM  1001     53349  799.00    0.00    0.00    0.00  799.00     4      0.00      0.00 14478636 14419768  44.30     -1.00     -1.00     -1.00       0  vaultx

# Time        UID       PID    %usr %system  %guest   %wait    %CPU   CPU  minflt/s  majflt/s     VSZ     RSS   %MEM   kB_rd/s   kB_wr/s kB_ccwr/s iodelay  Command
05:46:56 PM  1001     53349  800.00    0.00    0.00    0.00  800.00     4      0.00      0.00 14478636 14419768  44.30     -1.00     -1.00     -1.00       0  vaultx

# Time        UID       PID    %usr %system  %guest   %wait    %CPU   CPU  minflt/s  majflt/s     VSZ     RSS   %MEM   kB_rd/s   kB_wr/s kB_ccwr/s iodelay  Command
05:46:57 PM  1001     53349  800.00    0.00    0.00    0.00  800.00     4      0.00      0.00 14478636 14419768  44.30     -1.00     -1.00     -1.00       0  vaultx

# Time        UID       PID    %usr %system  %guest   %wait    %CPU   CPU  minflt/s  majflt/s     VSZ     RSS   %MEM   kB_rd/s   kB_wr/s kB_ccwr/s iodelay  Command
05:46:58 PM  1001     53349  799.00    0.00    0.00    0.00  799.00     4      0.00      0.00 14478636 14419768  44.30     -1.00     -1.00     -1.00       0  vaultx

# Time        UID       PID    %usr %system  %guest   %wait    %CPU   CPU  minflt/s  majflt/s     VSZ     RSS   %MEM   kB_rd/s   kB_wr/s kB_ccwr/s iodelay  Command
05:46:59 PM  1001     53349  800.00    0.00    0.00    0.00  800.00     4      0.00      0.00 14478636 14419768  44.30     -1.00     -1.00     -1.00       0  vaultx

# Time        UID       PID    %usr %system  %guest   %wait    %CPU   CPU  minflt/s  majflt/s     VSZ     RSS   %MEM   kB_rd/s   kB_wr/s kB_ccwr/s iodelay  Command
05:47:00 PM  1001     53349  800.00    0.00    0.00    0.00  800.00     4      0.00      0.00 14478636 14419768  44.30     -1.00     -1.00     -1.00       0  vaultx

# Time        UID       PID    %usr %system  %guest   %wait    %CPU   CPU  minflt/s  majflt/s     VSZ     RSS   %MEM   kB_rd/s   kB_wr/s kB_ccwr/s iodelay  Command
05:47:01 PM  1001     53349  799.00    0.00    0.00    0.00  799.00     4      0.00      0.00 14478636 14419768  44.30     -1.00     -1.00     -1.00       0  vaultx

# Time        UID       PID    %usr %system  %guest   %wait    %CPU   CPU  minflt/s  majflt/s     VSZ     RSS   %MEM   kB_rd/s   kB_wr/s kB_ccwr/s iodelay  Command
05:47:02 PM  1001     53349  800.00    0.00    0.00    0.00  800.00     4      0.00      0.00 14478636 14419768  44.30     -1.00     -1.00     -1.00       0  vaultx

# Time        UID       PID    %usr %system  %guest   %wait    %CPU   CPU  minflt/s  majflt/s     VSZ     RSS   %MEM   kB_rd/s   kB_wr/s kB_ccwr/s iodelay  Command
05:47:03 PM  1001     53349  799.00    0.00    0.00    0.00  799.00     4      0.00      0.00 14478636 14419768  44.30     -1.00     -1.00     -1.00       0  vaultx

# Time        UID       PID    %usr %system  %guest   %wait    %CPU   CPU  minflt/s  majflt/s     VSZ     RSS   %MEM   kB_rd/s   kB_wr/s kB_ccwr/s iodelay  Command
05:47:04 PM  1001     53349  800.00    0.00    0.00    0.00  800.00     4      0.00      0.00 14478636 14419768  44.30     -1.00     -1.00     -1.00       0  vaultx

# Time        UID       PID    %usr %system  %guest   %wait    %CPU   CPU  minflt/s  majflt/s     VSZ     RSS   %MEM   kB_rd/s   kB_wr/s kB_ccwr/s iodelay  Command
05:47:05 PM  1001     53349  442.00    0.00    0.00    0.00  442.00     4      0.00      0.00 14478636 14419768  44.30     -1.00     -1.00     -1.00       0  vaultx

# Time        UID       PID    %usr %system  %guest   %wait    %CPU   CPU  minflt/s  majflt/s     VSZ     RSS   %MEM   kB_rd/s   kB_wr/s kB_ccwr/s iodelay  Command
05:47:06 PM  1001     53349  400.00    0.00    0.00    0.00  400.00     4      0.00      0.00 14478636 14419768  44.30     -1.00     -1.00     -1.00       0  vaultx

# Time        UID       PID    %usr %system  %guest   %wait    %CPU   CPU  minflt/s  majflt/s     VSZ     RSS   %MEM   kB_rd/s   kB_wr/s kB_ccwr/s iodelay  Command
05:47:07 PM  1001     53349  400.00    0.00    0.00    0.00  400.00     4      0.00      0.00 14478636 14419768  44.30     -1.00     -1.00     -1.00       0  vaultx

# Time        UID       PID    %usr %system  %guest   %wait    %CPU   CPU  minflt/s  majflt/s     VSZ     RSS   %MEM   kB_rd/s   kB_wr/s kB_ccwr/s iodelay  Command
05:47:08 PM  1001     53349  400.00    0.00    0.00    0.00  400.00     4      0.00      0.00 14478636 14419768  44.30     -1.00     -1.00     -1.00       0  vaultx

# Time        UID       PID    %usr %system  %guest   %wait    %CPU   CPU  minflt/s  majflt/s     VSZ     RSS   %MEM   kB_rd/s   kB_wr/s kB_ccwr/s iodelay  Command
05:47:09 PM  1001     53349  399.00    0.00    0.00    0.00  399.00     4      0.00      0.00 14478636 14419768  44.30     -1.00     -1.00     -1.00       0  vaultx

# Time        UID       PID    %usr %system  %guest   %wait    %CPU   CPU  minflt/s  majflt/s     VSZ     RSS   %MEM   kB_rd/s   kB_wr/s kB_ccwr/s iodelay  Command
05:47:10 PM  1001     53349  400.00    0.00    0.00    0.00  400.00     4      0.00      0.00 14478636 14419768  44.30     -1.00     -1.00     -1.00       0  vaultx

# Time        UID       PID    %usr %system  %guest   %wait    %CPU   CPU  minflt/s  majflt/s     VSZ     RSS   %MEM   kB_rd/s   kB_wr/s kB_ccwr/s iodelay  Command
05:47:11 PM  1001     53349  400.00    0.00    0.00    0.00  400.00     4      0.00      0.00 14478636 14419768  44.30     -1.00     -1.00     -1.00       0  vaultx

# Time        UID       PID    %usr %system  %guest   %wait    %CPU   CPU  minflt/s  majflt/s     VSZ     RSS   %MEM   kB_rd/s   kB_wr/s kB_ccwr/s iodelay  Command
05:47:12 PM  1001     53349  400.00    0.00    0.00    0.00  400.00     4      0.00      0.00 14478636 14419768  44.30     -1.00     -1.00     -1.00       0  vaultx

# Time        UID       PID    %usr %system  %guest   %wait    %CPU   CPU  minflt/s  majflt/s     VSZ     RSS   %MEM   kB_rd/s   kB_wr/s kB_ccwr/s iodelay  Command
05:47:13 PM  1001     53349  400.00    0.00    0.00    0.00  400.00     4      0.00      0.00 14478636 14419768  44.30     -1.00     -1.00     -1.00       0  vaultx

# Time        UID       PID    %usr %system  %guest   %wait    %CPU   CPU  minflt/s  majflt/s     VSZ     RSS   %MEM   kB_rd/s   kB_wr/s kB_ccwr/s iodelay  Command
05:47:14 PM  1001     53349  400.00    0.00    0.00    0.00  400.00     4      0.00      0.00 14478636 14419768  44.30     -1.00     -1.00     -1.00       0  vaultx

# Time        UID       PID    %usr %system  %guest   %wait    %CPU   CPU  minflt/s  majflt/s     VSZ     RSS   %MEM   kB_rd/s   kB_wr/s kB_ccwr/s iodelay  Command
05:47:15 PM  1001     53349  400.00    0.00    0.00    0.00  400.00     4      0.00      0.00 14478636 14419768  44.30     -1.00     -1.00     -1.00       0  vaultx

# Time        UID       PID    %usr %system  %guest   %wait    %CPU   CPU  minflt/s  majflt/s     VSZ     RSS   %MEM   kB_rd/s   kB_wr/s kB_ccwr/s iodelay  Command
05:47:16 PM  1001     53349  400.00    0.00    0.00    0.00  400.00     4      0.00      0.00 14478636 14419768  44.30     -1.00     -1.00     -1.00       0  vaultx

# Time        UID       PID    %usr %system  %guest   %wait    %CPU   CPU  minflt/s  majflt/s     VSZ     RSS   %MEM   kB_rd/s   kB_wr/s kB_ccwr/s iodelay  Command
05:47:17 PM  1001     53349  400.00    0.00    0.00    0.00  400.00     4      0.00      0.00 14478636 14419768  44.30     -1.00     -1.00     -1.00       0  vaultx

# Time        UID       PID    %usr %system  %guest   %wait    %CPU   CPU  minflt/s  majflt/s     VSZ     RSS   %MEM   kB_rd/s   kB_wr/s kB_ccwr/s iodelay  Command
05:47:18 PM  1001     53349  399.00    0.00    0.00    0.00  399.00     4      0.00      0.00 14478636 14419768  44.30     -1.00     -1.00     -1.00       0  vaultx

# Time        UID       PID    %usr %system  %guest   %wait    %CPU   CPU  minflt/s  majflt/s     VSZ     RSS   %MEM   kB_rd/s   kB_wr/s kB_ccwr/s iodelay  Command
05:47:19 PM  1001     53349  402.00    0.00    0.00    0.00  402.00     4      0.00      0.00 14478636 14419768  44.30     -1.00     -1.00     -1.00       0  vaultx

# Time        UID       PID    %usr %system  %guest   %wait    %CPU   CPU  minflt/s  majflt/s     VSZ     RSS   %MEM   kB_rd/s   kB_wr/s kB_ccwr/s iodelay  Command
05:47:20 PM  1001     53349  400.00    0.00    0.00    0.00  400.00     4      0.00      0.00 14478636 14419768  44.30     -1.00     -1.00     -1.00       0  vaultx

# Time        UID       PID    %usr %system  %guest   %wait    %CPU   CPU  minflt/s  majflt/s     VSZ     RSS   %MEM   kB_rd/s   kB_wr/s kB_ccwr/s iodelay  Command
05:47:21 PM  1001     53349  399.00    0.00    0.00    0.00  399.00     4      0.00      0.00 14478636 14419768  44.30     -1.00     -1.00     -1.00       0  vaultx

# Time        UID       PID    %usr %system  %guest   %wait    %CPU   CPU  minflt/s  majflt/s     VSZ     RSS   %MEM   kB_rd/s   kB_wr/s kB_ccwr/s iodelay  Command
05:47:22 PM  1001     53349  400.00    0.00    0.00    0.00  400.00     4      0.00      0.00 14478636 14419768  44.30     -1.00     -1.00     -1.00       0  vaultx

# Time        UID       PID    %usr %system  %guest   %wait    %CPU   CPU  minflt/s  majflt/s     VSZ     RSS   %MEM   kB_rd/s   kB_wr/s kB_ccwr/s iodelay  Command
05:47:23 PM  1001     53349  400.00    0.00    0.00    0.00  400.00     4      0.00      0.00 14478636 14419768  44.30     -1.00     -1.00     -1.00       0  vaultx

# Time        UID       PID    %usr %system  %guest   %wait    %CPU   CPU  minflt/s  majflt/s     VSZ     RSS   %MEM   kB_rd/s   kB_wr/s kB_ccwr/s iodelay  Command
05:47:24 PM  1001     53349  400.00    0.00    0.00    0.00  400.00     4      0.00      0.00 14478636 14419768  44.30     -1.00     -1.00     -1.00       0  vaultx

# Time        UID       PID    %usr %system  %guest   %wait    %CPU   CPU  minflt/s  majflt/s     VSZ     RSS   %MEM   kB_rd/s   kB_wr/s kB_ccwr/s iodelay  Command
05:47:25 PM  1001     53349  218.00   42.00    0.00    0.00  260.00     4      2.00      0.00       0       0   0.00     -1.00     -1.00     -1.00       0  vaultx

# Time        UID       PID    %usr %system  %guest   %wait    %CPU   CPU  minflt/s  majflt/s     VSZ     RSS   %MEM   kB_rd/s   kB_wr/s kB_ccwr/s iodelay  Command
