----Run 1 for K=32, memory=16384 MB----
Linux 6.1.43-rockchip-rk3588 (orangepi5plus) 	07/01/2025 	_aarch64_	(8 CPU)

# Time        UID       PID    %usr %system  %guest   %wait    %CPU   CPU  minflt/s  majflt/s     VSZ     RSS   %MEM   kB_rd/s   kB_wr/s kB_ccwr/s iodelay  Command
08:07:52 PM  1001     24762   15.00   84.00    0.00    0.00   99.00     5 592604.00      7.00 3624296 2372020   7.29     -1.00     -1.00     -1.00       0  vaultx

# Time        UID       PID    %usr %system  %guest   %wait    %CPU   CPU  minflt/s  majflt/s     VSZ     RSS   %MEM   kB_rd/s   kB_wr/s kB_ccwr/s iodelay  Command
08:07:53 PM  1001     24762   18.00   82.00    0.00    0.00  100.00     5 728360.00      0.00 6464540 5285524  16.24     -1.00     -1.00     -1.00       0  vaultx

# Time        UID       PID    %usr %system  %guest   %wait    %CPU   CPU  minflt/s  majflt/s     VSZ     RSS   %MEM   kB_rd/s   kB_wr/s kB_ccwr/s iodelay  Command
08:07:54 PM  1001     24762   18.00   82.00    0.00    0.00  100.00     5 716961.00      0.00 9260300 8153356  25.05     -1.00     -1.00     -1.00       0  vaultx

# Time        UID       PID    %usr %system  %guest   %wait    %CPU   CPU  minflt/s  majflt/s     VSZ     RSS   %MEM   kB_rd/s   kB_wr/s kB_ccwr/s iodelay  Command
08:07:55 PM  1001     24762   17.00   83.00    0.00    0.00  100.00     5 716590.00      0.00 12054608 11019604  33.86     -1.00     -1.00     -1.00       0  vaultx

# Time        UID       PID    %usr %system  %guest   %wait    %CPU   CPU  minflt/s  majflt/s     VSZ     RSS   %MEM   kB_rd/s   kB_wr/s kB_ccwr/s iodelay  Command
08:07:56 PM  1001     24762   16.00   84.00    0.00    0.00  100.00     5 717025.00      0.00 14850632 13887700  42.67     -1.00     -1.00     -1.00       0  vaultx

# Time        UID       PID    %usr %system  %guest   %wait    %CPU   CPU  minflt/s  majflt/s     VSZ     RSS   %MEM   kB_rd/s   kB_wr/s kB_ccwr/s iodelay  Command
08:07:57 PM  1001     24762   13.00   87.00    0.00    0.00  100.00     5 717017.00      0.00 17646656 16755796  51.48     -1.00     -1.00     -1.00       0  vaultx

# Time        UID       PID    %usr %system  %guest   %wait    %CPU   CPU  minflt/s  majflt/s     VSZ     RSS   %MEM   kB_rd/s   kB_wr/s kB_ccwr/s iodelay  Command
08:07:58 PM  1001     24762   14.00   86.00    0.00    0.00  100.00     5 717562.00      0.00 20444792 19626004  60.30     -1.00     -1.00     -1.00       0  vaultx

# Time        UID       PID    %usr %system  %guest   %wait    %CPU   CPU  minflt/s  majflt/s     VSZ     RSS   %MEM   kB_rd/s   kB_wr/s kB_ccwr/s iodelay  Command
08:07:59 PM  1001     24762   18.00   81.00    0.00    0.00   99.00     5 717501.00      0.00 23242664 22496212  69.12     -1.00     -1.00     -1.00       0  vaultx

# Time        UID       PID    %usr %system  %guest   %wait    %CPU   CPU  minflt/s  majflt/s     VSZ     RSS   %MEM   kB_rd/s   kB_wr/s kB_ccwr/s iodelay  Command
08:08:00 PM  1001     24762   18.00   83.00    0.00    1.00  101.00     5 716499.00      0.00 26036708 25362196  77.92     -1.00     -1.00     -1.00       0  vaultx

# Time        UID       PID    %usr %system  %guest   %wait    %CPU   CPU  minflt/s  majflt/s     VSZ     RSS   %MEM   kB_rd/s   kB_wr/s kB_ccwr/s iodelay  Command
08:08:01 PM  1001     24762   18.00   82.00    0.00    0.00  100.00     5 717650.00      0.00 28835108 28232668  86.74     -1.00     -1.00     -1.00       0  vaultx

# Time        UID       PID    %usr %system  %guest   %wait    %CPU   CPU  minflt/s  majflt/s     VSZ     RSS   %MEM   kB_rd/s   kB_wr/s kB_ccwr/s iodelay  Command
08:08:02 PM  1001     24762   14.00   86.00    0.00    0.00  100.00     5 647998.00      0.00 31361984 30824620  94.71     -1.00     -1.00     -1.00       0  vaultx

# Time        UID       PID    %usr %system  %guest   %wait    %CPU   CPU  minflt/s  majflt/s     VSZ     RSS   %MEM   kB_rd/s   kB_wr/s kB_ccwr/s iodelay  Command
08:08:03 PM  1001     24762    7.00   93.00    0.00    0.00  100.00     5 286067.00      0.00 32477516 31969060  98.22     -1.00     -1.00     -1.00       0  vaultx

# Time        UID       PID    %usr %system  %guest   %wait    %CPU   CPU  minflt/s  majflt/s     VSZ     RSS   %MEM   kB_rd/s   kB_wr/s kB_ccwr/s iodelay  Command
08:08:04 PM  1001     24762    0.00   99.00    0.00    0.00   99.00     5    864.00      0.00 32480948 31972492  98.23     -1.00     -1.00     -1.00       0  vaultx

# Time        UID       PID    %usr %system  %guest   %wait    %CPU   CPU  minflt/s  majflt/s     VSZ     RSS   %MEM   kB_rd/s   kB_wr/s kB_ccwr/s iodelay  Command
08:08:05 PM  1001     24762    0.00  100.00    0.00    0.00  100.00     5    465.00      0.00 32482664 31973936  98.24     -1.00     -1.00     -1.00       0  vaultx

# Time        UID       PID    %usr %system  %guest   %wait    %CPU   CPU  minflt/s  majflt/s     VSZ     RSS   %MEM   kB_rd/s   kB_wr/s kB_ccwr/s iodelay  Command
08:08:06 PM  1001     24762    8.00   93.00    0.00    0.00  101.00     5 301910.00      0.00 33659972 31938972  98.13     -1.00     -1.00     -1.00       0  vaultx

# Time        UID       PID    %usr %system  %guest   %wait    %CPU   CPU  minflt/s  majflt/s     VSZ     RSS   %MEM   kB_rd/s   kB_wr/s kB_ccwr/s iodelay  Command
08:08:07 PM  1001     24762    7.00   92.00    0.00    1.00   99.00     5 355112.00      0.00 35044784 31902628  98.02     -1.00     -1.00     -1.00       0  vaultx

# Time        UID       PID    %usr %system  %guest   %wait    %CPU   CPU  minflt/s  majflt/s     VSZ     RSS   %MEM   kB_rd/s   kB_wr/s kB_ccwr/s iodelay  Command
08:08:08 PM  1001     24762    7.00   93.00    0.00    0.00  100.00     5 352561.00      0.00 36419564 31859020  97.88     -1.00     -1.00     -1.00       0  vaultx

# Time        UID       PID    %usr %system  %guest   %wait    %CPU   CPU  minflt/s  majflt/s     VSZ     RSS   %MEM   kB_rd/s   kB_wr/s kB_ccwr/s iodelay  Command
08:08:09 PM  1001     24762    7.00   93.00    0.00    0.00  100.00     5 352671.00      0.00 37794872 31811924  97.74     -1.00     -1.00     -1.00       0  vaultx

# Time        UID       PID    %usr %system  %guest   %wait    %CPU   CPU  minflt/s  majflt/s     VSZ     RSS   %MEM   kB_rd/s   kB_wr/s kB_ccwr/s iodelay  Command
08:08:10 PM  1001     24762    8.00   91.00    0.00    0.00   99.00     5 352839.00      0.00 39170708 31765076  97.59     -1.00     -1.00     -1.00       0  vaultx

# Time        UID       PID    %usr %system  %guest   %wait    %CPU   CPU  minflt/s  majflt/s     VSZ     RSS   %MEM   kB_rd/s   kB_wr/s kB_ccwr/s iodelay  Command
08:08:11 PM  1001     24762    7.00   94.00    0.00    0.00  101.00     5 344296.00      0.00 40513280 31696432  97.38     -1.00     -1.00     -1.00       0  vaultx

# Time        UID       PID    %usr %system  %guest   %wait    %CPU   CPU  minflt/s  majflt/s     VSZ     RSS   %MEM   kB_rd/s   kB_wr/s kB_ccwr/s iodelay  Command
08:08:12 PM  1001     24762    7.00   92.00    0.00    1.00   99.00     5 340144.00      0.00 41839748 31611096  97.12     -1.00     -1.00     -1.00       0  vaultx

# Time        UID       PID    %usr %system  %guest   %wait    %CPU   CPU  minflt/s  majflt/s     VSZ     RSS   %MEM   kB_rd/s   kB_wr/s kB_ccwr/s iodelay  Command
08:08:13 PM  1001     24762    6.00   93.00    0.00    0.00   99.00     5 347807.00      0.00 43195916 31565848  96.98     -1.00     -1.00     -1.00       0  vaultx

# Time        UID       PID    %usr %system  %guest   %wait    %CPU   CPU  minflt/s  majflt/s     VSZ     RSS   %MEM   kB_rd/s   kB_wr/s kB_ccwr/s iodelay  Command
08:08:14 PM  1001     24762    9.00   91.00    0.00    0.00  100.00     5 348621.00      0.00 44555384 31526480  96.86     -1.00     -1.00     -1.00       0  vaultx

# Time        UID       PID    %usr %system  %guest   %wait    %CPU   CPU  minflt/s  majflt/s     VSZ     RSS   %MEM   kB_rd/s   kB_wr/s kB_ccwr/s iodelay  Command
08:08:15 PM  1001     24762    8.00   92.00    0.00    0.00  100.00     5 347730.00      0.00 45911420 31484436  96.73     -1.00     -1.00     -1.00       0  vaultx

# Time        UID       PID    %usr %system  %guest   %wait    %CPU   CPU  minflt/s  majflt/s     VSZ     RSS   %MEM   kB_rd/s   kB_wr/s kB_ccwr/s iodelay  Command
08:08:16 PM  1001     24762    9.00   92.00    0.00    0.00  101.00     5 348225.00      0.00 47269304 31443512  96.61     -1.00     -1.00     -1.00       0  vaultx

# Time        UID       PID    %usr %system  %guest   %wait    %CPU   CPU  minflt/s  majflt/s     VSZ     RSS   %MEM   kB_rd/s   kB_wr/s kB_ccwr/s iodelay  Command
08:08:17 PM  1001     24762    1.00   98.00    0.00    1.00   99.00     5 124399.00      0.00 47754404 31432248  96.57     -1.00     -1.00     -1.00       0  vaultx

# Time        UID       PID    %usr %system  %guest   %wait    %CPU   CPU  minflt/s  majflt/s     VSZ     RSS   %MEM   kB_rd/s   kB_wr/s kB_ccwr/s iodelay  Command
08:08:18 PM  1001     24762    0.57   77.84    0.00    1.14   78.41     5  20085.23     58.52       0       0   0.00     -1.00     -1.00     -1.00       0  vaultx

# Time        UID       PID    %usr %system  %guest   %wait    %CPU   CPU  minflt/s  majflt/s     VSZ     RSS   %MEM   kB_rd/s   kB_wr/s kB_ccwr/s iodelay  Command
08:08:19 PM  1001     24762    0.00   96.00    0.00    0.00   96.00     5      0.00      0.00       0       0   0.00     -1.00     -1.00     -1.00       0  vaultx

# Time        UID       PID    %usr %system  %guest   %wait    %CPU   CPU  minflt/s  majflt/s     VSZ     RSS   %MEM   kB_rd/s   kB_wr/s kB_ccwr/s iodelay  Command
08:08:20 PM  1001     24762    0.00   99.00    0.00    1.00   99.00     5      0.00      0.00       0       0   0.00     -1.00     -1.00     -1.00       0  vaultx

# Time        UID       PID    %usr %system  %guest   %wait    %CPU   CPU  minflt/s  majflt/s     VSZ     RSS   %MEM   kB_rd/s   kB_wr/s kB_ccwr/s iodelay  Command
08:08:21 PM  1001     24762    0.00  100.00    0.00    0.00  100.00     5      0.00      0.00       0       0   0.00     -1.00     -1.00     -1.00       0  vaultx

# Time        UID       PID    %usr %system  %guest   %wait    %CPU   CPU  minflt/s  majflt/s     VSZ     RSS   %MEM   kB_rd/s   kB_wr/s kB_ccwr/s iodelay  Command
08:08:22 PM  1001     24762    0.00   99.00    0.00    1.00   99.00     5      0.00      0.00       0       0   0.00     -1.00     -1.00     -1.00       0  vaultx
----Run 2 for K=32, memory=16384 MB----
Linux 6.1.43-rockchip-rk3588 (orangepi5plus) 	07/01/2025 	_aarch64_	(8 CPU)

# Time        UID       PID    %usr %system  %guest   %wait    %CPU   CPU  minflt/s  majflt/s     VSZ     RSS   %MEM   kB_rd/s   kB_wr/s kB_ccwr/s iodelay  Command

# Time        UID       PID    %usr %system  %guest   %wait    %CPU   CPU  minflt/s  majflt/s     VSZ     RSS   %MEM   kB_rd/s   kB_wr/s kB_ccwr/s iodelay  Command
08:08:24 PM  1001     24780    9.00   89.00    0.00    0.00   98.00     4 432783.00      6.00 3000992 1732944   5.32     -1.00     -1.00     -1.00       0  vaultx

# Time        UID       PID    %usr %system  %guest   %wait    %CPU   CPU  minflt/s  majflt/s     VSZ     RSS   %MEM   kB_rd/s   kB_wr/s kB_ccwr/s iodelay  Command
08:08:25 PM  1001     24780   17.00   83.00    0.00    0.00  100.00     4 587046.00      0.00 5290268 4080960  12.54     -1.00     -1.00     -1.00       0  vaultx

# Time        UID       PID    %usr %system  %guest   %wait    %CPU   CPU  minflt/s  majflt/s     VSZ     RSS   %MEM   kB_rd/s   kB_wr/s kB_ccwr/s iodelay  Command
08:08:26 PM  1001     24780   18.00   82.00    0.00    0.00  100.00     4 715275.00      0.00 8079428 6942192  21.33     -1.00     -1.00     -1.00       0  vaultx

# Time        UID       PID    %usr %system  %guest   %wait    %CPU   CPU  minflt/s  majflt/s     VSZ     RSS   %MEM   kB_rd/s   kB_wr/s kB_ccwr/s iodelay  Command
08:08:27 PM  1001     24780   18.00   83.00    0.00    0.00  101.00     4 714869.00      0.00 10867004 9801576  30.11     -1.00     -1.00     -1.00       0  vaultx

# Time        UID       PID    %usr %system  %guest   %wait    %CPU   CPU  minflt/s  majflt/s     VSZ     RSS   %MEM   kB_rd/s   kB_wr/s kB_ccwr/s iodelay  Command
08:08:28 PM  1001     24780   15.00   85.00    0.00    0.00  100.00     4 714925.00      0.00 13654976 12661224  38.90     -1.00     -1.00     -1.00       0  vaultx

# Time        UID       PID    %usr %system  %guest   %wait    %CPU   CPU  minflt/s  majflt/s     VSZ     RSS   %MEM   kB_rd/s   kB_wr/s kB_ccwr/s iodelay  Command
08:08:29 PM  1001     24780   17.00   82.00    0.00    0.00   99.00     4 715144.00      0.00 16443608 15521928  47.69     -1.00     -1.00     -1.00       0  vaultx

# Time        UID       PID    %usr %system  %guest   %wait    %CPU   CPU  minflt/s  majflt/s     VSZ     RSS   %MEM   kB_rd/s   kB_wr/s kB_ccwr/s iodelay  Command
08:08:30 PM  1001     24780   17.00   84.00    0.00    0.00  101.00     4 715717.00      0.00 19234484 18384744  56.49     -1.00     -1.00     -1.00       0  vaultx

# Time        UID       PID    %usr %system  %guest   %wait    %CPU   CPU  minflt/s  majflt/s     VSZ     RSS   %MEM   kB_rd/s   kB_wr/s kB_ccwr/s iodelay  Command
08:08:31 PM  1001     24780   14.00   85.00    0.00    0.00   99.00     4 714373.00      0.00 22020212 21242280  65.26     -1.00     -1.00     -1.00       0  vaultx

# Time        UID       PID    %usr %system  %guest   %wait    %CPU   CPU  minflt/s  majflt/s     VSZ     RSS   %MEM   kB_rd/s   kB_wr/s kB_ccwr/s iodelay  Command
08:08:32 PM  1001     24780   16.00   85.00    0.00    0.00  101.00     4 715331.00      0.00 24809636 24103512  74.06     -1.00     -1.00     -1.00       0  vaultx

# Time        UID       PID    %usr %system  %guest   %wait    %CPU   CPU  minflt/s  majflt/s     VSZ     RSS   %MEM   kB_rd/s   kB_wr/s kB_ccwr/s iodelay  Command
08:08:33 PM  1001     24780   11.00   88.00    0.00    0.00   99.00     4 714979.00      0.00 27597740 26963424  82.84     -1.00     -1.00     -1.00       0  vaultx

# Time        UID       PID    %usr %system  %guest   %wait    %CPU   CPU  minflt/s  majflt/s     VSZ     RSS   %MEM   kB_rd/s   kB_wr/s kB_ccwr/s iodelay  Command
08:08:34 PM  1001     24780   13.00   88.00    0.00    0.00  101.00     4 673220.00      0.00 30222956 29656488  91.12     -1.00     -1.00     -1.00       0  vaultx

# Time        UID       PID    %usr %system  %guest   %wait    %CPU   CPU  minflt/s  majflt/s     VSZ     RSS   %MEM   kB_rd/s   kB_wr/s kB_ccwr/s iodelay  Command
08:08:35 PM  1001     24780   16.00   83.00    0.00    0.00   99.00     4 579297.00      0.00 32481872 31973548  98.24     -1.00     -1.00     -1.00       0  vaultx

# Time        UID       PID    %usr %system  %guest   %wait    %CPU   CPU  minflt/s  majflt/s     VSZ     RSS   %MEM   kB_rd/s   kB_wr/s kB_ccwr/s iodelay  Command
08:08:36 PM  1001     24780    0.00  100.00    0.00    0.00  100.00     4   1331.00      0.00 32487152 31978828  98.25     -1.00     -1.00     -1.00       0  vaultx

# Time        UID       PID    %usr %system  %guest   %wait    %CPU   CPU  minflt/s  majflt/s     VSZ     RSS   %MEM   kB_rd/s   kB_wr/s kB_ccwr/s iodelay  Command
08:08:37 PM  1001     24780    0.00  100.00    0.00    1.00  100.00     4   1214.00      0.00 32491904 31983060  98.26     -1.00     -1.00     -1.00       0  vaultx

# Time        UID       PID    %usr %system  %guest   %wait    %CPU   CPU  minflt/s  majflt/s     VSZ     RSS   %MEM   kB_rd/s   kB_wr/s kB_ccwr/s iodelay  Command
08:08:38 PM  1001     24780    4.00   96.00    0.00    0.00  100.00     4 162271.00      0.00 33124580 31965392  98.21     -1.00     -1.00     -1.00       0  vaultx

# Time        UID       PID    %usr %system  %guest   %wait    %CPU   CPU  minflt/s  majflt/s     VSZ     RSS   %MEM   kB_rd/s   kB_wr/s kB_ccwr/s iodelay  Command
08:08:39 PM  1001     24780    6.00   94.00    0.00    0.00  100.00     4 348725.00      0.00 34484444 31929976  98.10     -1.00     -1.00     -1.00       0  vaultx

# Time        UID       PID    %usr %system  %guest   %wait    %CPU   CPU  minflt/s  majflt/s     VSZ     RSS   %MEM   kB_rd/s   kB_wr/s kB_ccwr/s iodelay  Command
08:08:40 PM  1001     24780    8.00   91.00    0.00    0.00   99.00     4 351580.00      0.00 35855528 31895588  98.00     -1.00     -1.00     -1.00       0  vaultx

# Time        UID       PID    %usr %system  %guest   %wait    %CPU   CPU  minflt/s  majflt/s     VSZ     RSS   %MEM   kB_rd/s   kB_wr/s kB_ccwr/s iodelay  Command
08:08:41 PM  1001     24780    5.00   95.00    0.00    0.00  100.00     4 352456.00      0.00 37229912 31860868  97.89     -1.00     -1.00     -1.00       0  vaultx

# Time        UID       PID    %usr %system  %guest   %wait    %CPU   CPU  minflt/s  majflt/s     VSZ     RSS   %MEM   kB_rd/s   kB_wr/s kB_ccwr/s iodelay  Command
08:08:42 PM  1001     24780    9.00   91.00    0.00    1.00  100.00     4 351940.00      0.00 38602184 31818140  97.76     -1.00     -1.00     -1.00       0  vaultx

# Time        UID       PID    %usr %system  %guest   %wait    %CPU   CPU  minflt/s  majflt/s     VSZ     RSS   %MEM   kB_rd/s   kB_wr/s kB_ccwr/s iodelay  Command
08:08:43 PM  1001     24780    8.00   92.00    0.00    0.00  100.00     4 351372.00      0.00 39972476 31773416  97.62     -1.00     -1.00     -1.00       0  vaultx

# Time        UID       PID    %usr %system  %guest   %wait    %CPU   CPU  minflt/s  majflt/s     VSZ     RSS   %MEM   kB_rd/s   kB_wr/s kB_ccwr/s iodelay  Command
08:08:44 PM  1001     24780   11.00   89.00    0.00    0.00  100.00     4 349381.00      0.00 41334848 31716480  97.45     -1.00     -1.00     -1.00       0  vaultx

# Time        UID       PID    %usr %system  %guest   %wait    %CPU   CPU  minflt/s  majflt/s     VSZ     RSS   %MEM   kB_rd/s   kB_wr/s kB_ccwr/s iodelay  Command
08:08:45 PM  1001     24780    9.00   91.00    0.00    0.00  100.00     4 344498.00      0.00 42678212 31629488  97.18     -1.00     -1.00     -1.00       0  vaultx

# Time        UID       PID    %usr %system  %guest   %wait    %CPU   CPU  minflt/s  majflt/s     VSZ     RSS   %MEM   kB_rd/s   kB_wr/s kB_ccwr/s iodelay  Command
08:08:46 PM  1001     24780    7.00   93.00    0.00    0.00  100.00     4 350269.00      0.00 44044148 31575372  97.01     -1.00     -1.00     -1.00       0  vaultx

# Time        UID       PID    %usr %system  %guest   %wait    %CPU   CPU  minflt/s  majflt/s     VSZ     RSS   %MEM   kB_rd/s   kB_wr/s kB_ccwr/s iodelay  Command
08:08:47 PM  1001     24780    7.00   93.00    0.00    0.00  100.00     4 352209.00      0.00 45417476 31530812  96.87     -1.00     -1.00     -1.00       0  vaultx

# Time        UID       PID    %usr %system  %guest   %wait    %CPU   CPU  minflt/s  majflt/s     VSZ     RSS   %MEM   kB_rd/s   kB_wr/s kB_ccwr/s iodelay  Command
08:08:48 PM  1001     24780   11.00   89.00    0.00    1.00  100.00     4 353469.00      0.00 46795820 31490164  96.75     -1.00     -1.00     -1.00       0  vaultx

# Time        UID       PID    %usr %system  %guest   %wait    %CPU   CPU  minflt/s  majflt/s     VSZ     RSS   %MEM   kB_rd/s   kB_wr/s kB_ccwr/s iodelay  Command
08:08:49 PM  1001     24780    7.00   92.00    0.00    0.00   99.00     4 245966.00      0.00 47755064 31462452  96.66     -1.00     -1.00     -1.00       0  vaultx

# Time        UID       PID    %usr %system  %guest   %wait    %CPU   CPU  minflt/s  majflt/s     VSZ     RSS   %MEM   kB_rd/s   kB_wr/s kB_ccwr/s iodelay  Command
08:08:50 PM  1001     24780    1.00   99.00    0.00    0.00  100.00     4   2894.00      0.00 47766284 31463564  96.67     -1.00     -1.00     -1.00       0  vaultx

# Time        UID       PID    %usr %system  %guest   %wait    %CPU   CPU  minflt/s  majflt/s     VSZ     RSS   %MEM   kB_rd/s   kB_wr/s kB_ccwr/s iodelay  Command
08:08:51 PM  1001     24780    0.00  100.00    0.00    0.00  100.00     4      0.00      0.00 47766284 31462032  96.66     -1.00     -1.00     -1.00       0  vaultx

# Time        UID       PID    %usr %system  %guest   %wait    %CPU   CPU  minflt/s  majflt/s     VSZ     RSS   %MEM   kB_rd/s   kB_wr/s kB_ccwr/s iodelay  Command
08:08:52 PM  1001     24780    0.00  100.00    0.00    0.00  100.00     4   2173.27      0.00       0       0   0.00     -1.00     -1.00     -1.00       0  vaultx

# Time        UID       PID    %usr %system  %guest   %wait    %CPU   CPU  minflt/s  majflt/s     VSZ     RSS   %MEM   kB_rd/s   kB_wr/s kB_ccwr/s iodelay  Command
08:08:53 PM  1001     24780    0.00  100.00    0.00    0.00  100.00     4      0.00      0.00       0       0   0.00     -1.00     -1.00     -1.00       0  vaultx

# Time        UID       PID    %usr %system  %guest   %wait    %CPU   CPU  minflt/s  majflt/s     VSZ     RSS   %MEM   kB_rd/s   kB_wr/s kB_ccwr/s iodelay  Command
08:08:54 PM  1001     24780    0.00  100.00    0.00    1.00  100.00     4      0.00      0.00       0       0   0.00     -1.00     -1.00     -1.00       0  vaultx

# Time        UID       PID    %usr %system  %guest   %wait    %CPU   CPU  minflt/s  majflt/s     VSZ     RSS   %MEM   kB_rd/s   kB_wr/s kB_ccwr/s iodelay  Command
----Run 3 for K=32, memory=16384 MB----
Linux 6.1.43-rockchip-rk3588 (orangepi5plus) 	07/01/2025 	_aarch64_	(8 CPU)

# Time        UID       PID    %usr %system  %guest   %wait    %CPU   CPU  minflt/s  majflt/s     VSZ     RSS   %MEM   kB_rd/s   kB_wr/s kB_ccwr/s iodelay  Command
08:08:56 PM  1001     24789   12.00   87.00    0.00    0.00   99.00     4 480156.00      6.00 3185792 1922268   5.91     -1.00     -1.00     -1.00       0  vaultx

# Time        UID       PID    %usr %system  %guest   %wait    %CPU   CPU  minflt/s  majflt/s     VSZ     RSS   %MEM   kB_rd/s   kB_wr/s kB_ccwr/s iodelay  Command
08:08:57 PM  1001     24789   18.00   81.00    0.00    0.00   99.00     4 742176.00      0.00 6079892 4890948  15.03     -1.00     -1.00     -1.00       0  vaultx

# Time        UID       PID    %usr %system  %guest   %wait    %CPU   CPU  minflt/s  majflt/s     VSZ     RSS   %MEM   kB_rd/s   kB_wr/s kB_ccwr/s iodelay  Command
08:08:58 PM  1001     24789   15.00   86.00    0.00    0.00  101.00     4 715203.00      0.00 8868788 7751916  23.82     -1.00     -1.00     -1.00       0  vaultx

# Time        UID       PID    %usr %system  %guest   %wait    %CPU   CPU  minflt/s  majflt/s     VSZ     RSS   %MEM   kB_rd/s   kB_wr/s kB_ccwr/s iodelay  Command
08:08:59 PM  1001     24789   15.00   85.00    0.00    0.00  100.00     4 714537.00      0.00 11655176 10609980  32.60     -1.00     -1.00     -1.00       0  vaultx

# Time        UID       PID    %usr %system  %guest   %wait    %CPU   CPU  minflt/s  majflt/s     VSZ     RSS   %MEM   kB_rd/s   kB_wr/s kB_ccwr/s iodelay  Command
08:09:00 PM  1001     24789   17.00   82.00    0.00    0.00   99.00     4 716257.00      0.00 14448164 13475172  41.40     -1.00     -1.00     -1.00       0  vaultx

# Time        UID       PID    %usr %system  %guest   %wait    %CPU   CPU  minflt/s  majflt/s     VSZ     RSS   %MEM   kB_rd/s   kB_wr/s kB_ccwr/s iodelay  Command
08:09:01 PM  1001     24789   14.00   86.00    0.00    0.00  100.00     4 716330.00      0.00 17241548 16340364  50.20     -1.00     -1.00     -1.00       0  vaultx

# Time        UID       PID    %usr %system  %guest   %wait    %CPU   CPU  minflt/s  majflt/s     VSZ     RSS   %MEM   kB_rd/s   kB_wr/s kB_ccwr/s iodelay  Command
08:09:02 PM  1001     24789   16.00   84.00    0.00    0.00  100.00     4 714666.00      0.00 20028332 19198956  58.99     -1.00     -1.00     -1.00       0  vaultx

# Time        UID       PID    %usr %system  %guest   %wait    %CPU   CPU  minflt/s  majflt/s     VSZ     RSS   %MEM   kB_rd/s   kB_wr/s kB_ccwr/s iodelay  Command
08:09:03 PM  1001     24789   11.00   90.00    0.00    0.00  101.00     4 715897.00      0.00 22820000 22062564  67.78     -1.00     -1.00     -1.00       0  vaultx

# Time        UID       PID    %usr %system  %guest   %wait    %CPU   CPU  minflt/s  majflt/s     VSZ     RSS   %MEM   kB_rd/s   kB_wr/s kB_ccwr/s iodelay  Command
08:09:04 PM  1001     24789   10.00   89.00    0.00    0.00   99.00     4 714792.00      0.00 25607312 24921684  76.57     -1.00     -1.00     -1.00       0  vaultx

# Time        UID       PID    %usr %system  %guest   %wait    %CPU   CPU  minflt/s  majflt/s     VSZ     RSS   %MEM   kB_rd/s   kB_wr/s kB_ccwr/s iodelay  Command
08:09:05 PM  1001     24789   15.00   85.00    0.00    0.00  100.00     4 715002.00      0.00 28395548 27781860  85.36     -1.00     -1.00     -1.00       0  vaultx

# Time        UID       PID    %usr %system  %guest   %wait    %CPU   CPU  minflt/s  majflt/s     VSZ     RSS   %MEM   kB_rd/s   kB_wr/s kB_ccwr/s iodelay  Command
08:09:06 PM  1001     24789   18.00   82.00    0.00    0.00  100.00     4 700949.00      0.00 31128872 30585540  93.97     -1.00     -1.00     -1.00       0  vaultx

# Time        UID       PID    %usr %system  %guest   %wait    %CPU   CPU  minflt/s  majflt/s     VSZ     RSS   %MEM   kB_rd/s   kB_wr/s kB_ccwr/s iodelay  Command
08:09:07 PM  1001     24789    8.00   92.00    0.00    0.00  100.00     4 328288.00      0.00 32409008 31898624  98.00     -1.00     -1.00     -1.00       0  vaultx

# Time        UID       PID    %usr %system  %guest   %wait    %CPU   CPU  minflt/s  majflt/s     VSZ     RSS   %MEM   kB_rd/s   kB_wr/s kB_ccwr/s iodelay  Command
08:09:08 PM  1001     24789    0.00  100.00    0.00    0.00  100.00     4   1052.00      0.00 32413100 31902528  98.02     -1.00     -1.00     -1.00       0  vaultx

# Time        UID       PID    %usr %system  %guest   %wait    %CPU   CPU  minflt/s  majflt/s     VSZ     RSS   %MEM   kB_rd/s   kB_wr/s kB_ccwr/s iodelay  Command
08:09:09 PM  1001     24789    0.00  100.00    0.00    1.00  100.00     4    698.00      0.00 32415872 31905052  98.02     -1.00     -1.00     -1.00       0  vaultx

# Time        UID       PID    %usr %system  %guest   %wait    %CPU   CPU  minflt/s  majflt/s     VSZ     RSS   %MEM   kB_rd/s   kB_wr/s kB_ccwr/s iodelay  Command
08:09:10 PM  1001     24789    6.00   94.00    0.00    0.00  100.00     4 211000.00      0.00 33238628 31880204  97.95     -1.00     -1.00     -1.00       0  vaultx

# Time        UID       PID    %usr %system  %guest   %wait    %CPU   CPU  minflt/s  majflt/s     VSZ     RSS   %MEM   kB_rd/s   kB_wr/s kB_ccwr/s iodelay  Command
08:09:11 PM  1001     24789   10.00   90.00    0.00    0.00  100.00     4 370104.00      0.00 34681784 31842492  97.83     -1.00     -1.00     -1.00       0  vaultx

# Time        UID       PID    %usr %system  %guest   %wait    %CPU   CPU  minflt/s  majflt/s     VSZ     RSS   %MEM   kB_rd/s   kB_wr/s kB_ccwr/s iodelay  Command
08:09:12 PM  1001     24789    6.00   93.00    0.00    0.00   99.00     4 355406.00      0.00 36067784 31808228  97.73     -1.00     -1.00     -1.00       0  vaultx

# Time        UID       PID    %usr %system  %guest   %wait    %CPU   CPU  minflt/s  majflt/s     VSZ     RSS   %MEM   kB_rd/s   kB_wr/s kB_ccwr/s iodelay  Command
08:09:13 PM  1001     24789    6.00   94.00    0.00    0.00  100.00     4 357867.00      0.00 37463288 31771864  97.62     -1.00     -1.00     -1.00       0  vaultx

# Time        UID       PID    %usr %system  %guest   %wait    %CPU   CPU  minflt/s  majflt/s     VSZ     RSS   %MEM   kB_rd/s   kB_wr/s kB_ccwr/s iodelay  Command
08:09:14 PM  1001     24789    7.00   93.00    0.00    1.00  100.00     4 356804.00      0.00 38854568 31730800  97.49     -1.00     -1.00     -1.00       0  vaultx

# Time        UID       PID    %usr %system  %guest   %wait    %CPU   CPU  minflt/s  majflt/s     VSZ     RSS   %MEM   kB_rd/s   kB_wr/s kB_ccwr/s iodelay  Command
08:09:15 PM  1001     24789    8.00   92.00    0.00    0.00  100.00     4 357420.00      0.00 40248356 31685984  97.35     -1.00     -1.00     -1.00       0  vaultx

# Time        UID       PID    %usr %system  %guest   %wait    %CPU   CPU  minflt/s  majflt/s     VSZ     RSS   %MEM   kB_rd/s   kB_wr/s kB_ccwr/s iodelay  Command
08:09:16 PM  1001     24789    7.00   93.00    0.00    0.00  100.00     4 356246.00      0.00 41637524 31646772  97.23     -1.00     -1.00     -1.00       0  vaultx

# Time        UID       PID    %usr %system  %guest   %wait    %CPU   CPU  minflt/s  majflt/s     VSZ     RSS   %MEM   kB_rd/s   kB_wr/s kB_ccwr/s iodelay  Command
08:09:17 PM  1001     24789    8.00   92.00    0.00    0.00  100.00     4 358359.00      0.00 43035008 31603740  97.10     -1.00     -1.00     -1.00       0  vaultx

# Time        UID       PID    %usr %system  %guest   %wait    %CPU   CPU  minflt/s  majflt/s     VSZ     RSS   %MEM   kB_rd/s   kB_wr/s kB_ccwr/s iodelay  Command
08:09:18 PM  1001     24789    6.00   94.00    0.00    0.00  100.00     4 358629.00      0.00 44433416 31561136  96.97     -1.00     -1.00     -1.00       0  vaultx

# Time        UID       PID    %usr %system  %guest   %wait    %CPU   CPU  minflt/s  majflt/s     VSZ     RSS   %MEM   kB_rd/s   kB_wr/s kB_ccwr/s iodelay  Command
08:09:19 PM  1001     24789    8.00   91.00    0.00    1.00   99.00     4 356709.00      0.00 45824432 31521404  96.85     -1.00     -1.00     -1.00       0  vaultx

# Time        UID       PID    %usr %system  %guest   %wait    %CPU   CPU  minflt/s  majflt/s     VSZ     RSS   %MEM   kB_rd/s   kB_wr/s kB_ccwr/s iodelay  Command
08:09:20 PM  1001     24789    9.00   91.00    0.00    0.00  100.00     4 359243.00      0.00 47225216 31482620  96.73     -1.00     -1.00     -1.00       0  vaultx

# Time        UID       PID    %usr %system  %guest   %wait    %CPU   CPU  minflt/s  majflt/s     VSZ     RSS   %MEM   kB_rd/s   kB_wr/s kB_ccwr/s iodelay  Command
08:09:21 PM  1001     24789    3.00   97.00    0.00    0.00  100.00     4 138696.00      0.00 47766152 31464304  96.67     -1.00     -1.00     -1.00       0  vaultx

# Time        UID       PID    %usr %system  %guest   %wait    %CPU   CPU  minflt/s  majflt/s     VSZ     RSS   %MEM   kB_rd/s   kB_wr/s kB_ccwr/s iodelay  Command
08:09:22 PM  1001     24789    0.00  100.00    0.00    0.00  100.00     4   1070.00      0.00 47770244 31467576  96.68     -1.00     -1.00     -1.00       0  vaultx

# Time        UID       PID    %usr %system  %guest   %wait    %CPU   CPU  minflt/s  majflt/s     VSZ     RSS   %MEM   kB_rd/s   kB_wr/s kB_ccwr/s iodelay  Command
08:09:23 PM  1001     24789    0.00  100.00    0.00    0.00  100.00     4      0.00      0.00 47770244 31466532  96.68     -1.00     -1.00     -1.00       0  vaultx

# Time        UID       PID    %usr %system  %guest   %wait    %CPU   CPU  minflt/s  majflt/s     VSZ     RSS   %MEM   kB_rd/s   kB_wr/s kB_ccwr/s iodelay  Command
08:09:24 PM  1001     24789    0.00  100.00    0.00    0.00  100.00     4      0.00      0.00 47770244 31465564  96.67     -1.00     -1.00     -1.00       0  vaultx

# Time        UID       PID    %usr %system  %guest   %wait    %CPU   CPU  minflt/s  majflt/s     VSZ     RSS   %MEM   kB_rd/s   kB_wr/s kB_ccwr/s iodelay  Command
08:09:25 PM  1001     24789    0.00   99.01    0.00    0.00   99.01     4   1750.50      0.00       0       0   0.00     -1.00     -1.00     -1.00       0  vaultx

# Time        UID       PID    %usr %system  %guest   %wait    %CPU   CPU  minflt/s  majflt/s     VSZ     RSS   %MEM   kB_rd/s   kB_wr/s kB_ccwr/s iodelay  Command
08:09:26 PM  1001     24789    0.00  101.01    0.00    1.01  101.01     4      0.00      0.00       0       0   0.00     -1.00     -1.00     -1.00       0  vaultx

# Time        UID       PID    %usr %system  %guest   %wait    %CPU   CPU  minflt/s  majflt/s     VSZ     RSS   %MEM   kB_rd/s   kB_wr/s kB_ccwr/s iodelay  Command
08:09:27 PM  1001     24789    0.00   99.00    0.00    0.00   99.00     4      0.00      0.00       0       0   0.00     -1.00     -1.00     -1.00       0  vaultx

# Time        UID       PID    %usr %system  %guest   %wait    %CPU   CPU  minflt/s  majflt/s     VSZ     RSS   %MEM   kB_rd/s   kB_wr/s kB_ccwr/s iodelay  Command
08:09:28 PM  1001     24789    0.00  100.00    0.00    0.00  100.00     4      0.00      0.00       0       0   0.00     -1.00     -1.00     -1.00       0  vaultx

# Time        UID       PID    %usr %system  %guest   %wait    %CPU   CPU  minflt/s  majflt/s     VSZ     RSS   %MEM   kB_rd/s   kB_wr/s kB_ccwr/s iodelay  Command
