----Run  for K=36, memory=20480 MB----
Linux 5.15.0-142-generic (epycbox) 	07/03/2025 	_x86_64_	(128 CPU)

# Time        UID       PID    %usr %system  %guest   %wait    %CPU   CPU  minflt/s  majflt/s     VSZ     RSS   %MEM   kB_rd/s   kB_wr/s kB_ccwr/s iodelay  Command
03:12:40 AM  1010   3183030   14.00   86.00    0.00    0.00  100.00    17 440265.00      0.00 4729536 3487976   0.70      0.00      0.00      0.00       0  vaultx

# Time        UID       PID    %usr %system  %guest   %wait    %CPU   CPU  minflt/s  majflt/s     VSZ     RSS   %MEM   kB_rd/s   kB_wr/s kB_ccwr/s iodelay  Command
03:12:41 AM  1010   3183030   12.00   88.00    0.00    0.00  100.00    17 423261.00      0.00 6388248 5181008   1.05      0.00      0.00      0.00       0  vaultx

# Time        UID       PID    %usr %system  %guest   %wait    %CPU   CPU  minflt/s  majflt/s     VSZ     RSS   %MEM   kB_rd/s   kB_wr/s kB_ccwr/s iodelay  Command
03:12:42 AM  1010   3183030   12.00   88.00    0.00    0.00  100.00    17 434998.00      0.00 8093028 6921032   1.40      0.00      0.00      0.00       0  vaultx

# Time        UID       PID    %usr %system  %guest   %wait    %CPU   CPU  minflt/s  majflt/s     VSZ     RSS   %MEM   kB_rd/s   kB_wr/s kB_ccwr/s iodelay  Command
03:12:43 AM  1010   3183030   13.00   87.00    0.00    0.00  100.00    17 425738.00      0.00 9761508 8623832   1.74      0.00      0.00      0.00       0  vaultx

# Time        UID       PID    %usr %system  %guest   %wait    %CPU   CPU  minflt/s  majflt/s     VSZ     RSS   %MEM   kB_rd/s   kB_wr/s kB_ccwr/s iodelay  Command
03:12:44 AM  1010   3183030   12.00   87.00    0.00    0.00   99.00    17 430874.00      0.00 11450184 10347488   2.09      0.00      0.00      0.00       0  vaultx

# Time        UID       PID    %usr %system  %guest   %wait    %CPU   CPU  minflt/s  majflt/s     VSZ     RSS   %MEM   kB_rd/s   kB_wr/s kB_ccwr/s iodelay  Command
03:12:45 AM  1010   3183030   12.00   89.00    0.00    0.00  101.00    17 432888.00      0.00 13146648 12079064   2.44      0.00      0.00      0.00       0  vaultx

# Time        UID       PID    %usr %system  %guest   %wait    %CPU   CPU  minflt/s  majflt/s     VSZ     RSS   %MEM   kB_rd/s   kB_wr/s kB_ccwr/s iodelay  Command
03:12:46 AM  1010   3183030   14.00   86.00    0.00    0.00  100.00    17 421753.00      0.00 14799420 13766024   2.78      0.00      0.00      0.00       0  vaultx

# Time        UID       PID    %usr %system  %guest   %wait    %CPU   CPU  minflt/s  majflt/s     VSZ     RSS   %MEM   kB_rd/s   kB_wr/s kB_ccwr/s iodelay  Command
03:12:47 AM  1010   3183030   13.00   86.00    0.00    0.00   99.00    17 429685.00      0.00 16483476 15484664   3.13      0.00      0.00      0.00       0  vaultx

# Time        UID       PID    %usr %system  %guest   %wait    %CPU   CPU  minflt/s  majflt/s     VSZ     RSS   %MEM   kB_rd/s   kB_wr/s kB_ccwr/s iodelay  Command
03:12:48 AM  1010   3183030   12.00   89.00    0.00    0.00  101.00    17 431928.00      0.00 18176112 17212544   3.48      0.00      0.00      0.00       0  vaultx

# Time        UID       PID    %usr %system  %guest   %wait    %CPU   CPU  minflt/s  majflt/s     VSZ     RSS   %MEM   kB_rd/s   kB_wr/s kB_ccwr/s iodelay  Command
03:12:49 AM  1010   3183030   23.00   77.00    0.00    0.00  100.00    17 428662.00      0.00 19856076 18927224   3.82      0.00      0.00      0.00       0  vaultx

# Time        UID       PID    %usr %system  %guest   %wait    %CPU   CPU  minflt/s  majflt/s     VSZ     RSS   %MEM   kB_rd/s   kB_wr/s kB_ccwr/s iodelay  Command
03:12:50 AM  1010   3183030   13.00   86.00    0.00    0.00   99.00    17 432841.00      0.00 21552408 20658536   4.17      0.00      0.00      0.00       0  vaultx

# Time        UID       PID    %usr %system  %guest   %wait    %CPU   CPU  minflt/s  majflt/s     VSZ     RSS   %MEM   kB_rd/s   kB_wr/s kB_ccwr/s iodelay  Command
03:12:51 AM  1010   3183030   20.00   81.00    0.00    0.00  101.00    17 418380.00      0.00 23192112 22332032   4.51      0.00      0.00      0.00       0  vaultx

# Time        UID       PID    %usr %system  %guest   %wait    %CPU   CPU  minflt/s  majflt/s     VSZ     RSS   %MEM   kB_rd/s   kB_wr/s kB_ccwr/s iodelay  Command
03:12:52 AM  1010   3183030   13.00   87.00    0.00    0.00  100.00    17 432467.00      0.00 24886860 24061760   4.86      0.00      0.00      0.00       0  vaultx

# Time        UID       PID    %usr %system  %guest   %wait    %CPU   CPU  minflt/s  majflt/s     VSZ     RSS   %MEM   kB_rd/s   kB_wr/s kB_ccwr/s iodelay  Command
03:12:53 AM  1010   3183030   12.00   88.00    0.00    0.00  100.00    17 427405.00      0.00 26561940 25771424   5.20      0.00      0.00      0.00       0  vaultx

# Time        UID       PID    %usr %system  %guest   %wait    %CPU   CPU  minflt/s  majflt/s     VSZ     RSS   %MEM   kB_rd/s   kB_wr/s kB_ccwr/s iodelay  Command
03:12:54 AM  1010   3183030   13.00   87.00    0.00    0.00  100.00    17 431958.00      0.00 28254840 27499304   5.55      0.00      0.00      0.00       0  vaultx

# Time        UID       PID    %usr %system  %guest   %wait    %CPU   CPU  minflt/s  majflt/s     VSZ     RSS   %MEM   kB_rd/s   kB_wr/s kB_ccwr/s iodelay  Command
03:12:55 AM  1010   3183030   12.00   87.00    0.00    0.00   99.00    17 429153.00      0.00 29936652 29215832   5.90      0.00      0.00      0.00       0  vaultx

# Time        UID       PID    %usr %system  %guest   %wait    %CPU   CPU  minflt/s  majflt/s     VSZ     RSS   %MEM   kB_rd/s   kB_wr/s kB_ccwr/s iodelay  Command
03:12:56 AM  1010   3183030   14.00   86.00    0.00    0.00  100.00    17 427844.00      0.00 31613316 30927344   6.25      0.00      0.00      0.00       0  vaultx

# Time        UID       PID    %usr %system  %guest   %wait    %CPU   CPU  minflt/s  majflt/s     VSZ     RSS   %MEM   kB_rd/s   kB_wr/s kB_ccwr/s iodelay  Command
03:12:57 AM  1010   3183030   13.00   88.00    0.00    0.00  101.00    17 431159.00      0.00 33303048 32652056   6.59      0.00      0.00      0.00       0  vaultx

# Time        UID       PID    %usr %system  %guest   %wait    %CPU   CPU  minflt/s  majflt/s     VSZ     RSS   %MEM   kB_rd/s   kB_wr/s kB_ccwr/s iodelay  Command
03:12:58 AM  1010   3183030   14.00   86.00    0.00    0.00  100.00    17 426111.00      0.00 34972980 34356440   6.94      0.00      0.00      0.00       0  vaultx

# Time        UID       PID    %usr %system  %guest   %wait    %CPU   CPU  minflt/s  majflt/s     VSZ     RSS   %MEM   kB_rd/s   kB_wr/s kB_ccwr/s iodelay  Command
03:12:59 AM  1010   3183030   11.00   89.00    0.00    0.00  100.00    17 426235.00      0.00 36643440 36061352   7.28      0.00      0.00      0.00       0  vaultx

# Time        UID       PID    %usr %system  %guest   %wait    %CPU   CPU  minflt/s  majflt/s     VSZ     RSS   %MEM   kB_rd/s   kB_wr/s kB_ccwr/s iodelay  Command
03:13:00 AM  1010   3183030   16.00   84.00    0.00    0.00  100.00    17 431912.00      0.00 38336208 37788968   7.63      0.00      0.00      0.00       0  vaultx

# Time        UID       PID    %usr %system  %guest   %wait    %CPU   CPU  minflt/s  majflt/s     VSZ     RSS   %MEM   kB_rd/s   kB_wr/s kB_ccwr/s iodelay  Command
03:13:01 AM  1010   3183030   14.00   86.00    0.00    0.00  100.00    17 426109.00      0.00 40006140 39493352   7.98      0.00      0.00      0.00       0  vaultx

# Time        UID       PID    %usr %system  %guest   %wait    %CPU   CPU  minflt/s  majflt/s     VSZ     RSS   %MEM   kB_rd/s   kB_wr/s kB_ccwr/s iodelay  Command
03:13:02 AM  1010   3183030   16.00   83.00    0.00    0.00   99.00    17 431023.00      0.00 41695212 41217536   8.32      0.00      0.00      0.00       0  vaultx

# Time        UID       PID    %usr %system  %guest   %wait    %CPU   CPU  minflt/s  majflt/s     VSZ     RSS   %MEM   kB_rd/s   kB_wr/s kB_ccwr/s iodelay  Command
03:13:03 AM  1010   3183030   14.00   87.00    0.00    0.00  101.00    17 433977.00      0.00 43396032 42953336   8.67      0.00      0.00      0.00       0  vaultx

# Time        UID       PID    %usr %system  %guest   %wait    %CPU   CPU  minflt/s  majflt/s     VSZ     RSS   %MEM   kB_rd/s   kB_wr/s kB_ccwr/s iodelay  Command
03:13:04 AM  1010   3183030   18.00   82.00    0.00    0.00  100.00    17 428683.00      0.00 45075996 44668016   9.02      0.00      0.00      0.00       0  vaultx

# Time        UID       PID    %usr %system  %guest   %wait    %CPU   CPU  minflt/s  majflt/s     VSZ     RSS   %MEM   kB_rd/s   kB_wr/s kB_ccwr/s iodelay  Command
03:13:05 AM  1010   3183030   16.00   84.00    0.00    0.00  100.00    17 433066.00      0.00 46773252 46400384   9.37      0.00      0.00      0.00       0  vaultx

# Time        UID       PID    %usr %system  %guest   %wait    %CPU   CPU  minflt/s  majflt/s     VSZ     RSS   %MEM   kB_rd/s   kB_wr/s kB_ccwr/s iodelay  Command
03:13:06 AM  1010   3183030   15.00   85.00    0.00    0.00  100.00    17 425795.00      0.00 48441996 48103712   9.71      0.00      0.00      0.00       0  vaultx

# Time        UID       PID    %usr %system  %guest   %wait    %CPU   CPU  minflt/s  majflt/s     VSZ     RSS   %MEM   kB_rd/s   kB_wr/s kB_ccwr/s iodelay  Command
03:13:07 AM  1010   3183030   14.00   85.00    0.00    0.00   99.00    17 430680.00      0.00 50129748 49826312  10.06      0.00      0.00      0.00       0  vaultx

# Time        UID       PID    %usr %system  %guest   %wait    %CPU   CPU  minflt/s  majflt/s     VSZ     RSS   %MEM   kB_rd/s   kB_wr/s kB_ccwr/s iodelay  Command
03:13:08 AM  1010   3183030   17.00   84.00    0.00    0.00  101.00    17 430403.00      0.00 51816576 51547856  10.41      0.00      0.00      0.00       0  vaultx

# Time        UID       PID    %usr %system  %guest   %wait    %CPU   CPU  minflt/s  majflt/s     VSZ     RSS   %MEM   kB_rd/s   kB_wr/s kB_ccwr/s iodelay  Command
03:13:09 AM  1010   3183030   13.00   86.00    0.00    0.00   99.00    17 428153.00      0.00 53494560 53260424  10.76      0.00      0.00      0.00       0  vaultx

# Time        UID       PID    %usr %system  %guest   %wait    %CPU   CPU  minflt/s  majflt/s     VSZ     RSS   %MEM   kB_rd/s   kB_wr/s kB_ccwr/s iodelay  Command
03:13:10 AM  1010   3183030   17.00   84.00    0.00    0.00  101.00    17 432703.00      0.00 55190232 54991208  11.11      0.00      0.00      0.00       0  vaultx

# Time        UID       PID    %usr %system  %guest   %wait    %CPU   CPU  minflt/s  majflt/s     VSZ     RSS   %MEM   kB_rd/s   kB_wr/s kB_ccwr/s iodelay  Command
03:13:11 AM  1010   3183030   14.00   86.00    0.00    0.00  100.00    17 429146.00      0.00 56872176 56708000  11.45      0.00      0.00      0.00       0  vaultx

# Time        UID       PID    %usr %system  %guest   %wait    %CPU   CPU  minflt/s  majflt/s     VSZ     RSS   %MEM   kB_rd/s   kB_wr/s kB_ccwr/s iodelay  Command
03:13:12 AM  1010   3183030   11.00   88.00    0.00    0.00   99.00    17 428618.00      0.00 58551876 58422416  11.80      0.00      0.00      0.00       0  vaultx

# Time        UID       PID    %usr %system  %guest   %wait    %CPU   CPU  minflt/s  majflt/s     VSZ     RSS   %MEM   kB_rd/s   kB_wr/s kB_ccwr/s iodelay  Command
03:13:13 AM  1010   3183030   14.00   86.00    0.00    0.00  100.00    17 427356.00      0.00 60226692 60131816  12.14      0.00      0.00      0.00       0  vaultx

# Time        UID       PID    %usr %system  %guest   %wait    %CPU   CPU  minflt/s  majflt/s     VSZ     RSS   %MEM   kB_rd/s   kB_wr/s kB_ccwr/s iodelay  Command
03:13:14 AM  1010   3183030   14.00   86.00    0.00    0.00  100.00    17 431301.00      0.00 61916952 61857056  12.49      0.00      0.00      0.00       0  vaultx

# Time        UID       PID    %usr %system  %guest   %wait    %CPU   CPU  minflt/s  majflt/s     VSZ     RSS   %MEM   kB_rd/s   kB_wr/s kB_ccwr/s iodelay  Command
03:13:15 AM  1010   3183030   15.00   85.00    0.00    0.00  100.00    17 426932.00      0.00 63590184 63564872  12.84      0.00      0.00      0.00       0  vaultx

# Time        UID       PID    %usr %system  %guest   %wait    %CPU   CPU  minflt/s  majflt/s     VSZ     RSS   %MEM   kB_rd/s   kB_wr/s kB_ccwr/s iodelay  Command
03:13:16 AM  1010   3183030  854.00   54.00    0.00    0.00  908.00    17 296955.00     79.00 65269452 64752080  13.08      0.00      0.00      0.00       0  vaultx

# Time        UID       PID    %usr %system  %guest   %wait    %CPU   CPU  minflt/s  majflt/s     VSZ     RSS   %MEM   kB_rd/s   kB_wr/s kB_ccwr/s iodelay  Command
03:13:17 AM  1010   3183030 6363.00   34.00    0.00    0.00 6397.00    17  14009.00      0.00 65269452 64752664  13.08      0.00      0.00      0.00       0  vaultx

# Time        UID       PID    %usr %system  %guest   %wait    %CPU   CPU  minflt/s  majflt/s     VSZ     RSS   %MEM   kB_rd/s   kB_wr/s kB_ccwr/s iodelay  Command
03:13:18 AM  1010   3183030 6295.00  104.00    0.00    0.00 6399.00    17  60093.00      0.00 65269452 64752664  13.08      0.00      0.00      0.00       0  vaultx

# Time        UID       PID    %usr %system  %guest   %wait    %CPU   CPU  minflt/s  majflt/s     VSZ     RSS   %MEM   kB_rd/s   kB_wr/s kB_ccwr/s iodelay  Command
03:13:19 AM  1010   3183030 5438.00  962.00    0.00    0.00 6400.00    17 425662.00      0.00 65269452 64752664  13.08      0.00      0.00      0.00       0  vaultx

# Time        UID       PID    %usr %system  %guest   %wait    %CPU   CPU  minflt/s  majflt/s     VSZ     RSS   %MEM   kB_rd/s   kB_wr/s kB_ccwr/s iodelay  Command
03:13:20 AM  1010   3183030 5902.00  497.00    0.00    0.00 6399.00    17 253204.00      0.00 65269452 64752664  13.08      0.00      0.00      0.00       0  vaultx

# Time        UID       PID    %usr %system  %guest   %wait    %CPU   CPU  minflt/s  majflt/s     VSZ     RSS   %MEM   kB_rd/s   kB_wr/s kB_ccwr/s iodelay  Command
03:13:21 AM  1010   3183030 6247.00  153.00    0.00    0.00 6400.00    17  97823.00      0.00 65269452 64752664  13.08      0.00      0.00      0.00       0  vaultx

# Time        UID       PID    %usr %system  %guest   %wait    %CPU   CPU  minflt/s  majflt/s     VSZ     RSS   %MEM   kB_rd/s   kB_wr/s kB_ccwr/s iodelay  Command
03:13:22 AM  1010   3183030 6303.00   96.00    0.00    0.00 6399.00    59  69492.00      0.00 65269452 64752664  13.08      0.00      0.00      0.00       0  vaultx

# Time        UID       PID    %usr %system  %guest   %wait    %CPU   CPU  minflt/s  majflt/s     VSZ     RSS   %MEM   kB_rd/s   kB_wr/s kB_ccwr/s iodelay  Command
03:13:23 AM  1010   3183030 6299.00  101.00    0.00    0.00 6400.00    59  65979.00      0.00 65269452 64752664  13.08      0.00      0.00      0.00       0  vaultx

# Time        UID       PID    %usr %system  %guest   %wait    %CPU   CPU  minflt/s  majflt/s     VSZ     RSS   %MEM   kB_rd/s   kB_wr/s kB_ccwr/s iodelay  Command
03:13:24 AM  1010   3183030 6303.00   96.00    0.00    0.00 6399.00    59  64361.00      0.00 65269452 64752664  13.08      0.00      0.00      0.00       0  vaultx

# Time        UID       PID    %usr %system  %guest   %wait    %CPU   CPU  minflt/s  majflt/s     VSZ     RSS   %MEM   kB_rd/s   kB_wr/s kB_ccwr/s iodelay  Command
03:13:25 AM  1010   3183030 6290.00  110.00    0.00    0.00 6400.00    59  65917.00      0.00 65269452 64752664  13.08      0.00      0.00      0.00       0  vaultx

# Time        UID       PID    %usr %system  %guest   %wait    %CPU   CPU  minflt/s  majflt/s     VSZ     RSS   %MEM   kB_rd/s   kB_wr/s kB_ccwr/s iodelay  Command
03:13:26 AM  1010   3183030 5479.00  921.00    0.00    0.00 6400.00    59 401252.00      0.00 65269452 64752664  13.08      0.00      0.00      0.00       0  vaultx

# Time        UID       PID    %usr %system  %guest   %wait    %CPU   CPU  minflt/s  majflt/s     VSZ     RSS   %MEM   kB_rd/s   kB_wr/s kB_ccwr/s iodelay  Command
03:13:27 AM  1010   3183030 5789.00  610.00    0.00    0.00 6399.00    59 311884.00      0.00 65269452 64752664  13.08      0.00      0.00      0.00       0  vaultx

# Time        UID       PID    %usr %system  %guest   %wait    %CPU   CPU  minflt/s  majflt/s     VSZ     RSS   %MEM   kB_rd/s   kB_wr/s kB_ccwr/s iodelay  Command
03:13:28 AM  1010   3183030 5444.00  956.00    0.00    0.00 6400.00    59 396765.00      0.00 65269452 64752664  13.08      0.00      0.00      0.00       0  vaultx

# Time        UID       PID    %usr %system  %guest   %wait    %CPU   CPU  minflt/s  majflt/s     VSZ     RSS   %MEM   kB_rd/s   kB_wr/s kB_ccwr/s iodelay  Command
03:13:29 AM  1010   3183030 4695.05 1641.58    0.00    0.00 6336.63    59 561588.12      0.00 65269452 64752664  13.08      0.00      0.00      0.00       0  vaultx

# Time        UID       PID    %usr %system  %guest   %wait    %CPU   CPU  minflt/s  majflt/s     VSZ     RSS   %MEM   kB_rd/s   kB_wr/s kB_ccwr/s iodelay  Command
03:13:30 AM  1010   3183030 4398.00 2002.00    0.00    0.00 6400.00    59 618338.00      0.00 65269452 64752664  13.08      0.00      0.00      0.00       0  vaultx

# Time        UID       PID    %usr %system  %guest   %wait    %CPU   CPU  minflt/s  majflt/s     VSZ     RSS   %MEM   kB_rd/s   kB_wr/s kB_ccwr/s iodelay  Command
03:13:31 AM  1010   3183030 4410.00 1989.00    0.00    0.00 6399.00    59 616428.00      0.00 65269452 64752664  13.08      0.00      0.00      0.00       0  vaultx

# Time        UID       PID    %usr %system  %guest   %wait    %CPU   CPU  minflt/s  majflt/s     VSZ     RSS   %MEM   kB_rd/s   kB_wr/s kB_ccwr/s iodelay  Command
03:13:32 AM  1010   3183030 4646.00 1752.00    0.00    0.00 6398.00    14 471625.00     55.00 65269452 64752664  13.08      0.00      0.00      0.00       0  vaultx

# Time        UID       PID    %usr %system  %guest   %wait    %CPU   CPU  minflt/s  majflt/s     VSZ     RSS   %MEM   kB_rd/s   kB_wr/s kB_ccwr/s iodelay  Command
03:13:33 AM  1010   3183030 5202.00 1198.00    0.00    0.00 6400.00    14 452268.00      0.00 65269452 64752664  13.08      0.00      0.00      0.00       0  vaultx

# Time        UID       PID    %usr %system  %guest   %wait    %CPU   CPU  minflt/s  majflt/s     VSZ     RSS   %MEM   kB_rd/s   kB_wr/s kB_ccwr/s iodelay  Command
03:13:34 AM  1010   3183030 4756.00 1644.00    0.00    0.00 6400.00    14 555658.00      0.00 65269452 64752664  13.08      0.00      0.00      0.00       0  vaultx

# Time        UID       PID    %usr %system  %guest   %wait    %CPU   CPU  minflt/s  majflt/s     VSZ     RSS   %MEM   kB_rd/s   kB_wr/s kB_ccwr/s iodelay  Command
03:13:35 AM  1010   3183030 5065.00 1333.00    0.00    0.00 6398.00    14 507089.00      0.00 65269452 64752664  13.08      0.00      0.00      0.00       0  vaultx

# Time        UID       PID    %usr %system  %guest   %wait    %CPU   CPU  minflt/s  majflt/s     VSZ     RSS   %MEM   kB_rd/s   kB_wr/s kB_ccwr/s iodelay  Command
03:13:36 AM  1010   3183030 4932.00 1468.00    0.00    0.00 6400.00    14 527927.00      0.00 65269452 64752664  13.08      0.00      0.00      0.00       0  vaultx

# Time        UID       PID    %usr %system  %guest   %wait    %CPU   CPU  minflt/s  majflt/s     VSZ     RSS   %MEM   kB_rd/s   kB_wr/s kB_ccwr/s iodelay  Command
03:13:37 AM  1010   3183030 5206.00 1193.00    0.00    0.00 6399.00    14 467770.00      0.00 65269452 64752664  13.08      0.00      0.00      0.00       0  vaultx

# Time        UID       PID    %usr %system  %guest   %wait    %CPU   CPU  minflt/s  majflt/s     VSZ     RSS   %MEM   kB_rd/s   kB_wr/s kB_ccwr/s iodelay  Command
03:13:38 AM  1010   3183030 5003.00 1397.00    0.00    0.00 6400.00    14 508700.00      0.00 65269452 64752664  13.08      0.00      0.00      0.00       0  vaultx

# Time        UID       PID    %usr %system  %guest   %wait    %CPU   CPU  minflt/s  majflt/s     VSZ     RSS   %MEM   kB_rd/s   kB_wr/s kB_ccwr/s iodelay  Command
03:13:39 AM  1010   3183030 5083.00 1317.00    0.00    0.00 6400.00    14 505090.00      0.00 65269452 64752664  13.08      0.00      0.00      0.00       0  vaultx

# Time        UID       PID    %usr %system  %guest   %wait    %CPU   CPU  minflt/s  majflt/s     VSZ     RSS   %MEM   kB_rd/s   kB_wr/s kB_ccwr/s iodelay  Command
03:13:40 AM  1010   3183030 5359.00 1040.00    0.00    0.00 6399.00    14 446909.00      0.00 65269452 64752664  13.08      0.00      0.00      0.00       0  vaultx

# Time        UID       PID    %usr %system  %guest   %wait    %CPU   CPU  minflt/s  majflt/s     VSZ     RSS   %MEM   kB_rd/s   kB_wr/s kB_ccwr/s iodelay  Command
03:13:41 AM  1010   3183030 5340.00 1060.00    0.00    0.00 6400.00    14 446813.00      0.00 65269452 64752664  13.08      0.00      0.00      0.00       0  vaultx

# Time        UID       PID    %usr %system  %guest   %wait    %CPU   CPU  minflt/s  majflt/s     VSZ     RSS   %MEM   kB_rd/s   kB_wr/s kB_ccwr/s iodelay  Command
03:13:42 AM  1010   3183030 5280.00 1120.00    0.00    0.00 6400.00    14 465241.00      0.00 65269452 64752664  13.08      0.00      0.00      0.00       0  vaultx

# Time        UID       PID    %usr %system  %guest   %wait    %CPU   CPU  minflt/s  majflt/s     VSZ     RSS   %MEM   kB_rd/s   kB_wr/s kB_ccwr/s iodelay  Command
03:13:43 AM  1010   3183030 5299.00 1100.00    0.00    0.00 6399.00    14 448436.00      0.00 65269452 64752664  13.08      0.00      0.00      0.00       0  vaultx

# Time        UID       PID    %usr %system  %guest   %wait    %CPU   CPU  minflt/s  majflt/s     VSZ     RSS   %MEM   kB_rd/s   kB_wr/s kB_ccwr/s iodelay  Command
03:13:44 AM  1010   3183030 4911.00 1489.00    0.00    0.00 6400.00    14 548371.00      0.00 65269452 64752664  13.08      0.00      0.00      0.00       0  vaultx

# Time        UID       PID    %usr %system  %guest   %wait    %CPU   CPU  minflt/s  majflt/s     VSZ     RSS   %MEM   kB_rd/s   kB_wr/s kB_ccwr/s iodelay  Command
03:13:45 AM  1010   3183030 4884.00 1516.00    0.00    0.00 6400.00    14 546456.00      0.00 65269452 64752664  13.08      0.00      0.00      0.00       0  vaultx

# Time        UID       PID    %usr %system  %guest   %wait    %CPU   CPU  minflt/s  majflt/s     VSZ     RSS   %MEM   kB_rd/s   kB_wr/s kB_ccwr/s iodelay  Command
03:13:46 AM  1010   3183030 5521.00  904.00    0.00    0.00 6425.00    14 412581.00      0.00 65269452 64752664  13.08      0.00      0.00      0.00       0  vaultx

# Time        UID       PID    %usr %system  %guest   %wait    %CPU   CPU  minflt/s  majflt/s     VSZ     RSS   %MEM   kB_rd/s   kB_wr/s kB_ccwr/s iodelay  Command
03:13:47 AM  1010   3183030 5587.00  813.00    0.00    0.00 6400.00    14 381047.00      0.00 65269452 64752664  13.08      0.00      0.00      0.00       0  vaultx

# Time        UID       PID    %usr %system  %guest   %wait    %CPU   CPU  minflt/s  majflt/s     VSZ     RSS   %MEM   kB_rd/s   kB_wr/s kB_ccwr/s iodelay  Command
03:13:48 AM  1010   3183030 5668.00  731.00    0.00    0.00 6399.00    14 361645.00      0.00 65269452 64752664  13.08      0.00      0.00      0.00       0  vaultx

# Time        UID       PID    %usr %system  %guest   %wait    %CPU   CPU  minflt/s  majflt/s     VSZ     RSS   %MEM   kB_rd/s   kB_wr/s kB_ccwr/s iodelay  Command
03:13:49 AM  1010   3183030 5398.00 1002.00    0.00    0.00 6400.00    14 432153.00      0.00 65269452 64752664  13.08      0.00      0.00      0.00       0  vaultx

# Time        UID       PID    %usr %system  %guest   %wait    %CPU   CPU  minflt/s  majflt/s     VSZ     RSS   %MEM   kB_rd/s   kB_wr/s kB_ccwr/s iodelay  Command
03:13:50 AM  1010   3183030 4834.00 1566.00    0.00    0.00 6400.00    14 552889.00      0.00 65269452 64752664  13.08      0.00      0.00      0.00       0  vaultx

# Time        UID       PID    %usr %system  %guest   %wait    %CPU   CPU  minflt/s  majflt/s     VSZ     RSS   %MEM   kB_rd/s   kB_wr/s kB_ccwr/s iodelay  Command
03:13:51 AM  1010   3183030 5257.00 1142.00    0.00    0.00 6399.00    78 470447.00      0.00 65269452 64752664  13.08      0.00      0.00      0.00       0  vaultx

# Time        UID       PID    %usr %system  %guest   %wait    %CPU   CPU  minflt/s  majflt/s     VSZ     RSS   %MEM   kB_rd/s   kB_wr/s kB_ccwr/s iodelay  Command
03:13:52 AM  1010   3183030 5179.00 1221.00    0.00    0.00 6400.00    14 484282.00      0.00 65269452 64752664  13.08      0.00      0.00      0.00       0  vaultx

# Time        UID       PID    %usr %system  %guest   %wait    %CPU   CPU  minflt/s  majflt/s     VSZ     RSS   %MEM   kB_rd/s   kB_wr/s kB_ccwr/s iodelay  Command
03:13:53 AM  1010   3183030 5347.00 1052.00    0.00    0.00 6399.00    14 461762.00      0.00 65269452 64752664  13.08      0.00      0.00      0.00       0  vaultx

# Time        UID       PID    %usr %system  %guest   %wait    %CPU   CPU  minflt/s  majflt/s     VSZ     RSS   %MEM   kB_rd/s   kB_wr/s kB_ccwr/s iodelay  Command
03:13:54 AM  1010   3183030 5420.00  980.00    0.00    0.00 6400.00    14 435228.00      0.00 65269452 64752664  13.08      0.00      0.00      0.00       0  vaultx

# Time        UID       PID    %usr %system  %guest   %wait    %CPU   CPU  minflt/s  majflt/s     VSZ     RSS   %MEM   kB_rd/s   kB_wr/s kB_ccwr/s iodelay  Command
03:13:55 AM  1010   3183030 5255.00 1145.00    0.00    0.00 6400.00    14 474464.00      0.00 65269452 64752664  13.08      0.00      0.00      0.00       0  vaultx

# Time        UID       PID    %usr %system  %guest   %wait    %CPU   CPU  minflt/s  majflt/s     VSZ     RSS   %MEM   kB_rd/s   kB_wr/s kB_ccwr/s iodelay  Command
03:13:56 AM  1010   3183030 5165.00 1235.00    0.00    0.00 6400.00    14 497714.00      0.00 65269452 64752664  13.08      0.00      0.00      0.00       0  vaultx

# Time        UID       PID    %usr %system  %guest   %wait    %CPU   CPU  minflt/s  majflt/s     VSZ     RSS   %MEM   kB_rd/s   kB_wr/s kB_ccwr/s iodelay  Command
03:13:57 AM  1010   3183030 5747.00  653.00    0.00    0.00 6400.00    14 478337.00      0.00 65269452 64752664  13.08      0.00      0.00      0.00       0  vaultx

# Time        UID       PID    %usr %system  %guest   %wait    %CPU   CPU  minflt/s  majflt/s     VSZ     RSS   %MEM   kB_rd/s   kB_wr/s kB_ccwr/s iodelay  Command
03:13:58 AM  1010   3183030 5818.00  581.00    0.00    0.00 6399.00    14 514795.00      0.00 65269452 64752664  13.08      0.00      0.00      0.00       0  vaultx

# Time        UID       PID    %usr %system  %guest   %wait    %CPU   CPU  minflt/s  majflt/s     VSZ     RSS   %MEM   kB_rd/s   kB_wr/s kB_ccwr/s iodelay  Command
03:13:59 AM  1010   3183030 6016.00  384.00    0.00    0.00 6400.00    14 412184.00      0.00 65269452 64752664  13.08      0.00      0.00      0.00       0  vaultx

# Time        UID       PID    %usr %system  %guest   %wait    %CPU   CPU  minflt/s  majflt/s     VSZ     RSS   %MEM   kB_rd/s   kB_wr/s kB_ccwr/s iodelay  Command
03:14:00 AM  1010   3183030 5666.00  733.00    0.00    0.00 6399.00    14 570541.00      0.00 65269452 64752664  13.08      0.00      0.00      0.00       0  vaultx

# Time        UID       PID    %usr %system  %guest   %wait    %CPU   CPU  minflt/s  majflt/s     VSZ     RSS   %MEM   kB_rd/s   kB_wr/s kB_ccwr/s iodelay  Command
03:14:01 AM  1010   3183030 5662.00  738.00    0.00    0.00 6400.00    14 608680.00      0.00 65269452 64752664  13.08      0.00      0.00      0.00       0  vaultx

# Time        UID       PID    %usr %system  %guest   %wait    %CPU   CPU  minflt/s  majflt/s     VSZ     RSS   %MEM   kB_rd/s   kB_wr/s kB_ccwr/s iodelay  Command
03:14:02 AM  1010   3183030 5953.00  447.00    0.00    0.00 6400.00    14 455765.00      0.00 65269452 64752664  13.08      0.00      0.00      0.00       0  vaultx

# Time        UID       PID    %usr %system  %guest   %wait    %CPU   CPU  minflt/s  majflt/s     VSZ     RSS   %MEM   kB_rd/s   kB_wr/s kB_ccwr/s iodelay  Command
03:14:03 AM  1010   3183030 5883.00  517.00    0.00    0.00 6400.00    78 498533.00      0.00 65269452 64752664  13.08      0.00      0.00      0.00       0  vaultx

# Time        UID       PID    %usr %system  %guest   %wait    %CPU   CPU  minflt/s  majflt/s     VSZ     RSS   %MEM   kB_rd/s   kB_wr/s kB_ccwr/s iodelay  Command
03:14:04 AM  1010   3183030 5937.00  462.00    0.00    0.00 6399.00    78 473481.00      0.00 65269452 64752664  13.08      0.00      0.00      0.00       0  vaultx

# Time        UID       PID    %usr %system  %guest   %wait    %CPU   CPU  minflt/s  majflt/s     VSZ     RSS   %MEM   kB_rd/s   kB_wr/s kB_ccwr/s iodelay  Command
03:14:05 AM  1010   3183030 6039.00  361.00    0.00    0.00 6400.00    78 392046.00      0.00 65269452 64752664  13.08      0.00      0.00      0.00       0  vaultx

# Time        UID       PID    %usr %system  %guest   %wait    %CPU   CPU  minflt/s  majflt/s     VSZ     RSS   %MEM   kB_rd/s   kB_wr/s kB_ccwr/s iodelay  Command
03:14:06 AM  1010   3183030 5787.00  612.00    0.00    0.00 6399.00    14 208525.00      0.00 65269452 64752664  13.08      0.00      0.00      0.00       0  vaultx

# Time        UID       PID    %usr %system  %guest   %wait    %CPU   CPU  minflt/s  majflt/s     VSZ     RSS   %MEM   kB_rd/s   kB_wr/s kB_ccwr/s iodelay  Command
03:14:07 AM  1010   3183030 6316.00   84.00    0.00    0.00 6400.00    14 110649.00      0.00 65269452 64752664  13.08      0.00      0.00      0.00       0  vaultx

# Time        UID       PID    %usr %system  %guest   %wait    %CPU   CPU  minflt/s  majflt/s     VSZ     RSS   %MEM   kB_rd/s   kB_wr/s kB_ccwr/s iodelay  Command
03:14:08 AM  1010   3183030 6195.00  205.00    0.00    0.00 6400.00    14 291995.00      0.00 65269452 64752664  13.08      0.00      0.00      0.00       0  vaultx

# Time        UID       PID    %usr %system  %guest   %wait    %CPU   CPU  minflt/s  majflt/s     VSZ     RSS   %MEM   kB_rd/s   kB_wr/s kB_ccwr/s iodelay  Command
03:14:09 AM  1010   3183030 6194.00  206.00    0.00    0.00 6400.00    14 278151.00      0.00 65269452 64752664  13.08      0.00      0.00      0.00       0  vaultx

# Time        UID       PID    %usr %system  %guest   %wait    %CPU   CPU  minflt/s  majflt/s     VSZ     RSS   %MEM   kB_rd/s   kB_wr/s kB_ccwr/s iodelay  Command
03:14:10 AM  1010   3183030 6252.00  146.00    0.00    0.00 6398.00    78 208065.00      0.00 65269452 64752664  13.08      0.00      0.00      0.00       0  vaultx

# Time        UID       PID    %usr %system  %guest   %wait    %CPU   CPU  minflt/s  majflt/s     VSZ     RSS   %MEM   kB_rd/s   kB_wr/s kB_ccwr/s iodelay  Command
03:14:11 AM  1010   3183030 6242.00  158.00    0.00    0.00 6400.00    78 244736.00      0.00 65269452 64752664  13.08      0.00      0.00      0.00       0  vaultx

# Time        UID       PID    %usr %system  %guest   %wait    %CPU   CPU  minflt/s  majflt/s     VSZ     RSS   %MEM   kB_rd/s   kB_wr/s kB_ccwr/s iodelay  Command
03:14:12 AM  1010   3183030 6226.00  174.00    0.00    0.00 6400.00    14 257963.00      0.00 65269452 64752664  13.08      0.00      0.00      0.00       0  vaultx

# Time        UID       PID    %usr %system  %guest   %wait    %CPU   CPU  minflt/s  majflt/s     VSZ     RSS   %MEM   kB_rd/s   kB_wr/s kB_ccwr/s iodelay  Command
03:14:13 AM  1010   3183030 6187.00  207.00    0.00    0.00 6394.00    14 299557.00    128.00 65269452 64752664  13.08      0.00      0.00      0.00       0  vaultx

# Time        UID       PID    %usr %system  %guest   %wait    %CPU   CPU  minflt/s  majflt/s     VSZ     RSS   %MEM   kB_rd/s   kB_wr/s kB_ccwr/s iodelay  Command
03:14:14 AM  1010   3183030 6142.00  257.00    0.00    0.00 6399.00    14 350818.00      0.00 65269452 64752664  13.08      0.00      0.00      0.00       0  vaultx

# Time        UID       PID    %usr %system  %guest   %wait    %CPU   CPU  minflt/s  majflt/s     VSZ     RSS   %MEM   kB_rd/s   kB_wr/s kB_ccwr/s iodelay  Command
03:14:15 AM  1010   3183030 6168.00  232.00    0.00    0.00 6400.00    14 330930.00      0.00 65269452 64752664  13.08      0.00      0.00      0.00       0  vaultx

# Time        UID       PID    %usr %system  %guest   %wait    %CPU   CPU  minflt/s  majflt/s     VSZ     RSS   %MEM   kB_rd/s   kB_wr/s kB_ccwr/s iodelay  Command
03:14:16 AM  1010   3183030 6294.00  107.00    0.00    1.00 6401.00    14 177209.00      0.00 65269452 64752664  13.08      0.00      0.00      0.00       0  vaultx

# Time        UID       PID    %usr %system  %guest   %wait    %CPU   CPU  minflt/s  majflt/s     VSZ     RSS   %MEM   kB_rd/s   kB_wr/s kB_ccwr/s iodelay  Command
03:14:17 AM  1010   3183030 6241.00  158.00    0.00    0.00 6399.00    14 242134.00      0.00 65269452 64752664  13.08      0.00      0.00      0.00       0  vaultx

# Time        UID       PID    %usr %system  %guest   %wait    %CPU   CPU  minflt/s  majflt/s     VSZ     RSS   %MEM   kB_rd/s   kB_wr/s kB_ccwr/s iodelay  Command
03:14:18 AM  1010   3183030 6205.00  195.00    0.00    0.00 6400.00    14 275415.00      0.00 65269452 64752664  13.08      0.00      0.00      0.00       0  vaultx

# Time        UID       PID    %usr %system  %guest   %wait    %CPU   CPU  minflt/s  majflt/s     VSZ     RSS   %MEM   kB_rd/s   kB_wr/s kB_ccwr/s iodelay  Command
03:14:19 AM  1010   3183030 6246.00  153.00    0.00    0.00 6399.00    14 240887.00      0.00 65269452 64752664  13.08      0.00      0.00      0.00       0  vaultx

# Time        UID       PID    %usr %system  %guest   %wait    %CPU   CPU  minflt/s  majflt/s     VSZ     RSS   %MEM   kB_rd/s   kB_wr/s kB_ccwr/s iodelay  Command
03:14:20 AM  1010   3183030 6110.00  160.00    0.00    0.00 6270.00    14 250153.00      0.00 65269452 64752664  13.08      0.00      0.00      0.00       0  vaultx

# Time        UID       PID    %usr %system  %guest   %wait    %CPU   CPU  minflt/s  majflt/s     VSZ     RSS   %MEM   kB_rd/s   kB_wr/s kB_ccwr/s iodelay  Command
03:14:21 AM  1010   3183030 5805.00   96.00    0.00    0.00 5901.00    14 157656.00      0.00 65269452 64752664  13.08      0.00      0.00      0.00       0  vaultx

# Time        UID       PID    %usr %system  %guest   %wait    %CPU   CPU  minflt/s  majflt/s     VSZ     RSS   %MEM   kB_rd/s   kB_wr/s kB_ccwr/s iodelay  Command
03:14:22 AM  1010   3183030 5648.00  173.00    0.00    0.00 5821.00    17 232541.00      0.00 65269452 64752664  13.08      0.00      0.00      0.00       0  vaultx

# Time        UID       PID    %usr %system  %guest   %wait    %CPU   CPU  minflt/s  majflt/s     VSZ     RSS   %MEM   kB_rd/s   kB_wr/s kB_ccwr/s iodelay  Command
03:14:23 AM  1010   3183030 5617.00  182.00    0.00    0.00 5799.00    17 249150.00      0.00 65269452 64752664  13.08      0.00      0.00      0.00       0  vaultx

# Time        UID       PID    %usr %system  %guest   %wait    %CPU   CPU  minflt/s  majflt/s     VSZ     RSS   %MEM   kB_rd/s   kB_wr/s kB_ccwr/s iodelay  Command
03:14:24 AM  1010   3183030 5644.00  156.00    0.00    0.00 5800.00    17 259164.00      0.00 65269452 64752664  13.08      0.00      0.00      0.00       0  vaultx

# Time        UID       PID    %usr %system  %guest   %wait    %CPU   CPU  minflt/s  majflt/s     VSZ     RSS   %MEM   kB_rd/s   kB_wr/s kB_ccwr/s iodelay  Command
03:14:25 AM  1010   3183030 5741.00   59.00    0.00    0.00 5800.00    17  94195.00      0.00 65269452 64752664  13.08      0.00      0.00      0.00       0  vaultx

# Time        UID       PID    %usr %system  %guest   %wait    %CPU   CPU  minflt/s  majflt/s     VSZ     RSS   %MEM   kB_rd/s   kB_wr/s kB_ccwr/s iodelay  Command
03:14:26 AM  1010   3183030 5556.00  244.00    0.00    0.00 5800.00    17 335507.00      0.00 65269452 64752664  13.08      0.00      0.00      0.00       0  vaultx

# Time        UID       PID    %usr %system  %guest   %wait    %CPU   CPU  minflt/s  majflt/s     VSZ     RSS   %MEM   kB_rd/s   kB_wr/s kB_ccwr/s iodelay  Command
03:14:27 AM  1010   3183030 5580.00  219.00    0.00    0.00 5799.00    17 320207.00      0.00 65269452 64752664  13.08      0.00      0.00      0.00       0  vaultx

# Time        UID       PID    %usr %system  %guest   %wait    %CPU   CPU  minflt/s  majflt/s     VSZ     RSS   %MEM   kB_rd/s   kB_wr/s kB_ccwr/s iodelay  Command
03:14:28 AM  1010   3183030 5633.00  167.00    0.00    0.00 5800.00    17 273732.00      0.00 65269452 64752664  13.08      0.00      0.00      0.00       0  vaultx

# Time        UID       PID    %usr %system  %guest   %wait    %CPU   CPU  minflt/s  majflt/s     VSZ     RSS   %MEM   kB_rd/s   kB_wr/s kB_ccwr/s iodelay  Command
03:14:29 AM  1010   3183030 5542.00  174.00    0.00    0.00 5716.00    81 258532.00      0.00 65269452 64752664  13.08      0.00      0.00      0.00       0  vaultx

# Time        UID       PID    %usr %system  %guest   %wait    %CPU   CPU  minflt/s  majflt/s     VSZ     RSS   %MEM   kB_rd/s   kB_wr/s kB_ccwr/s iodelay  Command
03:14:30 AM  1010   3183030 5490.00  200.00    0.00    0.00 5690.00    17 309451.00      0.00 65269452 64752664  13.08      0.00      0.00      0.00       0  vaultx

# Time        UID       PID    %usr %system  %guest   %wait    %CPU   CPU  minflt/s  majflt/s     VSZ     RSS   %MEM   kB_rd/s   kB_wr/s kB_ccwr/s iodelay  Command
03:14:31 AM  1010   3183030 5452.00  148.00    0.00    0.00 5600.00    17 238391.00      0.00 65269452 64752664  13.08      0.00      0.00      0.00       0  vaultx

# Time        UID       PID    %usr %system  %guest   %wait    %CPU   CPU  minflt/s  majflt/s     VSZ     RSS   %MEM   kB_rd/s   kB_wr/s kB_ccwr/s iodelay  Command
03:14:32 AM  1010   3183030 5473.00  127.00    0.00    0.00 5600.00    17 194551.00      0.00 65269452 64752664  13.08      0.00      0.00      0.00       0  vaultx

# Time        UID       PID    %usr %system  %guest   %wait    %CPU   CPU  minflt/s  majflt/s     VSZ     RSS   %MEM   kB_rd/s   kB_wr/s kB_ccwr/s iodelay  Command
03:14:33 AM  1010   3183030 5446.00  153.00    0.00    0.00 5599.00    17 274631.00      0.00 65269452 64752664  13.08      0.00      0.00      0.00       0  vaultx

# Time        UID       PID    %usr %system  %guest   %wait    %CPU   CPU  minflt/s  majflt/s     VSZ     RSS   %MEM   kB_rd/s   kB_wr/s kB_ccwr/s iodelay  Command
03:14:34 AM  1010   3183030 5503.00   98.00    0.00    0.00 5601.00    17 180277.00      0.00 65269452 64752664  13.08      0.00      0.00      0.00       0  vaultx

# Time        UID       PID    %usr %system  %guest   %wait    %CPU   CPU  minflt/s  majflt/s     VSZ     RSS   %MEM   kB_rd/s   kB_wr/s kB_ccwr/s iodelay  Command
03:14:35 AM  1010   3183030 5528.00   70.00    0.00    0.00 5598.00    17 131455.00      0.00 65269452 64752664  13.08      0.00      0.00      0.00       0  vaultx

# Time        UID       PID    %usr %system  %guest   %wait    %CPU   CPU  minflt/s  majflt/s     VSZ     RSS   %MEM   kB_rd/s   kB_wr/s kB_ccwr/s iodelay  Command
03:14:36 AM  1010   3183030 5522.00   79.00    0.00    0.00 5601.00    17 122481.00      0.00 65269452 64752664  13.08      0.00      0.00      0.00       0  vaultx

# Time        UID       PID    %usr %system  %guest   %wait    %CPU   CPU  minflt/s  majflt/s     VSZ     RSS   %MEM   kB_rd/s   kB_wr/s kB_ccwr/s iodelay  Command
03:14:37 AM  1010   3183030 5486.00  113.00    0.00    0.00 5599.00    17 173097.00      0.00 65269452 64752664  13.08      0.00      0.00      0.00       0  vaultx

# Time        UID       PID    %usr %system  %guest   %wait    %CPU   CPU  minflt/s  majflt/s     VSZ     RSS   %MEM   kB_rd/s   kB_wr/s kB_ccwr/s iodelay  Command
03:14:38 AM  1010   3183030 5516.00   84.00    0.00    0.00 5600.00    17 161264.00      0.00 65269452 64752664  13.08      0.00      0.00      0.00       0  vaultx

# Time        UID       PID    %usr %system  %guest   %wait    %CPU   CPU  minflt/s  majflt/s     VSZ     RSS   %MEM   kB_rd/s   kB_wr/s kB_ccwr/s iodelay  Command
03:14:39 AM  1010   3183030 5470.00  130.00    0.00    0.00 5600.00    17 217848.00      0.00 65269452 64752664  13.08      0.00      0.00      0.00       0  vaultx

# Time        UID       PID    %usr %system  %guest   %wait    %CPU   CPU  minflt/s  majflt/s     VSZ     RSS   %MEM   kB_rd/s   kB_wr/s kB_ccwr/s iodelay  Command
03:14:40 AM  1010   3183030 5482.00  140.00    0.00    0.00 5622.00    17 227077.00      0.00 65269452 64752664  13.08      0.00      0.00      0.00       0  vaultx

# Time        UID       PID    %usr %system  %guest   %wait    %CPU   CPU  minflt/s  majflt/s     VSZ     RSS   %MEM   kB_rd/s   kB_wr/s kB_ccwr/s iodelay  Command
03:14:41 AM  1010   3183030 5472.00   72.00    0.00    0.00 5544.00    17 130607.00      0.00 65269452 64752664  13.08      0.00      0.00      0.00       0  vaultx

# Time        UID       PID    %usr %system  %guest   %wait    %CPU   CPU  minflt/s  majflt/s     VSZ     RSS   %MEM   kB_rd/s   kB_wr/s kB_ccwr/s iodelay  Command
03:14:42 AM  1010   3183030 5366.00   76.00    0.00    0.00 5442.00    17 128894.00      0.00 65269452 64752664  13.08      0.00      0.00      0.00       0  vaultx

# Time        UID       PID    %usr %system  %guest   %wait    %CPU   CPU  minflt/s  majflt/s     VSZ     RSS   %MEM   kB_rd/s   kB_wr/s kB_ccwr/s iodelay  Command
03:14:43 AM  1010   3183030 5262.00  138.00    0.00    0.00 5400.00    17 228759.00      0.00 65269452 64752664  13.08      0.00      0.00      0.00       0  vaultx

# Time        UID       PID    %usr %system  %guest   %wait    %CPU   CPU  minflt/s  majflt/s     VSZ     RSS   %MEM   kB_rd/s   kB_wr/s kB_ccwr/s iodelay  Command
03:14:44 AM  1010   3183030 5253.00   70.00    0.00    0.00 5323.00    17 101864.00      0.00 65269452 64752664  13.08      0.00      0.00      0.00       0  vaultx

# Time        UID       PID    %usr %system  %guest   %wait    %CPU   CPU  minflt/s  majflt/s     VSZ     RSS   %MEM   kB_rd/s   kB_wr/s kB_ccwr/s iodelay  Command
03:14:45 AM  1010   3183030 4970.00  110.00    0.00    0.00 5080.00    17 205469.00      0.00 65269452 64752664  13.08      0.00      0.00      0.00       0  vaultx

# Time        UID       PID    %usr %system  %guest   %wait    %CPU   CPU  minflt/s  majflt/s     VSZ     RSS   %MEM   kB_rd/s   kB_wr/s kB_ccwr/s iodelay  Command
03:14:46 AM  1010   3183030 4378.00   58.00    0.00    0.00 4436.00    17  84571.00      0.00 65269452 64752664  13.08      0.00      0.00      0.00       0  vaultx

# Time        UID       PID    %usr %system  %guest   %wait    %CPU   CPU  minflt/s  majflt/s     VSZ     RSS   %MEM   kB_rd/s   kB_wr/s kB_ccwr/s iodelay  Command
03:14:47 AM  1010   3183030 4170.00  125.00    0.00    0.00 4295.00    17 232271.00      0.00 65269452 64752664  13.08      0.00      0.00      0.00       0  vaultx

# Time        UID       PID    %usr %system  %guest   %wait    %CPU   CPU  minflt/s  majflt/s     VSZ     RSS   %MEM   kB_rd/s   kB_wr/s kB_ccwr/s iodelay  Command
03:14:48 AM  1010   3183030 3955.00  125.00    0.00    0.00 4080.00    17 216541.00      0.00 65269452 64752664  13.08      0.00      0.00      0.00       0  vaultx

# Time        UID       PID    %usr %system  %guest   %wait    %CPU   CPU  minflt/s  majflt/s     VSZ     RSS   %MEM   kB_rd/s   kB_wr/s kB_ccwr/s iodelay  Command
03:14:49 AM  1010   3183030 3096.00   63.00    0.00    0.00 3159.00    17 123841.00      0.00 65269452 64752664  13.08      0.00      0.00      0.00       0  vaultx

# Time        UID       PID    %usr %system  %guest   %wait    %CPU   CPU  minflt/s  majflt/s     VSZ     RSS   %MEM   kB_rd/s   kB_wr/s kB_ccwr/s iodelay  Command
03:14:50 AM  1010   3183030 2834.00   66.00    0.00    0.00 2900.00    17 135482.00      0.00 65269452 64752664  13.08      0.00      0.00      0.00       0  vaultx

# Time        UID       PID    %usr %system  %guest   %wait    %CPU   CPU  minflt/s  majflt/s     VSZ     RSS   %MEM   kB_rd/s   kB_wr/s kB_ccwr/s iodelay  Command
03:14:51 AM  1010   3183030 2747.00   56.00    0.00    0.00 2803.00    17 110861.00      0.00 65269452 64752664  13.08      0.00      0.00      0.00       0  vaultx

# Time        UID       PID    %usr %system  %guest   %wait    %CPU   CPU  minflt/s  majflt/s     VSZ     RSS   %MEM   kB_rd/s   kB_wr/s kB_ccwr/s iodelay  Command
03:14:52 AM  1010   3183030 2516.00   36.00    0.00    0.00 2552.00    17  82040.00      0.00 65269452 64752664  13.08      0.00      0.00      0.00       0  vaultx

# Time        UID       PID    %usr %system  %guest   %wait    %CPU   CPU  minflt/s  majflt/s     VSZ     RSS   %MEM   kB_rd/s   kB_wr/s kB_ccwr/s iodelay  Command
03:14:53 AM  1010   3183030 2174.00   63.00    0.00    0.00 2237.00    17 131374.00      0.00 65269452 64752664  13.08      0.00      0.00      0.00       0  vaultx

# Time        UID       PID    %usr %system  %guest   %wait    %CPU   CPU  minflt/s  majflt/s     VSZ     RSS   %MEM   kB_rd/s   kB_wr/s kB_ccwr/s iodelay  Command
03:14:54 AM  1010   3183030 1910.00   64.00    0.00    0.00 1974.00    17 146158.00      0.00 65269452 64752664  13.08      0.00      0.00      0.00       0  vaultx

# Time        UID       PID    %usr %system  %guest   %wait    %CPU   CPU  minflt/s  majflt/s     VSZ     RSS   %MEM   kB_rd/s   kB_wr/s kB_ccwr/s iodelay  Command
03:14:55 AM  1010   3183030 1745.00   27.00    0.00    0.00 1772.00    17  68648.00      0.00 65269452 64752664  13.08      0.00      0.00      0.00       0  vaultx

# Time        UID       PID    %usr %system  %guest   %wait    %CPU   CPU  minflt/s  majflt/s     VSZ     RSS   %MEM   kB_rd/s   kB_wr/s kB_ccwr/s iodelay  Command
03:14:56 AM  1010   3183030 1398.00   15.00    0.00    0.00 1413.00    17  36820.00      0.00 65269452 64752664  13.08      0.00      0.00      0.00       0  vaultx

# Time        UID       PID    %usr %system  %guest   %wait    %CPU   CPU  minflt/s  majflt/s     VSZ     RSS   %MEM   kB_rd/s   kB_wr/s kB_ccwr/s iodelay  Command
03:14:57 AM  1010   3183030  612.00    9.00    0.00    0.00  621.00    17  18668.00      0.00 65269452 64752664  13.08      0.00      0.00      0.00       0  vaultx

# Time        UID       PID    %usr %system  %guest   %wait    %CPU   CPU  minflt/s  majflt/s     VSZ     RSS   %MEM   kB_rd/s   kB_wr/s kB_ccwr/s iodelay  Command
03:14:58 AM  1010   3183030   12.00  105.00    0.00    0.00  117.00    17   1189.00      1.00       0       0   0.00     -1.00     -1.00     -1.00       0  vaultx

# Time        UID       PID    %usr %system  %guest   %wait    %CPU   CPU  minflt/s  majflt/s     VSZ     RSS   %MEM   kB_rd/s   kB_wr/s kB_ccwr/s iodelay  Command
03:14:59 AM  1010   3183030    0.00  100.00    0.00    0.00  100.00    17      0.00      0.00       0       0   0.00     -1.00     -1.00     -1.00       0  vaultx

# Time        UID       PID    %usr %system  %guest   %wait    %CPU   CPU  minflt/s  majflt/s     VSZ     RSS   %MEM   kB_rd/s   kB_wr/s kB_ccwr/s iodelay  Command
03:15:00 AM  1010   3183030    0.00  100.00    0.00    0.00  100.00    17      0.00      0.00       0       0   0.00     -1.00     -1.00     -1.00       0  vaultx

# Time        UID       PID    %usr %system  %guest   %wait    %CPU   CPU  minflt/s  majflt/s     VSZ     RSS   %MEM   kB_rd/s   kB_wr/s kB_ccwr/s iodelay  Command
03:15:01 AM  1010   3183030    0.00   99.00    0.00    0.00   99.00    17      0.00      0.00       0       0   0.00     -1.00     -1.00     -1.00       0  vaultx

# Time        UID       PID    %usr %system  %guest   %wait    %CPU   CPU  minflt/s  majflt/s     VSZ     RSS   %MEM   kB_rd/s   kB_wr/s kB_ccwr/s iodelay  Command
03:15:02 AM  1010   3183030    0.00  100.00    0.00    0.00  100.00    17      0.00      0.00       0       0   0.00     -1.00     -1.00     -1.00       0  vaultx

# Time        UID       PID    %usr %system  %guest   %wait    %CPU   CPU  minflt/s  majflt/s     VSZ     RSS   %MEM   kB_rd/s   kB_wr/s kB_ccwr/s iodelay  Command
03:15:03 AM  1010   3183030    0.00  100.00    0.00    0.00  100.00    17      0.00      0.00       0       0   0.00     -1.00     -1.00     -1.00       0  vaultx

# Time        UID       PID    %usr %system  %guest   %wait    %CPU   CPU  minflt/s  majflt/s     VSZ     RSS   %MEM   kB_rd/s   kB_wr/s kB_ccwr/s iodelay  Command
03:15:04 AM  1010   3183030    0.00  100.00    0.00    0.00  100.00    17      0.00      0.00       0       0   0.00     -1.00     -1.00     -1.00       0  vaultx

# Time        UID       PID    %usr %system  %guest   %wait    %CPU   CPU  minflt/s  majflt/s     VSZ     RSS   %MEM   kB_rd/s   kB_wr/s kB_ccwr/s iodelay  Command
03:15:05 AM  1010   3183030    0.00  100.00    0.00    0.00  100.00    17      0.00      0.00       0       0   0.00     -1.00     -1.00     -1.00       0  vaultx

# Time        UID       PID    %usr %system  %guest   %wait    %CPU   CPU  minflt/s  majflt/s     VSZ     RSS   %MEM   kB_rd/s   kB_wr/s kB_ccwr/s iodelay  Command
03:15:06 AM  1010   3183030    0.00  100.00    0.00    0.00  100.00    17      0.00      0.00       0       0   0.00     -1.00     -1.00     -1.00       0  vaultx

# Time        UID       PID    %usr %system  %guest   %wait    %CPU   CPU  minflt/s  majflt/s     VSZ     RSS   %MEM   kB_rd/s   kB_wr/s kB_ccwr/s iodelay  Command
03:15:07 AM  1010   3183030    0.00  100.00    0.00    0.00  100.00    17      0.00      0.00       0       0   0.00     -1.00     -1.00     -1.00       0  vaultx

# Time        UID       PID    %usr %system  %guest   %wait    %CPU   CPU  minflt/s  majflt/s     VSZ     RSS   %MEM   kB_rd/s   kB_wr/s kB_ccwr/s iodelay  Command
03:15:08 AM  1010   3183030    0.00  100.00    0.00    0.00  100.00    17      0.00      0.00       0       0   0.00     -1.00     -1.00     -1.00       0  vaultx

# Time        UID       PID    %usr %system  %guest   %wait    %CPU   CPU  minflt/s  majflt/s     VSZ     RSS   %MEM   kB_rd/s   kB_wr/s kB_ccwr/s iodelay  Command
03:15:09 AM  1010   3183030    0.00   99.00    0.00    0.00   99.00    17      0.00      0.00       0       0   0.00     -1.00     -1.00     -1.00       0  vaultx

# Time        UID       PID    %usr %system  %guest   %wait    %CPU   CPU  minflt/s  majflt/s     VSZ     RSS   %MEM   kB_rd/s   kB_wr/s kB_ccwr/s iodelay  Command
03:15:10 AM  1010   3183030    0.00  100.00    0.00    0.00  100.00    17      0.00      0.00       0       0   0.00     -1.00     -1.00     -1.00       0  vaultx

# Time        UID       PID    %usr %system  %guest   %wait    %CPU   CPU  minflt/s  majflt/s     VSZ     RSS   %MEM   kB_rd/s   kB_wr/s kB_ccwr/s iodelay  Command
03:15:11 AM  1010   3183030    0.00  100.00    0.00    0.00  100.00    17      0.00      0.00       0       0   0.00     -1.00     -1.00     -1.00       0  vaultx

# Time        UID       PID    %usr %system  %guest   %wait    %CPU   CPU  minflt/s  majflt/s     VSZ     RSS   %MEM   kB_rd/s   kB_wr/s kB_ccwr/s iodelay  Command
03:15:12 AM  1010   3183030    0.00  100.00    0.00    0.00  100.00    17      0.00      0.00       0       0   0.00     -1.00     -1.00     -1.00       0  vaultx

# Time        UID       PID    %usr %system  %guest   %wait    %CPU   CPU  minflt/s  majflt/s     VSZ     RSS   %MEM   kB_rd/s   kB_wr/s kB_ccwr/s iodelay  Command
03:15:13 AM  1010   3183030    0.00  100.00    0.00    0.00  100.00    17      0.00      0.00       0       0   0.00     -1.00     -1.00     -1.00       0  vaultx

# Time        UID       PID    %usr %system  %guest   %wait    %CPU   CPU  minflt/s  majflt/s     VSZ     RSS   %MEM   kB_rd/s   kB_wr/s kB_ccwr/s iodelay  Command
